Log file open, 11/27/17 08:47:17
LogInit:Display: Running engine for game: Supervivencia
LogPlatformFile: Not using cached read wrapper
LogInit:Display: RandInit(1684953059) SRandInit(1684953059).
LogTaskGraph: Started task graph with 5 named threads and 6 total threads with 1 sets of task threads.
LogStats: Stats thread started at 0.078902
LogInit: Using libcurl 7.47.1
LogInit:  - built for x86_64-pc-win32
LogInit:  - supports SSL with OpenSSL/1.0.2g
LogInit:  - supports HTTP deflate (compression) using libz 1.2.8
LogInit:  - other features:
LogInit:      CURL_VERSION_SSL
LogInit:      CURL_VERSION_LIBZ
LogInit:      CURL_VERSION_IPV6
LogInit:      CURL_VERSION_ASYNCHDNS
LogInit:      CURL_VERSION_LARGEFILE
LogInit:      CURL_VERSION_IDN
LogInit:  CurlRequestOptions (configurable via config and command line):
LogInit:  - bVerifyPeer = false  - Libcurl will NOT verify peer certificate
LogInit:  - bUseHttpProxy = false  - Libcurl will NOT use HTTP proxy
LogInit:  - bDontReuseConnections = false  - Libcurl will reuse connections
LogInit:  - CertBundlePath = nullptr  - Libcurl will use whatever was configured at build time.
LogInit: Build: ++UE4+Release-4.16-CL-3561208
LogInit: Engine Version: 4.16.3-3561208+++UE4+Release-4.16
LogInit: Compatible Engine Version: 4.16.0-3452394+++UE4+Release-4.16
LogInit: Net CL: 3452394
LogDevObjectVersion: Number of dev versions registered: 16
LogDevObjectVersion:   Dev-Blueprints (B0D832E4-1F89-4F0D-ACCF-7EB736FD4AA2): 9
LogDevObjectVersion:   Dev-Build (E1C64328-A22C-4D53-A36C-8E866417BD8C): 0
LogDevObjectVersion:   Dev-Core (375EC13C-06E4-48FB-B500-84F0262A717E): 2
LogDevObjectVersion:   Dev-Editor (E4B068ED-F494-42E9-A231-DA0B2E46BB41): 17
LogDevObjectVersion:   Dev-Framework (CFFC743F-43B0-4480-9391-14DF171D2073): 23
LogDevObjectVersion:   Dev-Mobile (B02B49B5-BB20-44E9-A304-32B752E40360): 0
LogDevObjectVersion:   Dev-Networking (A4E4105C-59A1-49B5-A7C5-40C4547EDFEE): 0
LogDevObjectVersion:   Dev-Online (39C831C9-5AE6-47DC-9A44-9C173E1C8E7C): 0
LogDevObjectVersion:   Dev-Physics (78F01B33-EBEA-4F98-B9B4-84EACCB95AA2): 0
LogDevObjectVersion:   Dev-Platform (6631380F-2D4D-43E0-8009-CF276956A95A): 0
LogDevObjectVersion:   Dev-Rendering (12F88B9F-8875-4AFC-A67C-D90C383ABD29): 15
LogDevObjectVersion:   Dev-Sequencer (7B5AE74C-D270-4C10-A958-57980B212A5A): 4
LogDevObjectVersion:   Dev-VR (D7296918-1DD6-4BDD-9DE2-64A83CC13884): 0
LogDevObjectVersion:   Dev-LoadTimes (C2A15278-BFE7-4AFE-6C17-90FF531DF755): 1
LogDevObjectVersion:   Private-Geometry (6EACA3D4-40EC-4CC1-B786-8BED09428FC5): 1
LogDevObjectVersion:   Dev-AnimPhys (29E575DD-E0A3-4627-9D10-D276232CDCEA): 3
LogInit: Compiled (64-bit): Jul 28 2017 11:49:47
LogInit: Compiled with Visual C++: 19.00.24215.01
LogInit: Build Configuration: Development
LogInit: Branch Name: ++UE4+Release-4.16
LogInit: Command line: -EpicPortal 
LogInit: Base directory: C:/Program Files/Epic Games/UE_4.16/Engine/Binaries/Win64/
LogInit: Installed Engine Build: 1
LogInit: Presizing for max 8388607 objects, including 0 objects not considered by GC, pre-allocating 0 bytes for permanent pool.
LogInit: Object subsystem initialized
[2017.11.27-07.47.18:444][  0]LogInit: Selected Device Profile: [Windows]
[2017.11.27-07.47.18:444][  0]LogInit: Applying CVar settings loaded from the selected device profile: [Windows]
[2017.11.27-07.47.18:462][  0]LogInit: Computer: DESKTOP-0PG52OH
[2017.11.27-07.47.18:462][  0]LogInit: User: jordansoy
[2017.11.27-07.47.18:462][  0]LogInit: CPU Page size=4096, Cores=2
[2017.11.27-07.47.18:462][  0]LogInit: High frequency timer resolution =2.531248 MHz
[2017.11.27-07.47.18:462][  0]LogMemory: Memory total: Physical=15.9GB (16GB approx)
[2017.11.27-07.47.18:462][  0]LogMemory: Platform Memory Stats for Windows
[2017.11.27-07.47.18:462][  0]LogMemory: Process Physical Memory: 273.35 MB used, 273.35 MB peak
[2017.11.27-07.47.18:462][  0]LogMemory: Process Virtual Memory: 266.50 MB used, 266.50 MB peak
[2017.11.27-07.47.18:462][  0]LogMemory: Physical Memory: 7153.37 MB used,  9090.54 MB free, 16243.91 MB total
[2017.11.27-07.47.18:462][  0]LogMemory: Virtual Memory: 642.39 MB used,  9090.54 MB free, 134217728.00 MB total
[2017.11.27-07.47.18:531][  0]LogInit: Overriding language with editor language configuration option (en).
[2017.11.27-07.47.18:531][  0]LogInit: Overriding locale with editor locale configuration option (en).
[2017.11.27-07.47.19:626][  0]LogD3D11RHI: D3D11 adapters:
[2017.11.27-07.47.19:633][  0]LogD3D11RHI:    0. 'Intel(R) HD Graphics 520' (Feature Level 11_0)
[2017.11.27-07.47.19:633][  0]LogD3D11RHI:       128/0/8121 MB DedicatedVideo/DedicatedSystem/SharedSystem, Outputs:2, VendorId:0x8086
[2017.11.27-07.47.20:117][  0]LogD3D11RHI:    1. 'AMD Radeon(TM) R5 M330' (Feature Level 11_0)
[2017.11.27-07.47.20:117][  0]LogD3D11RHI:       2039/0/8121 MB DedicatedVideo/DedicatedSystem/SharedSystem, Outputs:0, VendorId:0x1002
[2017.11.27-07.47.20:118][  0]LogD3D11RHI:    2. 'Microsoft Basic Render Driver' (Feature Level 11_0)
[2017.11.27-07.47.20:118][  0]LogD3D11RHI:       0/0/8121 MB DedicatedVideo/DedicatedSystem/SharedSystem, Outputs:0, VendorId:0x1414
[2017.11.27-07.47.20:118][  0]LogD3D11RHI: Chosen D3D11 Adapter: 1
[2017.11.27-07.47.20:281][  0]LogD3D11RHI: Creating new Direct3DDevice
[2017.11.27-07.47.20:281][  0]LogD3D11RHI:     GPU DeviceId: 0x6660 (for the marketing name, search the web for "GPU Device Id")
[2017.11.27-07.47.20:281][  0]LogWindows: EnumDisplayDevices:
[2017.11.27-07.47.20:281][  0]LogWindows:    0. 'Intel(R) HD Graphics 520' (P:1 D:1)
[2017.11.27-07.47.20:282][  0]LogWindows:    1. 'Intel(R) HD Graphics 520' (P:0 D:1)
[2017.11.27-07.47.20:282][  0]LogWindows:    2. 'Intel(R) HD Graphics 520' (P:0 D:0)
[2017.11.27-07.47.20:282][  0]LogWindows: DebugString: PrimaryIsNotTheChoosenAdapter PrimaryIsNotTheChoosenAdapter PrimaryIsNotTheChoosenAdapter FoundDriverCount:0 
[2017.11.27-07.47.20:282][  0]LogD3D11RHI:     Adapter Name: AMD Radeon(TM) R5 M330
[2017.11.27-07.47.20:282][  0]LogD3D11RHI:   Driver Version: Unknown (internal:Unknown, unified:Unknown)
[2017.11.27-07.47.20:282][  0]LogD3D11RHI:      Driver Date: Unknown
[2017.11.27-07.47.20:282][  0]LogRHI: Texture pool is 1361 MB (70% of 1945 MB)
[2017.11.27-07.47.20:299][  0]LogD3D11RHI: Async texture creation enabled
[2017.11.27-07.47.20:311][  0]LogD3D11RHI: GPU Timing Frequency: 27.000000 (Debug: 2 1)
[2017.11.27-07.47.20:312][  0]LogShaderCompilers: Guid format shader working directory is -25 characters bigger than the processId version (../../../../../../Users/jordansoy/Documents/Unreal Projects/Supervivencia/Intermediate/Shaders/WorkingDirectory/662044/).
[2017.11.27-07.47.20:312][  0]LogShaderCompilers: Cleaned the shader compiler working directory 'C:/Users/jordansoy/AppData/Local/Temp/UnrealShaderWorkingDir/AF0F6F0B49B4F51599773AB4A5E68FB4/'.
[2017.11.27-07.47.20:312][  0]LogShaderCompilers:Display: Using Local Shader Compiler.
[2017.11.27-07.47.21:539][  0]LogTemp:Display: Loaded TP AllDesktopTargetPlatform
[2017.11.27-07.47.21:604][  0]LogTemp:Display: Loaded TP MacClientTargetPlatform
[2017.11.27-07.47.21:669][  0]LogTemp:Display: Loaded TP MacNoEditorTargetPlatform
[2017.11.27-07.47.21:736][  0]LogTemp:Display: Loaded TP MacServerTargetPlatform
[2017.11.27-07.47.21:816][  0]LogTemp:Display: Loaded TP MacTargetPlatform
[2017.11.27-07.47.21:889][  0]LogTemp:Display: Loaded TP WindowsClientTargetPlatform
[2017.11.27-07.47.21:955][  0]LogTemp:Display: Loaded TP WindowsNoEditorTargetPlatform
[2017.11.27-07.47.22:023][  0]LogTemp:Display: Loaded TP WindowsServerTargetPlatform
[2017.11.27-07.47.22:083][  0]LogTemp:Display: Loaded TP WindowsTargetPlatform
[2017.11.27-07.47.22:153][  0]LogTemp:Display: Loaded TP AndroidTargetPlatform
[2017.11.27-07.47.22:227][  0]LogTemp:Display: Loaded TP Android_ASTCTargetPlatform
[2017.11.27-07.47.22:286][  0]LogTemp:Display: Loaded TP Android_ATCTargetPlatform
[2017.11.27-07.47.22:350][  0]LogTemp:Display: Loaded TP Android_DXTTargetPlatform
[2017.11.27-07.47.22:421][  0]LogTemp:Display: Loaded TP Android_ETC1TargetPlatform
[2017.11.27-07.47.22:510][  0]LogTemp:Display: Loaded TP Android_ETC2TargetPlatform
[2017.11.27-07.47.22:672][  0]LogTemp:Display: Loaded TP Android_MultiTargetPlatform
[2017.11.27-07.47.22:672][  0]LogTemp:Display: Loaded TP Android_PVRTCTargetPlatform
[2017.11.27-07.47.22:716][  0]LogTemp:Display: Loaded TP HTML5TargetPlatform
[2017.11.27-07.47.22:823][  0]LogTemp:Display: Loaded TP IOSTargetPlatform
[2017.11.27-07.47.22:862][  0]LogTemp:Display: Loaded TP TVOSTargetPlatform
[2017.11.27-07.47.22:918][  0]LogTemp:Display: Loaded TP LinuxClientTargetPlatform
[2017.11.27-07.47.22:977][  0]LogTemp:Display: Loaded TP LinuxNoEditorTargetPlatform
[2017.11.27-07.47.23:039][  0]LogTemp:Display: Loaded TP LinuxServerTargetPlatform
[2017.11.27-07.47.23:101][  0]LogTemp:Display: Loaded TP LinuxTargetPlatform
[2017.11.27-07.47.23:101][  0]LogTargetPlatformManager:Display: Building Assets For Windows
[2017.11.27-07.47.23:672][  0]LogDerivedDataCache:Display: Max Cache Size: 512 MB
[2017.11.27-07.47.23:781][  0]LogDerivedDataCache: Loaded boot cache 0.11s 90MB C:/Users/jordansoy/AppData/Local/UnrealEngine/4.16/DerivedDataCache/Boot.ddc.
[2017.11.27-07.47.23:781][  0]LogDerivedDataCache:Display: Loaded Boot cache: C:/Users/jordansoy/AppData/Local/UnrealEngine/4.16/DerivedDataCache/Boot.ddc
[2017.11.27-07.47.23:781][  0]LogDerivedDataCache: FDerivedDataBackendGraph:  Pak pak cache file ../../../../../../Users/jordansoy/Documents/Unreal Projects/Supervivencia/DerivedDataCache/DDC.ddp not found, will not use a pak cache.
[2017.11.27-07.47.23:781][  0]LogDerivedDataCache: Unable to find inner node Pak for hierarchical cache Hierarchy.
[2017.11.27-07.47.23:781][  0]LogDerivedDataCache: FDerivedDataBackendGraph:  CompressedPak pak cache file ../../../../../../Users/jordansoy/Documents/Unreal Projects/Supervivencia/DerivedDataCache/Compressed.ddp not found, will not use a pak cache.
[2017.11.27-07.47.23:781][  0]LogDerivedDataCache: Unable to find inner node CompressedPak for hierarchical cache Hierarchy.
[2017.11.27-07.47.23:801][  0]LogDerivedDataCache:Display: Pak cache opened for reading ../../../Engine/DerivedDataCache/Compressed.ddp.
[2017.11.27-07.47.23:813][  0]LogDerivedDataCache: Using Local data cache path C:/Users/jordansoy/AppData/Local/UnrealEngine/Common/DerivedDataCache: Writable
[2017.11.27-07.47.23:823][  0]LogMaterial: Verifying Global Shaders for PCD3D_SM5
[2017.11.27-07.47.23:823][  0]LogSlate: Using Freetype 2.6.0
[2017.11.27-07.47.23:824][  0]LogSlate: SlateFontCache - WITH_FREETYPE: 1, WITH_HARFBUZZ: 1
[2017.11.27-07.47.23:824][  0]LogSlate: SlateFontCache - WITH_FREETYPE: 1, WITH_HARFBUZZ: 1
[2017.11.27-07.47.24:203][  0]LogInit: Selected Device Profile: [Windows]
[2017.11.27-07.47.24:309][  0]LogContentStreaming: Texture pool size is 0.00 MB
[2017.11.27-07.47.24:497][  0]LogMeshUtilities: Using QuadricMeshReduction for automatic static mesh reduction
[2017.11.27-07.47.24:548][  0]LogSimplygon: Simplygon DLL not present - disabling.
[2017.11.27-07.47.24:603][  0]LogMeshUtilities: Using SimplygonSwarm for distributed automatic mesh merging
[2017.11.27-07.47.24:603][  0]LogMeshUtilities: No automatic skeletal mesh reduction module available
[2017.11.27-07.47.24:603][  0]LogMeshUtilities: No automatic mesh merging module available
[2017.11.27-07.47.25:240][  0]LogNetVersion: Supervivencia , NetCL: 3452394, EngineNetVer: 2, GameNetVer: 0 (Checksum: 1556410374)
[2017.11.27-07.47.25:315][  0]LogAssetRegistry: FAssetRegistry took 0.0275 seconds to start up
[2017.11.27-07.47.25:384][  0]LogPackageLocalizationCache: Processed 4 localized package path(s) for 1 prioritized culture(s) in 0.031332 seconds
[2017.11.27-07.47.25:392][  0]LogUObjectArray: 34194 objects as part of root set at end of initial load.
[2017.11.27-07.47.25:393][  0]LogUObjectAllocator: 7260424 out of 0 bytes used by permanent object pool.
[2017.11.27-07.47.25:393][  0]LogUObjectArray: CloseDisregardForGC: 0/0 objects in disregard for GC pool
[2017.11.27-07.47.25:486][  0]LogInit: WinSock: version 1.1 (2.2), MaxSocks=32767, MaxUdp=65467
[2017.11.27-07.47.28:417][  0]LogTcpMessaging: Initializing TcpMessaging bridge
[2017.11.27-07.47.28:464][  0]LogUdpMessaging: Initializing bridge on interface 0.0.0.0:0 to multicast group 230.0.0.1:6666.
[2017.11.27-07.47.29:062][  0]LogMaterial: Uniform references updated for custom material expression Custom.
[2017.11.27-07.47.29:558][  0]SourceControl: Info Source control is disabled
[2017.11.27-07.47.29:613][  0]SourceControl: Info Source control is disabled
[2017.11.27-07.47.29:668][  0]SourceControl: Info Source control is disabled
[2017.11.27-07.47.29:721][  0]SourceControl: Info Source control is disabled
[2017.11.27-07.47.30:494][  0]LogAndroidPermission: UAndroidPermissionCallbackProxy::GetInstance
[2017.11.27-07.47.31:227][  0]LogEngine: Initializing Engine...
[2017.11.27-07.47.31:227][  0]LogHMD: Failed to initialize OpenVR with code 110
[2017.11.27-07.47.31:474][  0]LogStats: UGameplayTagsManager::ConstructGameplayTagTree: Construct from data asset -  0.000 s
[2017.11.27-07.47.31:474][  0]LogStats: UGameplayTagsManager::ConstructGameplayTagTree: GameplayTagTreeChangedEvent.Broadcast -  0.000 s
[2017.11.27-07.47.31:626][  0]LogAIModule: Creating AISystem for world Untitled
[2017.11.27-07.47.31:639][  0]LogInit: XAudio2 using 'Altavoces (Conexant SmartAudio HD)' : 2 channels at 44.1 kHz using 32 bits per sample (channel mask 0x3)
[2017.11.27-07.47.31:668][  0]LogInit: FAudioDevice initialized.
[2017.11.27-07.47.31:719][  0]LogDerivedDataCache: Saved boot cache 0.05s 90MB C:/Users/jordansoy/AppData/Local/UnrealEngine/4.16/DerivedDataCache/Boot.ddc.
[2017.11.27-07.47.31:730][  0]LogInit: Texture streaming: Enabled
[2017.11.27-07.47.31:850][  0]LogEngineSessionManager: EngineSessionManager initialized
[2017.11.27-07.47.32:299][  0]LogInit: Transaction tracking system initialized
[2017.11.27-07.47.32:685][  0]BlueprintLog: New page: Editor Load
[2017.11.27-07.47.33:799][  0]LocalizationService: Info Localization service is disabled
[2017.11.27-07.47.34:968][  0]LogConsoleResponse:Display: 
[2017.11.27-07.47.35:155][  0]LogCook:Display: Max memory allowance for cook 16384mb min free memory 0mb
[2017.11.27-07.47.35:155][  0]LogCook:Display: Mobile HDR setting 1
[2017.11.27-07.47.36:364][  0]LogFileCache: Scanning file cache for directory 'C:/Users/jordansoy/Documents/Unreal Projects/Supervivencia/Content/' took 0.03s
[2017.11.27-07.47.36:417][  0]SourceControl: Info Source control is disabled
[2017.11.27-07.47.36:417][  0]Cmd: MAP LOAD FILE="../../../../../../Users/jordansoy/Documents/Unreal Projects/Supervivencia/Content/Level2.umap" TEMPLATE=0 SHOWPROGRESS=1 FEATURELEVEL=3
[2017.11.27-07.47.36:418][  0]LightingResults: New page: Lighting Build
[2017.11.27-07.47.36:470][  0]MapCheck: New page: Map Check
[2017.11.27-07.47.36:470][  0]LightingResults: New page: Lighting Build
[2017.11.27-07.47.37:326][  0]LogAIModule: Creating AISystem for world Level2
[2017.11.27-07.47.38:193][  0]LogEditorServer: Finished looking for orphan Actors (0.000 secs)
[2017.11.27-07.47.38:218][  0]Cmd: MAP CHECKDEP NOCLEARLOG
[2017.11.27-07.47.38:274][  0]MapCheck: Info Map check complete: 0 Error(s), 0 Warning(s), took 55.25ms to complete.
[2017.11.27-07.47.38:274][  0]LogFileHelpers: Loading map 'Level2' took 1.856
[2017.11.27-07.47.38:474][  0]LogCollectionManager: Loaded 0 collections in 0.001636 seconds
[2017.11.27-07.47.38:578][  0]LogFileCache: Scanning file cache for directory 'C:/Users/jordansoy/Documents/Unreal Projects/Supervivencia/Saved/Collections/' took 0.01s
[2017.11.27-07.47.38:578][  0]LogFileCache: Scanning file cache for directory 'C:/Users/jordansoy/Documents/Unreal Projects/Supervivencia/Content/Developers/jordansoy/Collections/' took 0.01s
[2017.11.27-07.47.38:578][  0]LogFileCache: Scanning file cache for directory 'C:/Users/jordansoy/Documents/Unreal Projects/Supervivencia/Content/Collections/' took 0.01s
[2017.11.27-07.47.38:578][  0]LogCollectionManager: Rebuilt the GUID cache for 0 collections in 0.000002 seconds
[2017.11.27-07.47.38:591][  0]LogContentBrowser: Native class hierarchy populated in 0.0105 seconds. Added 2329 classes and 491 folders.
[2017.11.27-07.47.38:677][  0]LogContentBrowser: Native class hierarchy updated for 'WidgetCarousel' in 0.0008 seconds. Added 0 classes and 0 folders.
[2017.11.27-07.47.39:123][  0]LogContentBrowser: Native class hierarchy updated for 'AddContentDialog' in 0.0007 seconds. Added 0 classes and 0 folders.
[2017.11.27-07.47.39:178][  0]LogContentBrowser: Native class hierarchy updated for 'SceneOutliner' in 0.0006 seconds. Added 1 classes and 2 folders.
[2017.11.27-07.47.39:358][  0]LogCrashTracker: Crashtracker disabled due to settings.
[2017.11.27-07.47.39:367][  0]LogSlate: Took 0.000208 seconds to synchronously load lazily loaded font '../../../Engine/Content/Slate/Fonts/Roboto-Regular.ttf' (155K)
[2017.11.27-07.47.39:370][  0]LogSlate: Took 0.000397 seconds to synchronously load lazily loaded font '../../../Engine/Content/Slate/Fonts/Roboto-Bold.ttf' (160K)
[2017.11.27-07.47.39:385][  0]LogSlate: Took 0.007427 seconds to synchronously load lazily loaded font '../../../Engine/Content/Editor/Slate/Fonts/FontAwesome.ttf' (139K)
[2017.11.27-07.47.39:551][  0]LogRenderer: Reallocating scene render targets to support 784x256 NumSamples 1 (Frame:1).
[2017.11.27-07.47.39:917][  0]LogSlate: Took 0.006502 seconds to synchronously load lazily loaded font '../../../Engine/Content/Slate/Fonts/Roboto-Light.ttf' (159K)
[2017.11.27-07.47.40:023][  0]LogUObjectGlobals:Warning: Failed to find object 'Class None.'
[2017.11.27-07.47.40:097][  0]LogContentBrowser: Native class hierarchy updated for 'HierarchicalLODOutliner' in 0.0007 seconds. Added 1 classes and 2 folders.
[2017.11.27-07.47.40:097][  0]LogLoad: (Engine Initialization) Total time: 23.52 seconds
[2017.11.27-07.47.40:097][  0]LogLoad: (Engine Initialization) Total Blueprint compile time: 0.11 seconds
[2017.11.27-07.47.40:097][  0]LogExternalProfiler: Found external profiler: VSPerf
[2017.11.27-07.47.40:097][  0]LogExternalProfiler: Using external profiler: VSPerf
[2017.11.27-07.47.40:437][  0]LogOcInput: OculusInput pre-init called
[2017.11.27-07.47.40:437][  0]LogHMD: Starting GearVRController plugin
[2017.11.27-07.47.40:467][  0]LogContentStreaming: Texture pool size now 600 MB
[2017.11.27-07.47.40:770][  1]LogFileCache: Retrieving MD5 hashes for directory 'C:/Users/jordansoy/Documents/Unreal Projects/Supervivencia/Content/' took 0.32s
[2017.11.27-07.47.40:789][  1]LogAssetRegistry: Asset discovery search completed in 15.4953 seconds
[2017.11.27-07.47.40:792][  1]LogCollectionManager: Rebuilt the object cache for 0 collections in 0.000001 seconds (found 0 objects)
[2017.11.27-07.47.40:792][  1]LogCollectionManager: Fixed up redirectors for 0 collections in 0.000039 seconds (updated 0 objects)
[2017.11.27-07.47.43:781][ 10]LogSlate: Took 0.000297 seconds to synchronously load lazily loaded font '../../../Engine/Content/Slate/Fonts/Roboto-Light.ttf' (159K)
[2017.11.27-08.51.34:979][195]LogSlate: Took 0.000442 seconds to synchronously load lazily loaded font '../../../Engine/Content/Slate/Fonts/Roboto-Light.ttf' (159K)
[2017.11.27-08.51.35:543][195]LogContentBrowser: Native class hierarchy updated for 'BlueprintGraph' in 0.0028 seconds. Added 112 classes and 0 folders.
[2017.11.27-08.51.36:354][195]LogSlate: Took 0.000169 seconds to synchronously load lazily loaded font '../../../Engine/Content/Slate/Fonts/Roboto-Regular.ttf' (155K)
[2017.11.27-08.51.36:630][195]LogRenderer: Reallocating scene render targets to support 1152x588 NumSamples 1 (Frame:1).
[2017.11.27-08.51.37:396][216]LogSlate: Took 0.008210 seconds to synchronously load lazily loaded font '../../../Engine/Content/Editor/Slate/Fonts/Roboto-Italic.ttf' (157K)
[2017.11.27-08.52.06:089][124]BlueprintLog: New page: Compile Enemigo
[2017.11.27-08.52.06:721][136]Cmd: OBJ SAVEPACKAGE PACKAGE="/Game/Enemigo" FILE="../../../../../../Users/jordansoy/Documents/Unreal Projects/Supervivencia/Content/Enemigo.uasset" SILENT=true
[2017.11.27-08.52.06:757][136]LogSavePackage: Save=32.63ms
[2017.11.27-08.52.06:757][136]LogSavePackage: Moving '../../../../../../Users/jordansoy/Documents/Unreal Projects/Supervivencia/Saved/Enemigo85FED505436EEB5AC44A5CBBFB68E997.tmp' to '../../../../../../Users/jordansoy/Documents/Unreal Projects/Supervivencia/Content/Enemigo.uasset'
[2017.11.27-08.52.06:764][136]LogSavePackage:Display: Finished SavePackage ../../../../../../Users/jordansoy/Documents/Unreal Projects/Supervivencia/Content/Enemigo.uasset
[2017.11.27-08.52.34:692][902]LogSlate: Took 0.006312 seconds to synchronously load lazily loaded font '../../../Engine/Content/Editor/Slate/Fonts/Roboto-BoldCondensed.ttf' (158K)
[2017.11.27-08.54.18:494][103]BlueprintLog: New page: Compile AiEnemigo
[2017.11.27-08.54.18:987][117]Cmd: OBJ SAVEPACKAGE PACKAGE="/Game/AiEnemigo" FILE="../../../../../../Users/jordansoy/Documents/Unreal Projects/Supervivencia/Content/AiEnemigo.uasset" SILENT=true
[2017.11.27-08.54.19:015][117]LogSavePackage: Save=25.59ms
[2017.11.27-08.54.19:015][117]LogSavePackage: Moving '../../../../../../Users/jordansoy/Documents/Unreal Projects/Supervivencia/Saved/AiEnemigo0C9353C548314F8B6409E7A7333B4A82.tmp' to '../../../../../../Users/jordansoy/Documents/Unreal Projects/Supervivencia/Content/AiEnemigo.uasset'
[2017.11.27-08.54.19:018][117]LogSavePackage:Display: Finished SavePackage ../../../../../../Users/jordansoy/Documents/Unreal Projects/Supervivencia/Content/AiEnemigo.uasset
[2017.11.27-08.54.32:224][654]LogSlate:Warning: Prevented a slow task dialog from being summoned while a context menu was open
[2017.11.27-08.54.37:293][903]BlueprintLog: New page: Compile Enemigo
[2017.11.27-08.54.37:786][911]Cmd: OBJ SAVEPACKAGE PACKAGE="/Game/Enemigo" FILE="../../../../../../Users/jordansoy/Documents/Unreal Projects/Supervivencia/Content/Enemigo.uasset" SILENT=true
[2017.11.27-08.54.37:845][911]LogSavePackage: Save=30.69ms
[2017.11.27-08.54.37:845][911]LogSavePackage: Moving '../../../../../../Users/jordansoy/Documents/Unreal Projects/Supervivencia/Saved/Enemigo1382D6F04309FEC299CA9FA41A842469.tmp' to '../../../../../../Users/jordansoy/Documents/Unreal Projects/Supervivencia/Content/Enemigo.uasset'
[2017.11.27-08.54.37:850][911]LogSavePackage:Display: Finished SavePackage ../../../../../../Users/jordansoy/Documents/Unreal Projects/Supervivencia/Content/Enemigo.uasset
[2017.11.27-08.55.30:924][254]LogEditorViewport: Clicking on Actor (LMB): InstancedFoliageActor (InstancedFoliageActor)
[2017.11.27-08.57.11:757][878]LogEditorViewport: Clicking on Actor (LMB): BP_Sky_Sphere_C (Sky Sphere)
[2017.11.27-08.58.02:591][594]Cmd: TRANSACTION UNDO
[2017.11.27-08.58.02:591][594]LogEditorTransaction: Undo Move Actors
[2017.11.27-08.58.02:630][594]LogActorComponent: ~FComponentReregisterContext: (/Game/Level2.Level2:PersistentLevel.Landscape_0.LandscapeHeightfieldCollisionComponent_103) Component already registered.
[2017.11.27-08.58.02:631][594]LogActorComponent: ~FComponentReregisterContext: (/Game/Level2.Level2:PersistentLevel.Landscape_0.LandscapeHeightfieldCollisionComponent_109) Component already registered.
[2017.11.27-08.58.02:632][594]LogActorComponent: ~FComponentReregisterContext: (/Game/Level2.Level2:PersistentLevel.Landscape_0.LandscapeHeightfieldCollisionComponent_108) Component already registered.
[2017.11.27-08.58.02:632][594]LogActorComponent: ~FComponentReregisterContext: (/Game/Level2.Level2:PersistentLevel.Landscape_0.LandscapeHeightfieldCollisionComponent_107) Component already registered.
[2017.11.27-08.58.02:633][594]LogActorComponent: ~FComponentReregisterContext: (/Game/Level2.Level2:PersistentLevel.Landscape_0.LandscapeHeightfieldCollisionComponent_106) Component already registered.
[2017.11.27-08.58.02:634][594]LogActorComponent: ~FComponentReregisterContext: (/Game/Level2.Level2:PersistentLevel.Landscape_0.LandscapeHeightfieldCollisionComponent_105) Component already registered.
[2017.11.27-08.58.02:634][594]LogActorComponent: ~FComponentReregisterContext: (/Game/Level2.Level2:PersistentLevel.Landscape_0.LandscapeHeightfieldCollisionComponent_104) Component already registered.
[2017.11.27-08.58.02:635][594]LogActorComponent: ~FComponentReregisterContext: (/Game/Level2.Level2:PersistentLevel.Landscape_0.LandscapeHeightfieldCollisionComponent_102) Component already registered.
[2017.11.27-08.58.02:635][594]LogActorComponent: ~FComponentReregisterContext: (/Game/Level2.Level2:PersistentLevel.Landscape_0.LandscapeHeightfieldCollisionComponent_110) Component already registered.
[2017.11.27-08.58.02:636][594]LogActorComponent: ~FComponentReregisterContext: (/Game/Level2.Level2:PersistentLevel.Landscape_0.LandscapeHeightfieldCollisionComponent_101) Component already registered.
[2017.11.27-08.58.02:636][594]LogActorComponent: ~FComponentReregisterContext: (/Game/Level2.Level2:PersistentLevel.Landscape_0.LandscapeHeightfieldCollisionComponent_100) Component already registered.
[2017.11.27-08.58.02:637][594]LogActorComponent: ~FComponentReregisterContext: (/Game/Level2.Level2:PersistentLevel.Landscape_0.LandscapeHeightfieldCollisionComponent_99) Component already registered.
[2017.11.27-08.58.02:637][594]LogActorComponent: ~FComponentReregisterContext: (/Game/Level2.Level2:PersistentLevel.Landscape_0.LandscapeHeightfieldCollisionComponent_98) Component already registered.
[2017.11.27-08.58.02:638][594]LogActorComponent: ~FComponentReregisterContext: (/Game/Level2.Level2:PersistentLevel.Landscape_0.LandscapeHeightfieldCollisionComponent_97) Component already registered.
[2017.11.27-08.58.02:639][594]LogActorComponent: ~FComponentReregisterContext: (/Game/Level2.Level2:PersistentLevel.Landscape_0.LandscapeHeightfieldCollisionComponent_96) Component already registered.
[2017.11.27-08.58.02:639][594]LogActorComponent: ~FComponentReregisterContext: (/Game/Level2.Level2:PersistentLevel.Landscape_0.LandscapeHeightfieldCollisionComponent_111) Component already registered.
[2017.11.27-08.58.02:640][594]LogActorComponent: ~FComponentReregisterContext: (/Game/Level2.Level2:PersistentLevel.Landscape_0.LandscapeHeightfieldCollisionComponent_95) Component already registered.
[2017.11.27-08.58.02:640][594]LogActorComponent: ~FComponentReregisterContext: (/Game/Level2.Level2:PersistentLevel.Landscape_0.LandscapeHeightfieldCollisionComponent_120) Component already registered.
[2017.11.27-08.58.02:641][594]LogActorComponent: ~FComponentReregisterContext: (/Game/Level2.Level2:PersistentLevel.Landscape_0.LandscapeHeightfieldCollisionComponent_126) Component already registered.
[2017.11.27-08.58.02:641][594]LogActorComponent: ~FComponentReregisterContext: (/Game/Level2.Level2:PersistentLevel.Landscape_0.LandscapeHeightfieldCollisionComponent_125) Component already registered.
[2017.11.27-08.58.02:642][594]LogActorComponent: ~FComponentReregisterContext: (/Game/Level2.Level2:PersistentLevel.Landscape_0.LandscapeHeightfieldCollisionComponent_124) Component already registered.
[2017.11.27-08.58.02:642][594]LogActorComponent: ~FComponentReregisterContext: (/Game/Level2.Level2:PersistentLevel.Landscape_0.LandscapeHeightfieldCollisionComponent_123) Component already registered.
[2017.11.27-08.58.02:643][594]LogActorComponent: ~FComponentReregisterContext: (/Game/Level2.Level2:PersistentLevel.Landscape_0.LandscapeHeightfieldCollisionComponent_122) Component already registered.
[2017.11.27-08.58.02:643][594]LogActorComponent: ~FComponentReregisterContext: (/Game/Level2.Level2:PersistentLevel.Landscape_0.LandscapeHeightfieldCollisionComponent_121) Component already registered.
[2017.11.27-08.58.02:644][594]LogActorComponent: ~FComponentReregisterContext: (/Game/Level2.Level2:PersistentLevel.Landscape_0.LandscapeHeightfieldCollisionComponent_119) Component already registered.
[2017.11.27-08.58.02:644][594]LogActorComponent: ~FComponentReregisterContext: (/Game/Level2.Level2:PersistentLevel.Landscape_0.LandscapeHeightfieldCollisionComponent_112) Component already registered.
[2017.11.27-08.58.02:645][594]LogActorComponent: ~FComponentReregisterContext: (/Game/Level2.Level2:PersistentLevel.Landscape_0.LandscapeHeightfieldCollisionComponent_118) Component already registered.
[2017.11.27-08.58.02:645][594]LogActorComponent: ~FComponentReregisterContext: (/Game/Level2.Level2:PersistentLevel.Landscape_0.LandscapeHeightfieldCollisionComponent_117) Component already registered.
[2017.11.27-08.58.02:646][594]LogActorComponent: ~FComponentReregisterContext: (/Game/Level2.Level2:PersistentLevel.Landscape_0.LandscapeHeightfieldCollisionComponent_116) Component already registered.
[2017.11.27-08.58.02:646][594]LogActorComponent: ~FComponentReregisterContext: (/Game/Level2.Level2:PersistentLevel.Landscape_0.LandscapeHeightfieldCollisionComponent_115) Component already registered.
[2017.11.27-08.58.02:647][594]LogActorComponent: ~FComponentReregisterContext: (/Game/Level2.Level2:PersistentLevel.Landscape_0.LandscapeHeightfieldCollisionComponent_114) Component already registered.
[2017.11.27-08.58.02:647][594]LogActorComponent: ~FComponentReregisterContext: (/Game/Level2.Level2:PersistentLevel.Landscape_0.LandscapeHeightfieldCollisionComponent_113) Component already registered.
[2017.11.27-08.58.02:648][594]LogActorComponent: ~FComponentReregisterContext: (/Game/Level2.Level2:PersistentLevel.Landscape_0.LandscapeHeightfieldCollisionComponent_94) Component already registered.
[2017.11.27-08.58.02:648][594]LogActorComponent: ~FComponentReregisterContext: (/Game/Level2.Level2:PersistentLevel.Landscape_0.LandscapeHeightfieldCollisionComponent_127) Component already registered.
[2017.11.27-08.58.02:649][594]LogActorComponent: ~FComponentReregisterContext: (/Game/Level2.Level2:PersistentLevel.Landscape_0.LandscapeHeightfieldCollisionComponent_69) Component already registered.
[2017.11.27-08.58.02:649][594]LogActorComponent: ~FComponentReregisterContext: (/Game/Level2.Level2:PersistentLevel.Landscape_0.LandscapeHeightfieldCollisionComponent_75) Component already registered.
[2017.11.27-08.58.02:650][594]LogActorComponent: ~FComponentReregisterContext: (/Game/Level2.Level2:PersistentLevel.Landscape_0.LandscapeHeightfieldCollisionComponent_74) Component already registered.
[2017.11.27-08.58.02:651][594]LogActorComponent: ~FComponentReregisterContext: (/Game/Level2.Level2:PersistentLevel.Landscape_0.LandscapeHeightfieldCollisionComponent_73) Component already registered.
[2017.11.27-08.58.02:651][594]LogActorComponent: ~FComponentReregisterContext: (/Game/Level2.Level2:PersistentLevel.Landscape_0.LandscapeHeightfieldCollisionComponent_72) Component already registered.
[2017.11.27-08.58.02:652][594]LogActorComponent: ~FComponentReregisterContext: (/Game/Level2.Level2:PersistentLevel.Landscape_0.LandscapeHeightfieldCollisionComponent_71) Component already registered.
[2017.11.27-08.58.02:652][594]LogActorComponent: ~FComponentReregisterContext: (/Game/Level2.Level2:PersistentLevel.Landscape_0.LandscapeHeightfieldCollisionComponent_70) Component already registered.
[2017.11.27-08.58.02:653][594]LogActorComponent: ~FComponentReregisterContext: (/Game/Level2.Level2:PersistentLevel.Landscape_0.LandscapeHeightfieldCollisionComponent_68) Component already registered.
[2017.11.27-08.58.02:653][594]LogActorComponent: ~FComponentReregisterContext: (/Game/Level2.Level2:PersistentLevel.Landscape_0.LandscapeHeightfieldCollisionComponent_76) Component already registered.
[2017.11.27-08.58.02:654][594]LogActorComponent: ~FComponentReregisterContext: (/Game/Level2.Level2:PersistentLevel.Landscape_0.LandscapeHeightfieldCollisionComponent_67) Component already registered.
[2017.11.27-08.58.02:654][594]LogActorComponent: ~FComponentReregisterContext: (/Game/Level2.Level2:PersistentLevel.Landscape_0.LandscapeHeightfieldCollisionComponent_66) Component already registered.
[2017.11.27-08.58.02:655][594]LogActorComponent: ~FComponentReregisterContext: (/Game/Level2.Level2:PersistentLevel.Landscape_0.LandscapeHeightfieldCollisionComponent_65) Component already registered.
[2017.11.27-08.58.02:655][594]LogActorComponent: ~FComponentReregisterContext: (/Game/Level2.Level2:PersistentLevel.Landscape_0.LandscapeHeightfieldCollisionComponent_64) Component already registered.
[2017.11.27-08.58.02:656][594]LogActorComponent: ~FComponentReregisterContext: (/Game/Level2.Level2:PersistentLevel.Landscape_0.LandscapeHeightfieldCollisionComponent_77) Component already registered.
[2017.11.27-08.58.02:656][594]LogActorComponent: ~FComponentReregisterContext: (/Game/Level2.Level2:PersistentLevel.Landscape_0.LandscapeHeightfieldCollisionComponent_93) Component already registered.
[2017.11.27-08.58.02:657][594]LogActorComponent: ~FComponentReregisterContext: (/Game/Level2.Level2:PersistentLevel.Landscape_0.LandscapeHeightfieldCollisionComponent_86) Component already registered.
[2017.11.27-08.58.02:657][594]LogActorComponent: ~FComponentReregisterContext: (/Game/Level2.Level2:PersistentLevel.Landscape_0.LandscapeHeightfieldCollisionComponent_92) Component already registered.
[2017.11.27-08.58.02:658][594]LogActorComponent: ~FComponentReregisterContext: (/Game/Level2.Level2:PersistentLevel.Landscape_0.LandscapeHeightfieldCollisionComponent_91) Component already registered.
[2017.11.27-08.58.02:658][594]LogActorComponent: ~FComponentReregisterContext: (/Game/Level2.Level2:PersistentLevel.Landscape_0.LandscapeHeightfieldCollisionComponent_90) Component already registered.
[2017.11.27-08.58.02:659][594]LogActorComponent: ~FComponentReregisterContext: (/Game/Level2.Level2:PersistentLevel.Landscape_0.LandscapeHeightfieldCollisionComponent_89) Component already registered.
[2017.11.27-08.58.02:660][594]LogActorComponent: ~FComponentReregisterContext: (/Game/Level2.Level2:PersistentLevel.Landscape_0.LandscapeHeightfieldCollisionComponent_88) Component already registered.
[2017.11.27-08.58.02:660][594]LogActorComponent: ~FComponentReregisterContext: (/Game/Level2.Level2:PersistentLevel.Landscape_0.LandscapeHeightfieldCollisionComponent_87) Component already registered.
[2017.11.27-08.58.02:661][594]LogActorComponent: ~FComponentReregisterContext: (/Game/Level2.Level2:PersistentLevel.Landscape_0.LandscapeHeightfieldCollisionComponent_85) Component already registered.
[2017.11.27-08.58.02:661][594]LogActorComponent: ~FComponentReregisterContext: (/Game/Level2.Level2:PersistentLevel.Landscape_0.LandscapeHeightfieldCollisionComponent_78) Component already registered.
[2017.11.27-08.58.02:662][594]LogActorComponent: ~FComponentReregisterContext: (/Game/Level2.Level2:PersistentLevel.Landscape_0.LandscapeHeightfieldCollisionComponent_84) Component already registered.
[2017.11.27-08.58.02:662][594]LogActorComponent: ~FComponentReregisterContext: (/Game/Level2.Level2:PersistentLevel.Landscape_0.LandscapeHeightfieldCollisionComponent_83) Component already registered.
[2017.11.27-08.58.02:663][594]LogActorComponent: ~FComponentReregisterContext: (/Game/Level2.Level2:PersistentLevel.Landscape_0.LandscapeHeightfieldCollisionComponent_82) Component already registered.
[2017.11.27-08.58.02:663][594]LogActorComponent: ~FComponentReregisterContext: (/Game/Level2.Level2:PersistentLevel.Landscape_0.LandscapeHeightfieldCollisionComponent_81) Component already registered.
[2017.11.27-08.58.02:664][594]LogActorComponent: ~FComponentReregisterContext: (/Game/Level2.Level2:PersistentLevel.Landscape_0.LandscapeHeightfieldCollisionComponent_80) Component already registered.
[2017.11.27-08.58.02:664][594]LogActorComponent: ~FComponentReregisterContext: (/Game/Level2.Level2:PersistentLevel.Landscape_0.LandscapeHeightfieldCollisionComponent_79) Component already registered.
[2017.11.27-08.58.19:349][851]LogEditorViewport: Clicking on Actor (LMB): BP_Sky_Sphere_C (Sky Sphere)
[2017.11.27-08.59.00:422][602]Cmd: OBJ SAVEPACKAGE PACKAGE="/Game/Level2" FILE="../../../../../../Users/jordansoy/Documents/Unreal Projects/Supervivencia/Content/Level2.umap" SILENT=true AUTOSAVING=false KEEPDIRTY=false
[2017.11.27-08.59.01:368][602]LogSavePackage: Save=895.51ms
[2017.11.27-08.59.01:368][602]LogSavePackage: Moving '../../../../../../Users/jordansoy/Documents/Unreal Projects/Supervivencia/Saved/Level26E14A31B4063077CCA7955AA432C8ABF.tmp' to '../../../../../../Users/jordansoy/Documents/Unreal Projects/Supervivencia/Content/Level2.umap'
[2017.11.27-08.59.01:372][602]LogSavePackage:Display: Finished SavePackage ../../../../../../Users/jordansoy/Documents/Unreal Projects/Supervivencia/Content/Level2.umap
[2017.11.27-08.59.02:749][640]LogTemp: Repeting last play command: Selected Viewport
[2017.11.27-08.59.02:859][640]LogPlayLevel: PlayLevel: No blueprints needed recompiling
[2017.11.27-08.59.02:860][640]PIE: New page: PIE session: Level2 (Nov 27, 2017, 10:59:02 AM)
[2017.11.27-08.59.02:860][640]LogPlayLevel: Creating play world package: /Game/UEDPIE_0_Level2
[2017.11.27-08.59.02:879][640]LogPlayLevel: PIE: StaticDuplicateObject took: (0.018652s)
[2017.11.27-08.59.02:880][640]LogAIModule: Creating AISystem for world Level2
[2017.11.27-08.59.02:880][640]LogPlayLevel: PIE: World Init took: (0.000805s)
[2017.11.27-08.59.02:880][640]LogPlayLevel: PIE: Created PIE world by copying editor world from /Game/Level2.Level2 to /Game/UEDPIE_0_Level2.Level2 (0.019667s)
[2017.11.27-08.59.02:920][640]LogInit: XAudio2 using 'Altavoces (Conexant SmartAudio HD)' : 2 channels at 44.1 kHz using 32 bits per sample (channel mask 0x3)
[2017.11.27-08.59.02:939][640]LogInit: FAudioDevice initialized.
[2017.11.27-08.59.02:992][640]LogLoad: Game class is 'ModoSupervivencia_C'
[2017.11.27-08.59.02:997][640]LogWorld: Bringing World /Game/UEDPIE_0_Level2.Level2 up for play (max tick rate 60) at 2017.11.27-09.59.02
[2017.11.27-08.59.02:999][640]LogWorld: Bringing up level for play took: 0.005424
[2017.11.27-08.59.03:051][640]LogContentBrowser: Native class hierarchy updated for 'MovieSceneCapture' in 0.0010 seconds. Added 11 classes and 0 folders.
[2017.11.27-08.59.03:052][640]LogBlueprintUserMessages:Warning: SetTimer passed a bad function (None) or object (AiEnemigo_C_0)
[2017.11.27-08.59.03:052][640]PIE: Info Play in editor start time for /Game/UEDPIE_0_Level2 0.223
[2017.11.27-08.59.30:839][ 78]LogTemp: Repeting last play command: Selected Viewport
[2017.11.27-08.59.30:861][ 78]LogPlayLevel: PlayLevel: No blueprints needed recompiling
[2017.11.27-08.59.30:862][ 78]PIE: New page: PIE session: Level2 (Nov 27, 2017, 10:59:30 AM)
[2017.11.27-08.59.30:862][ 78]LogPlayLevel: Creating play world package: /Game/UEDPIE_0_Level2
[2017.11.27-08.59.30:913][ 78]LogPlayLevel: PIE: StaticDuplicateObject took: (0.051769s)
[2017.11.27-08.59.30:914][ 78]LogAIModule: Creating AISystem for world Level2
[2017.11.27-08.59.30:914][ 78]LogPlayLevel: PIE: World Init took: (0.000992s)
[2017.11.27-08.59.30:915][ 78]LogPlayLevel: PIE: Created PIE world by copying editor world from /Game/Level2.Level2 to /Game/UEDPIE_0_Level2.Level2 (0.053056s)
[2017.11.27-08.59.30:950][ 78]LogInit: XAudio2 using 'Altavoces (Conexant SmartAudio HD)' : 2 channels at 44.1 kHz using 32 bits per sample (channel mask 0x3)
[2017.11.27-08.59.30:967][ 78]LogInit: FAudioDevice initialized.
[2017.11.27-08.59.30:997][ 78]LogLoad: Game class is 'ModoSupervivencia_C'
[2017.11.27-08.59.31:002][ 78]LogWorld: Bringing World /Game/UEDPIE_0_Level2.Level2 up for play (max tick rate 60) at 2017.11.27-09.59.31
[2017.11.27-08.59.31:002][ 78]LogWorld: Bringing up level for play took: 0.004640
[2017.11.27-08.59.31:003][ 78]LogBlueprintUserMessages:Warning: SetTimer passed a bad function (None) or object (AiEnemigo_C_0)
[2017.11.27-08.59.31:004][ 78]PIE: Info Play in editor start time for /Game/UEDPIE_0_Level2 0.175
[2017.11.27-08.59.45:902][394]LogTemp: Repeting last play command: Selected Viewport
[2017.11.27-08.59.45:927][394]LogPlayLevel: PlayLevel: No blueprints needed recompiling
[2017.11.27-08.59.45:927][394]PIE: New page: PIE session: Level2 (Nov 27, 2017, 10:59:45 AM)
[2017.11.27-08.59.45:928][394]LogPlayLevel: Creating play world package: /Game/UEDPIE_0_Level2
[2017.11.27-08.59.45:972][394]LogPlayLevel: PIE: StaticDuplicateObject took: (0.044966s)
[2017.11.27-08.59.45:973][394]LogAIModule: Creating AISystem for world Level2
[2017.11.27-08.59.45:973][394]LogPlayLevel: PIE: World Init took: (0.000891s)
[2017.11.27-08.59.45:974][394]LogPlayLevel: PIE: Created PIE world by copying editor world from /Game/Level2.Level2 to /Game/UEDPIE_0_Level2.Level2 (0.046136s)
[2017.11.27-08.59.46:053][394]LogInit: XAudio2 using 'Altavoces (Conexant SmartAudio HD)' : 2 channels at 44.1 kHz using 32 bits per sample (channel mask 0x3)
[2017.11.27-08.59.46:081][394]LogInit: FAudioDevice initialized.
[2017.11.27-08.59.46:113][394]LogLoad: Game class is 'ModoSupervivencia_C'
[2017.11.27-08.59.46:117][394]LogWorld: Bringing World /Game/UEDPIE_0_Level2.Level2 up for play (max tick rate 60) at 2017.11.27-09.59.46
[2017.11.27-08.59.46:118][394]LogWorld: Bringing up level for play took: 0.004392
[2017.11.27-08.59.46:119][394]LogBlueprintUserMessages:Warning: SetTimer passed a bad function (None) or object (AiEnemigo_C_0)
[2017.11.27-08.59.46:119][394]PIE: Info Play in editor start time for /Game/UEDPIE_0_Level2 -0.71
[2017.11.27-09.00.02:993][674]LogRenderer: Reallocating scene render targets to support 1152x900 NumSamples 1 (Frame:1).
[2017.11.27-09.00.05:216][698]LogSlate:Warning: Prevented a slow task dialog from being summoned while a context menu was open
[2017.11.27-09.00.08:372][734]BlueprintLog: New page: Compile Enemigo
[2017.11.27-09.00.09:150][741]Cmd: OBJ SAVEPACKAGE PACKAGE="/Game/Enemigo" FILE="../../../../../../Users/jordansoy/Documents/Unreal Projects/Supervivencia/Content/Enemigo.uasset" SILENT=true
[2017.11.27-09.00.09:193][741]LogSavePackage: Save=29.94ms
[2017.11.27-09.00.09:194][741]LogSavePackage: Moving '../../../../../../Users/jordansoy/Documents/Unreal Projects/Supervivencia/Saved/Enemigo9AD774C0462944CF283C0585FD549544.tmp' to '../../../../../../Users/jordansoy/Documents/Unreal Projects/Supervivencia/Content/Enemigo.uasset'
[2017.11.27-09.00.09:197][741]LogSavePackage:Display: Finished SavePackage ../../../../../../Users/jordansoy/Documents/Unreal Projects/Supervivencia/Content/Enemigo.uasset
[2017.11.27-09.00.21:849][931]LogTemp: Repeting last play command: Selected Viewport
[2017.11.27-09.00.21:871][931]LogPlayLevel: PlayLevel: No blueprints needed recompiling
[2017.11.27-09.00.21:871][931]PIE: New page: PIE session: Level2 (Nov 27, 2017, 11:00:21 AM)
[2017.11.27-09.00.21:871][931]LogPlayLevel: Creating play world package: /Game/UEDPIE_0_Level2
[2017.11.27-09.00.21:923][931]LogPlayLevel: PIE: StaticDuplicateObject took: (0.051808s)
[2017.11.27-09.00.21:924][931]LogAIModule: Creating AISystem for world Level2
[2017.11.27-09.00.21:924][931]LogPlayLevel: PIE: World Init took: (0.000968s)
[2017.11.27-09.00.21:924][931]LogPlayLevel: PIE: Created PIE world by copying editor world from /Game/Level2.Level2 to /Game/UEDPIE_0_Level2.Level2 (0.053058s)
[2017.11.27-09.00.21:957][931]LogInit: XAudio2 using 'Altavoces (Conexant SmartAudio HD)' : 2 channels at 44.1 kHz using 32 bits per sample (channel mask 0x3)
[2017.11.27-09.00.21:973][931]LogInit: FAudioDevice initialized.
[2017.11.27-09.00.22:008][931]LogLoad: Game class is 'ModoSupervivencia_C'
[2017.11.27-09.00.22:012][931]LogWorld: Bringing World /Game/UEDPIE_0_Level2.Level2 up for play (max tick rate 60) at 2017.11.27-10.00.22
[2017.11.27-09.00.22:013][931]LogWorld: Bringing up level for play took: 0.004434
[2017.11.27-09.00.22:014][931]LogBlueprintUserMessages:Warning: SetTimer passed a bad function (None) or object (AiEnemigo_C_0)
[2017.11.27-09.00.22:014][931]PIE: Info Play in editor start time for /Game/UEDPIE_0_Level2 -0.815
[2017.11.27-09.00.26:680][ 13]LogActorComponent: UnregisterComponent: (/Engine/Transient.EditorFloorComp) Not registered. Aborting.
[2017.11.27-09.00.38:528][195]LogEditorTransaction: Undo Edit AI Controller Class
[2017.11.27-09.00.39:872][217]LogEditorTransaction: Undo Clicking on Actors
[2017.11.27-09.00.40:976][236]LogEditorTransaction: Undo Move Actors
[2017.11.27-09.00.41:618][245]LogEditorTransaction: Undo Clicking on Actors
[2017.11.27-09.01.12:262][757]BlueprintLog: New page: Compile AiEnemigo
[2017.11.27-09.01.13:282][772]Cmd: OBJ SAVEPACKAGE PACKAGE="/Game/AiEnemigo" FILE="../../../../../../Users/jordansoy/Documents/Unreal Projects/Supervivencia/Content/AiEnemigo.uasset" SILENT=true
[2017.11.27-09.01.13:318][772]LogSavePackage: Save=22.74ms
[2017.11.27-09.01.13:318][772]LogSavePackage: Moving '../../../../../../Users/jordansoy/Documents/Unreal Projects/Supervivencia/Saved/AiEnemigo57A566364AA82184BEB4019D63F5CB0D.tmp' to '../../../../../../Users/jordansoy/Documents/Unreal Projects/Supervivencia/Content/AiEnemigo.uasset'
[2017.11.27-09.01.13:322][772]LogSavePackage:Display: Finished SavePackage ../../../../../../Users/jordansoy/Documents/Unreal Projects/Supervivencia/Content/AiEnemigo.uasset
[2017.11.27-09.01.20:849][890]LogSlate:Warning: Prevented a slow task dialog from being summoned while a context menu was open
[2017.11.27-09.01.24:892][956]Cmd: OBJ SAVEPACKAGE PACKAGE="/Game/Enemigo" FILE="../../../../../../Users/jordansoy/Documents/Unreal Projects/Supervivencia/Content/Enemigo.uasset" SILENT=true
[2017.11.27-09.01.24:926][956]LogSavePackage: Save=29.83ms
[2017.11.27-09.01.24:926][956]LogSavePackage: Moving '../../../../../../Users/jordansoy/Documents/Unreal Projects/Supervivencia/Saved/Enemigo55B94688430961EB6A7C34BD5E9F9F7B.tmp' to '../../../../../../Users/jordansoy/Documents/Unreal Projects/Supervivencia/Content/Enemigo.uasset'
[2017.11.27-09.01.24:931][956]LogSavePackage:Display: Finished SavePackage ../../../../../../Users/jordansoy/Documents/Unreal Projects/Supervivencia/Content/Enemigo.uasset
[2017.11.27-09.01.26:914][992]LogTemp: Repeting last play command: Selected Viewport
[2017.11.27-09.01.26:940][992]LogPlayLevel: PlayLevel: No blueprints needed recompiling
[2017.11.27-09.01.26:940][992]PIE: New page: PIE session: Level2 (Nov 27, 2017, 11:01:26 AM)
[2017.11.27-09.01.26:941][992]LogPlayLevel: Creating play world package: /Game/UEDPIE_0_Level2
[2017.11.27-09.01.26:978][992]LogPlayLevel: PIE: StaticDuplicateObject took: (0.036731s)
[2017.11.27-09.01.26:978][992]LogAIModule: Creating AISystem for world Level2
[2017.11.27-09.01.26:979][992]LogPlayLevel: PIE: World Init took: (0.000956s)
[2017.11.27-09.01.26:979][992]LogPlayLevel: PIE: Created PIE world by copying editor world from /Game/Level2.Level2 to /Game/UEDPIE_0_Level2.Level2 (0.037946s)
[2017.11.27-09.01.27:014][992]LogInit: XAudio2 using 'Altavoces (Conexant SmartAudio HD)' : 2 channels at 44.1 kHz using 32 bits per sample (channel mask 0x3)
[2017.11.27-09.01.27:031][992]LogInit: FAudioDevice initialized.
[2017.11.27-09.01.27:069][992]LogLoad: Game class is 'ModoSupervivencia_C'
[2017.11.27-09.01.27:073][992]LogWorld: Bringing World /Game/UEDPIE_0_Level2.Level2 up for play (max tick rate 60) at 2017.11.27-10.01.27
[2017.11.27-09.01.27:073][992]LogWorld: Bringing up level for play took: 0.004409
[2017.11.27-09.01.27:075][992]PIE: Info Play in editor start time for /Game/UEDPIE_0_Level2 0.246
[2017.11.27-09.01.46:994][260]Cmd: DELETE
[2017.11.27-09.01.46:994][260]Cmd: ACTOR DELETE
[2017.11.27-09.01.47:000][260]LogEditorActor: Deleted Actor: NavMeshBoundsVolume
[2017.11.27-09.01.47:030][260]LogEditorActor: Deleted 1 Actors (0.031 secs)
[2017.11.27-09.02.10:390][680]Cmd: OBJ SAVEPACKAGE PACKAGE="/Game/Level2" FILE="../../../../../../Users/jordansoy/Documents/Unreal Projects/Supervivencia/Content/Level2.umap" SILENT=true AUTOSAVING=false KEEPDIRTY=false
[2017.11.27-09.02.10:690][680]LogSavePackage: Save=264.05ms
[2017.11.27-09.02.10:691][680]LogSavePackage: Moving '../../../../../../Users/jordansoy/Documents/Unreal Projects/Supervivencia/Saved/Level2C6A048504E61FD2793C1CAA13FE80DC5.tmp' to '../../../../../../Users/jordansoy/Documents/Unreal Projects/Supervivencia/Content/Level2.umap'
[2017.11.27-09.02.10:694][680]LogSavePackage:Display: Finished SavePackage ../../../../../../Users/jordansoy/Documents/Unreal Projects/Supervivencia/Content/Level2.umap
[2017.11.27-09.02.11:757][700]LogTemp: Repeting last play command: Selected Viewport
[2017.11.27-09.02.11:777][700]LogPlayLevel: PlayLevel: No blueprints needed recompiling
[2017.11.27-09.02.11:777][700]PIE: New page: PIE session: Level2 (Nov 27, 2017, 11:02:11 AM)
[2017.11.27-09.02.11:777][700]LogPlayLevel: Creating play world package: /Game/UEDPIE_0_Level2
[2017.11.27-09.02.11:823][700]LogPlayLevel: PIE: StaticDuplicateObject took: (0.044832s)
[2017.11.27-09.02.11:823][700]LogAIModule: Creating AISystem for world Level2
[2017.11.27-09.02.11:824][700]LogPlayLevel: PIE: World Init took: (0.001073s)
[2017.11.27-09.02.11:824][700]LogPlayLevel: PIE: Created PIE world by copying editor world from /Game/Level2.Level2 to /Game/UEDPIE_0_Level2.Level2 (0.046147s)
[2017.11.27-09.02.11:859][700]LogInit: XAudio2 using 'Altavoces (Conexant SmartAudio HD)' : 2 channels at 44.1 kHz using 32 bits per sample (channel mask 0x3)
[2017.11.27-09.02.11:877][700]LogInit: FAudioDevice initialized.
[2017.11.27-09.02.11:912][700]LogLoad: Game class is 'ModoSupervivencia_C'
[2017.11.27-09.02.11:916][700]LogWorld: Bringing World /Game/UEDPIE_0_Level2.Level2 up for play (max tick rate 60) at 2017.11.27-10.02.11
[2017.11.27-09.02.11:917][700]LogWorld: Bringing up level for play took: 0.003844
[2017.11.27-09.02.11:918][700]PIE: Info Play in editor start time for /Game/UEDPIE_0_Level2 1.089
[2017.11.27-09.02.30:534][ 24]BlueprintLog: New page: Compile AiEnemigo
[2017.11.27-09.02.31:436][ 34]Cmd: OBJ SAVEPACKAGE PACKAGE="/Game/AiEnemigo" FILE="../../../../../../Users/jordansoy/Documents/Unreal Projects/Supervivencia/Content/AiEnemigo.uasset" SILENT=true
[2017.11.27-09.02.31:463][ 34]LogSavePackage: Save=23.97ms
[2017.11.27-09.02.31:463][ 34]LogSavePackage: Moving '../../../../../../Users/jordansoy/Documents/Unreal Projects/Supervivencia/Saved/AiEnemigo49C951574B991C9618E50C96042CBBDA.tmp' to '../../../../../../Users/jordansoy/Documents/Unreal Projects/Supervivencia/Content/AiEnemigo.uasset'
[2017.11.27-09.02.31:467][ 34]LogSavePackage:Display: Finished SavePackage ../../../../../../Users/jordansoy/Documents/Unreal Projects/Supervivencia/Content/AiEnemigo.uasset
[2017.11.27-09.02.33:243][ 60]LogTemp: Repeting last play command: Selected Viewport
[2017.11.27-09.02.33:265][ 60]LogPlayLevel: PlayLevel: No blueprints needed recompiling
[2017.11.27-09.02.33:265][ 60]PIE: New page: PIE session: Level2 (Nov 27, 2017, 11:02:33 AM)
[2017.11.27-09.02.33:265][ 60]LogPlayLevel: Creating play world package: /Game/UEDPIE_0_Level2
[2017.11.27-09.02.33:320][ 60]LogPlayLevel: PIE: StaticDuplicateObject took: (0.055184s)
[2017.11.27-09.02.33:321][ 60]LogAIModule: Creating AISystem for world Level2
[2017.11.27-09.02.33:321][ 60]LogPlayLevel: PIE: World Init took: (0.000860s)
[2017.11.27-09.02.33:321][ 60]LogPlayLevel: PIE: Created PIE world by copying editor world from /Game/Level2.Level2 to /Game/UEDPIE_0_Level2.Level2 (0.056257s)
[2017.11.27-09.02.33:354][ 60]LogInit: XAudio2 using 'Altavoces (Conexant SmartAudio HD)' : 2 channels at 44.1 kHz using 32 bits per sample (channel mask 0x3)
[2017.11.27-09.02.33:371][ 60]LogInit: FAudioDevice initialized.
[2017.11.27-09.02.33:404][ 60]LogLoad: Game class is 'ModoSupervivencia_C'
[2017.11.27-09.02.33:407][ 60]LogWorld: Bringing World /Game/UEDPIE_0_Level2.Level2 up for play (max tick rate 60) at 2017.11.27-10.02.33
[2017.11.27-09.02.33:408][ 60]LogWorld: Bringing up level for play took: 0.003747
[2017.11.27-09.02.33:409][ 60]PIE: Info Play in editor start time for /Game/UEDPIE_0_Level2 0.58
[2017.11.27-09.02.43:395][268]BlueprintLog: New page: Compile AiEnemigo
[2017.11.27-09.02.43:964][276]Cmd: OBJ SAVEPACKAGE PACKAGE="/Game/AiEnemigo" FILE="../../../../../../Users/jordansoy/Documents/Unreal Projects/Supervivencia/Content/AiEnemigo.uasset" SILENT=true
[2017.11.27-09.02.43:992][276]LogSavePackage: Save=24.30ms
[2017.11.27-09.02.43:992][276]LogSavePackage: Moving '../../../../../../Users/jordansoy/Documents/Unreal Projects/Supervivencia/Saved/AiEnemigoC9FC76B447125C8359FD35809084D799.tmp' to '../../../../../../Users/jordansoy/Documents/Unreal Projects/Supervivencia/Content/AiEnemigo.uasset'
[2017.11.27-09.02.43:996][276]LogSavePackage:Display: Finished SavePackage ../../../../../../Users/jordansoy/Documents/Unreal Projects/Supervivencia/Content/AiEnemigo.uasset
[2017.11.27-09.02.46:227][323]LogTemp: Repeting last play command: Selected Viewport
[2017.11.27-09.02.46:249][323]LogPlayLevel: PlayLevel: No blueprints needed recompiling
[2017.11.27-09.02.46:249][323]PIE: New page: PIE session: Level2 (Nov 27, 2017, 11:02:46 AM)
[2017.11.27-09.02.46:249][323]LogPlayLevel: Creating play world package: /Game/UEDPIE_0_Level2
[2017.11.27-09.02.46:282][323]LogPlayLevel: PIE: StaticDuplicateObject took: (0.032996s)
[2017.11.27-09.02.46:283][323]LogAIModule: Creating AISystem for world Level2
[2017.11.27-09.02.46:283][323]LogPlayLevel: PIE: World Init took: (0.000911s)
[2017.11.27-09.02.46:283][323]LogPlayLevel: PIE: Created PIE world by copying editor world from /Game/Level2.Level2 to /Game/UEDPIE_0_Level2.Level2 (0.034121s)
[2017.11.27-09.02.46:316][323]LogInit: XAudio2 using 'Altavoces (Conexant SmartAudio HD)' : 2 channels at 44.1 kHz using 32 bits per sample (channel mask 0x3)
[2017.11.27-09.02.46:332][323]LogInit: FAudioDevice initialized.
[2017.11.27-09.02.46:366][323]LogLoad: Game class is 'ModoSupervivencia_C'
[2017.11.27-09.02.46:370][323]LogWorld: Bringing World /Game/UEDPIE_0_Level2.Level2 up for play (max tick rate 60) at 2017.11.27-10.02.46
[2017.11.27-09.02.46:370][323]LogWorld: Bringing up level for play took: 0.003622
[2017.11.27-09.02.46:372][323]LogBlueprintUserMessages:Warning: SetTimer passed a bad function (None) or object (AiEnemigo_C_0)
[2017.11.27-09.02.46:372][323]PIE: Info Play in editor start time for /Game/UEDPIE_0_Level2 -0.457
[2017.11.27-09.02.53:425][465]LogEditorTransaction: Undo Add In Parameter
[2017.11.27-09.02.55:594][494]Cmd: OBJ SAVEPACKAGE PACKAGE="/Game/AiEnemigo" FILE="../../../../../../Users/jordansoy/Documents/Unreal Projects/Supervivencia/Content/AiEnemigo.uasset" SILENT=true
[2017.11.27-09.02.55:621][494]LogSavePackage: Save=23.02ms
[2017.11.27-09.02.55:621][494]LogSavePackage: Moving '../../../../../../Users/jordansoy/Documents/Unreal Projects/Supervivencia/Saved/AiEnemigo97DF2E5A45B3FECA647C59BFC63DE2D9.tmp' to '../../../../../../Users/jordansoy/Documents/Unreal Projects/Supervivencia/Content/AiEnemigo.uasset'
[2017.11.27-09.02.55:625][494]LogSavePackage:Display: Finished SavePackage ../../../../../../Users/jordansoy/Documents/Unreal Projects/Supervivencia/Content/AiEnemigo.uasset
[2017.11.27-09.03.36:790][832]BlueprintLog: New page: Compile AiEnemigo
[2017.11.27-09.03.37:500][840]Cmd: OBJ SAVEPACKAGE PACKAGE="/Game/AiEnemigo" FILE="../../../../../../Users/jordansoy/Documents/Unreal Projects/Supervivencia/Content/AiEnemigo.uasset" SILENT=true
[2017.11.27-09.03.37:529][840]LogSavePackage: Save=23.09ms
[2017.11.27-09.03.37:529][840]LogSavePackage: Moving '../../../../../../Users/jordansoy/Documents/Unreal Projects/Supervivencia/Saved/AiEnemigo27B6CF4E4C3FAF690E294385B7E41AA4.tmp' to '../../../../../../Users/jordansoy/Documents/Unreal Projects/Supervivencia/Content/AiEnemigo.uasset'
[2017.11.27-09.03.37:530][840]LogSavePackage:Display: Finished SavePackage ../../../../../../Users/jordansoy/Documents/Unreal Projects/Supervivencia/Content/AiEnemigo.uasset
[2017.11.27-09.04.39:078][472]BlueprintLog: New page: Compile Disparo
[2017.11.27-09.04.39:697][477]Cmd: OBJ SAVEPACKAGE PACKAGE="/Game/Disparo" FILE="../../../../../../Users/jordansoy/Documents/Unreal Projects/Supervivencia/Content/Disparo.uasset" SILENT=true
[2017.11.27-09.04.39:718][477]LogSavePackage: Save=15.47ms
[2017.11.27-09.04.39:718][477]LogSavePackage: Moving '../../../../../../Users/jordansoy/Documents/Unreal Projects/Supervivencia/Saved/Disparo64B47FC7418C51B0DB8F8593FBACB676.tmp' to '../../../../../../Users/jordansoy/Documents/Unreal Projects/Supervivencia/Content/Disparo.uasset'
[2017.11.27-09.04.39:721][477]LogSavePackage:Display: Finished SavePackage ../../../../../../Users/jordansoy/Documents/Unreal Projects/Supervivencia/Content/Disparo.uasset
[2017.11.27-09.06.04:301][355]Cmd: OBJ SAVEPACKAGE PACKAGE="/Game/Disparo" FILE="../../../../../../Users/jordansoy/Documents/Unreal Projects/Supervivencia/Content/Disparo.uasset" SILENT=true
[2017.11.27-09.06.04:336][355]LogSavePackage: Save=21.75ms
[2017.11.27-09.06.04:336][355]LogSavePackage: Moving '../../../../../../Users/jordansoy/Documents/Unreal Projects/Supervivencia/Saved/Disparo3A657EC143DAF70F78D34FA806B9D294.tmp' to '../../../../../../Users/jordansoy/Documents/Unreal Projects/Supervivencia/Content/Disparo.uasset'
[2017.11.27-09.06.04:339][355]LogSavePackage:Display: Finished SavePackage ../../../../../../Users/jordansoy/Documents/Unreal Projects/Supervivencia/Content/Disparo.uasset
[2017.11.27-09.06.04:973][363]BlueprintLog: New page: Compile Disparo
[2017.11.27-09.06.06:534][377]LogActorComponent: UnregisterComponent: (/Engine/Transient.EditorFloorComp) Not registered. Aborting.
[2017.11.27-09.07.59:415][573]BlueprintLog: New page: Compile Arma
[2017.11.27-09.08.00:313][580]Cmd: OBJ SAVEPACKAGE PACKAGE="/Game/Arma" FILE="../../../../../../Users/jordansoy/Documents/Unreal Projects/Supervivencia/Content/Arma.uasset" SILENT=true
[2017.11.27-09.08.00:338][580]LogSavePackage: Save=22.52ms
[2017.11.27-09.08.00:338][580]LogSavePackage: Moving '../../../../../../Users/jordansoy/Documents/Unreal Projects/Supervivencia/Saved/ArmaA84AA82B436C586B4AC29683B9189796.tmp' to '../../../../../../Users/jordansoy/Documents/Unreal Projects/Supervivencia/Content/Arma.uasset'
[2017.11.27-09.08.00:341][580]LogSavePackage:Display: Finished SavePackage ../../../../../../Users/jordansoy/Documents/Unreal Projects/Supervivencia/Content/Arma.uasset
[2017.11.27-09.09.20:223][700]LogSlate:Warning: Prevented a slow task dialog from being summoned while a context menu was open
[2017.11.27-09.13.07:581][658]LogFileHelpers: Editor autosave (incl. sublevels) for '/Game/Level2' took 0.043
[2017.11.27-09.13.07:583][658]OBJ SavePackage: Generating thumbnails for [1] asset(s) in package [/Game/Arma] ([1] browsable assets)...
[2017.11.27-09.13.07:606][658]OBJ SavePackage:     Rendered thumbnail for [Blueprint /Game/Arma.Arma]
[2017.11.27-09.13.07:606][658]OBJ SavePackage: Finished generating thumbnails for package [/Game/Arma]
[2017.11.27-09.13.07:606][658]Cmd: OBJ SAVEPACKAGE PACKAGE="/Game/Arma" FILE="../../../../../../Users/jordansoy/Documents/Unreal Projects/Supervivencia/Saved/Autosaves/Game/Arma_Auto1.uasset" SILENT=false AUTOSAVING=true
[2017.11.27-09.13.07:661][658]LogSavePackage: Save=40.10ms
[2017.11.27-09.13.07:661][658]LogSavePackage: Moving '../../../../../../Users/jordansoy/Documents/Unreal Projects/Supervivencia/Saved/Arma_Auto10677F2FF431FC58C5C5AB2BF99BD5C79.tmp' to '../../../../../../Users/jordansoy/Documents/Unreal Projects/Supervivencia/Saved/Autosaves/Game/Arma_Auto1.uasset'
[2017.11.27-09.13.07:664][658]LogSavePackage:Display: Finished SavePackage ../../../../../../Users/jordansoy/Documents/Unreal Projects/Supervivencia/Saved/Autosaves/Game/Arma_Auto1.uasset
[2017.11.27-09.13.07:664][658]LogFileHelpers: Auto-saving content packages took 0.082
[2017.11.27-09.13.20:470][735]BlueprintLog: New page: Compile Arma
[2017.11.27-09.13.21:289][742]Cmd: OBJ SAVEPACKAGE PACKAGE="/Game/Arma" FILE="../../../../../../Users/jordansoy/Documents/Unreal Projects/Supervivencia/Content/Arma.uasset" SILENT=true
[2017.11.27-09.13.21:333][742]LogSavePackage: Save=39.70ms
[2017.11.27-09.13.21:333][742]LogSavePackage: Moving '../../../../../../Users/jordansoy/Documents/Unreal Projects/Supervivencia/Saved/Arma0332242E48384D25FDABA8B4FE5AFDC2.tmp' to '../../../../../../Users/jordansoy/Documents/Unreal Projects/Supervivencia/Content/Arma.uasset'
[2017.11.27-09.13.21:337][742]LogSavePackage:Display: Finished SavePackage ../../../../../../Users/jordansoy/Documents/Unreal Projects/Supervivencia/Content/Arma.uasset
[2017.11.27-09.13.51:269][ 88]BlueprintLog: New page: Compile Jugador
[2017.11.27-09.14.20:298][489]LogSlate:Warning: Prevented a slow task dialog from being summoned while a context menu was open
[2017.11.27-09.14.38:764][751]LogRenderer: Reallocating scene render targets to support 1452x900 NumSamples 1 (Frame:270).
[2017.11.27-09.14.55:358][921]BlueprintLog: New page: Compile Jugador
[2017.11.27-09.14.55:371][921]LogBlueprint:Error: [Compiler Jugador] Error The current value of the ' Spawn Transform ' pin is invalid: 'Spawn Transform' must have an input wired into it ("by ref" params expect a valid input to operate on).
[2017.11.27-09.14.55:371][921]LogBlueprint:Error: [Compiler Jugador] Error The current value of the ' Spawn Transform ' pin is invalid: 'Spawn Transform' must have an input wired into it ("by ref" params expect a valid input to operate on).
[2017.11.27-09.14.55:375][921]LogBlueprint:Error: [Compiler Jugador] Error The current value of the ' Spawn Transform ' pin is invalid: 'Spawn Transform' must have an input wired into it ("by ref" params expect a valid input to operate on).
[2017.11.27-09.14.55:375][921]LogBlueprint:Error: [Compiler Jugador] Error The current value of the ' Spawn Transform ' pin is invalid: 'Spawn Transform' must have an input wired into it ("by ref" params expect a valid input to operate on).
[2017.11.27-09.14.55:602][921]BlueprintEditorCompileResults:Error: Error The current value of the ' Spawn Transform ' pin is invalid: 'Spawn Transform' must have an input wired into it ("by ref" params expect a valid input to operate on).
[2017.11.27-09.14.55:602][921]BlueprintEditorCompileResults:Error: Error The current value of the ' Spawn Transform ' pin is invalid: 'Spawn Transform' must have an input wired into it ("by ref" params expect a valid input to operate on).
[2017.11.27-09.14.55:603][921]LogBlueprint:Warning: [Compiler Jugador] Warning [5259.02] Compile of Jugador failed. 2 Fatal Issue(s) 0 Warning(s) [in 244 ms] (/Game/Jugador.Jugador)
[2017.11.27-09.15.08:825][ 63]BlueprintLog: New page: Compile Jugador
[2017.11.27-09.15.08:845][ 63]LogBlueprint:Error: [Compiler Jugador] Error The current value of the ' Spawn Transform ' pin is invalid: 'Spawn Transform' must have an input wired into it ("by ref" params expect a valid input to operate on).
[2017.11.27-09.15.08:845][ 63]LogBlueprint:Error: [Compiler Jugador] Error The current value of the ' Spawn Transform ' pin is invalid: 'Spawn Transform' must have an input wired into it ("by ref" params expect a valid input to operate on).
[2017.11.27-09.15.08:852][ 63]LogBlueprint:Error: [Compiler Jugador] Error The current value of the ' Spawn Transform ' pin is invalid: 'Spawn Transform' must have an input wired into it ("by ref" params expect a valid input to operate on).
[2017.11.27-09.15.08:852][ 63]LogBlueprint:Error: [Compiler Jugador] Error The current value of the ' Spawn Transform ' pin is invalid: 'Spawn Transform' must have an input wired into it ("by ref" params expect a valid input to operate on).
[2017.11.27-09.15.09:405][ 63]BlueprintEditorCompileResults:Error: Error The current value of the ' Spawn Transform ' pin is invalid: 'Spawn Transform' must have an input wired into it ("by ref" params expect a valid input to operate on).
[2017.11.27-09.15.09:405][ 63]BlueprintEditorCompileResults:Error: Error The current value of the ' Spawn Transform ' pin is invalid: 'Spawn Transform' must have an input wired into it ("by ref" params expect a valid input to operate on).
[2017.11.27-09.15.09:405][ 63]LogBlueprint:Warning: [Compiler Jugador] Warning [5272.82] Compile of Jugador failed. 2 Fatal Issue(s) 0 Warning(s) [in 580 ms] (/Game/Jugador.Jugador)
[2017.11.27-09.15.31:813][371]BlueprintLog: New page: Compile Jugador
[2017.11.27-09.15.46:196][510]Cmd: OBJ SAVEPACKAGE PACKAGE="/Game/Jugador" FILE="../../../../../../Users/jordansoy/Documents/Unreal Projects/Supervivencia/Content/Jugador.uasset" SILENT=true
[2017.11.27-09.15.46:272][510]LogSavePackage: Save=63.31ms
[2017.11.27-09.15.46:272][510]LogSavePackage: Moving '../../../../../../Users/jordansoy/Documents/Unreal Projects/Supervivencia/Saved/Jugador60639EA247C28DFBA8B11CB9A19CC4FB.tmp' to '../../../../../../Users/jordansoy/Documents/Unreal Projects/Supervivencia/Content/Jugador.uasset'
[2017.11.27-09.15.46:277][510]LogSavePackage:Display: Finished SavePackage ../../../../../../Users/jordansoy/Documents/Unreal Projects/Supervivencia/Content/Jugador.uasset
[2017.11.27-09.15.50:026][565]Cmd: OBJ SAVEPACKAGE PACKAGE="/Game/Level2" FILE="../../../../../../Users/jordansoy/Documents/Unreal Projects/Supervivencia/Content/Level2.umap" SILENT=true AUTOSAVING=false KEEPDIRTY=false
[2017.11.27-09.15.50:373][565]LogSavePackage: Save=300.29ms
[2017.11.27-09.15.50:373][565]LogSavePackage: Moving '../../../../../../Users/jordansoy/Documents/Unreal Projects/Supervivencia/Saved/Level2D229865D4C77BDC062C6BFA74303E8E3.tmp' to '../../../../../../Users/jordansoy/Documents/Unreal Projects/Supervivencia/Content/Level2.umap'
[2017.11.27-09.15.50:375][565]LogSavePackage:Display: Finished SavePackage ../../../../../../Users/jordansoy/Documents/Unreal Projects/Supervivencia/Content/Level2.umap
[2017.11.27-09.15.51:309][575]Cmd: QUIT_EDITOR
[2017.11.27-09.15.52:252][575]LogWindowsTextInputMethodSystem:Display: IME system now deactivated.
[2017.11.27-09.15.52:268][575]LogExit: Preparing to exit.
[2017.11.27-09.15.53:282][575]LogDirectoryWatcher: A directory notification for 'C:/Users/jordansoy/Documents/Unreal Projects/Supervivencia/Content/' was aborted.
[2017.11.27-09.15.53:403][575]LogExit: Editor shut down
[2017.11.27-09.15.53:443][575]LogExit: Transaction tracking system shut down
[2017.11.27-09.15.53:715][575]LogObj: Freed 0b from 0 cluster array pools.
[2017.11.27-09.15.53:715][575]LogExit: Object subsystem successfully closed.
[2017.11.27-09.15.53:761][575]LogD3D11RHI: Shutdown
[2017.11.27-09.15.53:761][575]LogD3D11RHI: CleanupD3DDevice
[2017.11.27-09.15.53:889][575]LogD3D11RHI: ~FD3D11DynamicRHI
[2017.11.27-09.15.53:930][575]LogModuleManager: Shutting down and abandoning module HierarchicalLODUtilities (532)
[2017.11.27-09.15.53:930][575]LogModuleManager: Shutting down and abandoning module MovieSceneCapture (530)
[2017.11.27-09.15.53:930][575]LogModuleManager: Shutting down and abandoning module BlueprintGraph (528)
[2017.11.27-09.15.53:930][575]LogModuleManager: Shutting down and abandoning module BlueprintProfiler (526)
[2017.11.27-09.15.53:931][575]LogModuleManager: Shutting down and abandoning module HierarchicalLODOutliner (524)
[2017.11.27-09.15.53:931][575]LogModuleManager: Shutting down and abandoning module CrashTracker (522)
[2017.11.27-09.15.53:931][575]LogModuleManager: Shutting down and abandoning module SceneOutliner (520)
[2017.11.27-09.15.53:931][575]LogModuleManager: Shutting down and abandoning module AddContentDialog (518)
[2017.11.27-09.15.53:934][575]LogDirectoryWatcher: A directory notification for 'C:/Program Files/Epic Games/UE_4.16/FeaturePacks/' was aborted.
[2017.11.27-09.15.53:942][575]LogModuleManager: Shutting down and abandoning module WidgetCarousel (517)
[2017.11.27-09.15.53:942][575]LogModuleManager: Shutting down and abandoning module EditorWidgets (514)
[2017.11.27-09.15.53:942][575]LogModuleManager: Shutting down and abandoning module CollectionManager (512)
[2017.11.27-09.15.53:942][575]LogDirectoryWatcher: A directory notification for 'C:/Users/jordansoy/Documents/Unreal Projects/Supervivencia/Content/Collections/' was aborted.
[2017.11.27-09.15.53:943][575]LogDirectoryWatcher: A directory notification for 'C:/Users/jordansoy/Documents/Unreal Projects/Supervivencia/Content/Developers/jordansoy/Collections/' was aborted.
[2017.11.27-09.15.53:943][575]LogDirectoryWatcher: A directory notification for 'C:/Users/jordansoy/Documents/Unreal Projects/Supervivencia/Saved/Collections/' was aborted.
[2017.11.27-09.15.53:943][575]LogModuleManager: Shutting down and abandoning module StatsViewer (510)
[2017.11.27-09.15.53:943][575]LogModuleManager: Shutting down and abandoning module FoliageEdit (508)
[2017.11.27-09.15.53:943][575]LogModuleManager: Shutting down and abandoning module LandscapeEditor (506)
[2017.11.27-09.15.53:943][575]LogModuleManager: Shutting down and abandoning module MeshPaintMode (504)
[2017.11.27-09.15.53:943][575]LogModuleManager: Shutting down and abandoning module SceneDepthPickerMode (502)
[2017.11.27-09.15.53:943][575]LogModuleManager: Shutting down and abandoning module ActorPickerMode (500)
[2017.11.27-09.15.53:943][575]LogModuleManager: Shutting down and abandoning module GeometryMode (498)
[2017.11.27-09.15.53:943][575]LogModuleManager: Shutting down and abandoning module TextureAlignMode (496)
[2017.11.27-09.15.53:943][575]LogModuleManager: Shutting down and abandoning module BspMode (494)
[2017.11.27-09.15.53:943][575]LogModuleManager: Shutting down and abandoning module HardwareSurvey (492)
[2017.11.27-09.15.53:943][575]LogModuleManager: Shutting down and abandoning module SequenceRecorderSections (490)
[2017.11.27-09.15.53:943][575]LogModuleManager: Shutting down and abandoning module AutomationWorker (488)
[2017.11.27-09.15.53:943][575]LogModuleManager: Shutting down and abandoning module MatineeToLevelSequence (486)
[2017.11.27-09.15.53:943][575]LogModuleManager: Shutting down and abandoning module LevelSequenceEditor (484)
[2017.11.27-09.15.53:943][575]LogModuleManager: Shutting down and abandoning module PlacementMode (483)
[2017.11.27-09.15.53:943][575]LogModuleManager: Shutting down and abandoning module WmfMediaFactory (480)
[2017.11.27-09.15.53:943][575]LogModuleManager: Shutting down and abandoning module WmfMediaEditor (478)
[2017.11.27-09.15.53:943][575]LogModuleManager: Shutting down and abandoning module AvfMediaFactory (476)
[2017.11.27-09.15.53:943][575]LogModuleManager: Shutting down and abandoning module AvfMediaEditor (474)
[2017.11.27-09.15.53:943][575]LogModuleManager: Shutting down and abandoning module AndroidMediaFactory (472)
[2017.11.27-09.15.53:943][575]LogModuleManager: Shutting down and abandoning module Media (471)
[2017.11.27-09.15.53:943][575]LogModuleManager: Shutting down and abandoning module AndroidMediaEditor (468)
[2017.11.27-09.15.53:943][575]LogModuleManager: Shutting down and abandoning module CharacterAI (466)
[2017.11.27-09.15.53:943][575]LogModuleManager: Shutting down and abandoning module AudioCapture (464)
[2017.11.27-09.15.53:943][575]LogModuleManager: Shutting down and abandoning module SequenceRecorder (463)
[2017.11.27-09.15.53:944][575]LogModuleManager: Shutting down and abandoning module SmartSnapping (460)
[2017.11.27-09.15.53:944][575]LogModuleManager: Shutting down and abandoning module SessionServices (458)
[2017.11.27-09.15.53:944][575]LogModuleManager: Shutting down and abandoning module ViewportSnapping (456)
[2017.11.27-09.15.53:944][575]LogModuleManager: Shutting down and abandoning module ViewportInteraction (454)
[2017.11.27-09.15.53:944][575]LogModuleManager: Shutting down and abandoning module ClothPainter (452)
[2017.11.27-09.15.53:944][575]LogModuleManager: Shutting down and abandoning module LogVisualizer (450)
[2017.11.27-09.15.53:944][575]LogModuleManager: Shutting down and abandoning module IntroTutorials (448)
[2017.11.27-09.15.53:944][575]LogModuleManager: Shutting down and abandoning module GameProjectGeneration (447)
[2017.11.27-09.15.53:944][575]LogModuleManager: Shutting down and abandoning module EditorLiveStreaming (444)
[2017.11.27-09.15.53:944][575]LogModuleManager: Shutting down and abandoning module IOSPlatformEditor (442)
[2017.11.27-09.15.53:944][575]LogModuleManager: Shutting down and abandoning module HTML5PlatformEditor (440)
[2017.11.27-09.15.53:944][575]LogModuleManager: Shutting down and abandoning module AndroidPlatformEditor (438)
[2017.11.27-09.15.53:944][575]LogModuleManager: Shutting down and abandoning module AndroidDeviceDetection (437)
[2017.11.27-09.15.54:166][575]LogModuleManager: Shutting down and abandoning module IOSRuntimeSettings (434)
[2017.11.27-09.15.54:166][575]LogModuleManager: Shutting down and abandoning module AndroidRuntimeSettings (432)
[2017.11.27-09.15.54:166][575]LogModuleManager: Shutting down and abandoning module InputBindingEditor (430)
[2017.11.27-09.15.54:166][575]LogModuleManager: Shutting down and abandoning module MergeActors (428)
[2017.11.27-09.15.54:166][575]LogModuleManager: Shutting down and abandoning module SizeMap (426)
[2017.11.27-09.15.54:166][575]LogModuleManager: Shutting down and abandoning module TreeMap (424)
[2017.11.27-09.15.54:166][575]LogModuleManager: Shutting down and abandoning module ReferenceViewer (422)
[2017.11.27-09.15.54:166][575]LogModuleManager: Shutting down and abandoning module LocalizationDashboard (420)
[2017.11.27-09.15.54:166][575]LogModuleManager: Shutting down and abandoning module LocalizationService (419)
[2017.11.27-09.15.54:166][575]LogModuleManager: Shutting down and abandoning module HardwareTargeting (416)
[2017.11.27-09.15.54:166][575]LogModuleManager: Shutting down and abandoning module DeviceProfileEditor (414)
[2017.11.27-09.15.54:167][575]LogModuleManager: Shutting down and abandoning module UndoHistory (412)
[2017.11.27-09.15.54:167][575]LogModuleManager: Shutting down and abandoning module UserFeedback (410)
[2017.11.27-09.15.54:167][575]LogModuleManager: Shutting down and abandoning module XmlParser (408)
[2017.11.27-09.15.54:167][575]LogModuleManager: Shutting down and abandoning module Blutility (406)
[2017.11.27-09.15.54:167][575]LogModuleManager: Shutting down and abandoning module ProjectSettingsViewer (404)
[2017.11.27-09.15.54:167][575]LogModuleManager: Shutting down and abandoning module ProjectTargetPlatformEditor (403)
[2017.11.27-09.15.54:167][575]LogModuleManager: Shutting down and abandoning module EditorSettingsViewer (400)
[2017.11.27-09.15.54:167][575]LogModuleManager: Shutting down and abandoning module SettingsEditor (398)
[2017.11.27-09.15.54:167][575]LogModuleManager: Shutting down and abandoning module ProjectLauncher (396)
[2017.11.27-09.15.54:167][575]LogModuleManager: Shutting down and abandoning module SessionFrontend (394)
[2017.11.27-09.15.54:167][575]LogModuleManager: Shutting down and abandoning module ProfilerClient (392)
[2017.11.27-09.15.54:167][575]LogModuleManager: Shutting down and abandoning module DeviceManager (390)
[2017.11.27-09.15.54:167][575]LogModuleManager: Shutting down and abandoning module TargetDeviceServices (389)
[2017.11.27-09.15.54:232][575]LogModuleManager: Shutting down and abandoning module AutomationController (386)
[2017.11.27-09.15.54:232][575]LogModuleManager: Shutting down and abandoning module AutomationWindow (384)
[2017.11.27-09.15.54:232][575]LogModuleManager: Shutting down and abandoning module Layers (382)
[2017.11.27-09.15.54:232][575]LogModuleManager: Shutting down and abandoning module ComponentVisualizers (380)
[2017.11.27-09.15.54:232][575]LogModuleManager: Shutting down and abandoning module DetailCustomizations (378)
[2017.11.27-09.15.54:232][575]LogModuleManager: Shutting down and abandoning module PackagesDialog (376)
[2017.11.27-09.15.54:232][575]LogModuleManager: Shutting down and abandoning module Persona (374)
[2017.11.27-09.15.54:233][575]LogModuleManager: Shutting down and abandoning module AdvancedPreviewScene (373)
[2017.11.27-09.15.54:233][575]LogModuleManager: Shutting down and abandoning module AnimGraph (371)
[2017.11.27-09.15.54:233][575]LogModuleManager: Shutting down and abandoning module Kismet (368)
[2017.11.27-09.15.54:240][575]LogModuleManager: Shutting down and abandoning module ClassViewer (366)
[2017.11.27-09.15.54:241][575]LogModuleManager: Shutting down and abandoning module Toolbox (364)
[2017.11.27-09.15.54:241][575]LogModuleManager: Shutting down and abandoning module ModuleUI (362)
[2017.11.27-09.15.54:241][575]LogModuleManager: Shutting down and abandoning module MovieSceneTools (360)
[2017.11.27-09.15.54:242][575]LogModuleManager: Shutting down and abandoning module OutputLog (358)
[2017.11.27-09.15.54:242][575]LogModuleManager: Shutting down and abandoning module GammaUI (356)
[2017.11.27-09.15.54:242][575]LogModuleManager: Shutting down and abandoning module Documentation (354)
[2017.11.27-09.15.54:242][575]LogModuleManager: Shutting down and abandoning module MovieSceneTracks (352)
[2017.11.27-09.15.54:242][575]LogModuleManager: Shutting down and abandoning module MovieScene (350)
[2017.11.27-09.15.54:242][575]LogModuleManager: Shutting down and abandoning module Niagara (348)
[2017.11.27-09.15.54:242][575]LogModuleManager: Shutting down and abandoning module NiagaraEditor (347)
[2017.11.27-09.15.54:242][575]LogModuleManager: Shutting down and abandoning module StreamingPauseRendering (344)
[2017.11.27-09.15.54:242][575]LogModuleManager: Shutting down and abandoning module AnalyticsET (342)
[2017.11.27-09.15.54:242][575]LogModuleManager: Shutting down and abandoning module PortalServices (340)
[2017.11.27-09.15.54:242][575]LogModuleManager: Shutting down and abandoning module PortalRpc (338)
[2017.11.27-09.15.54:242][575]LogModuleManager: Shutting down and abandoning module MessagingRpc (336)
[2017.11.27-09.15.54:242][575]LogModuleManager: Shutting down and abandoning module AIModule (334)
[2017.11.27-09.15.54:242][575]LogModuleManager: Shutting down and abandoning module GameplayDebugger (333)
[2017.11.27-09.15.54:242][575]LogModuleManager: Shutting down and abandoning module AITestSuite (331)
[2017.11.27-09.15.54:242][575]LogModuleManager: Shutting down and abandoning module ProfilerService (328)
[2017.11.27-09.15.54:376][575]LogModuleManager: Shutting down and abandoning module TaskGraph (326)
[2017.11.27-09.15.54:376][575]LogModuleManager: Shutting down and abandoning module SteamVRController (324)
[2017.11.27-09.15.54:376][575]LogModuleManager: Shutting down and abandoning module SteamVR (322)
[2017.11.27-09.15.54:376][575]LogModuleManager: Shutting down and abandoning module ProceduralMeshComponentEditor (320)
[2017.11.27-09.15.54:376][575]LogModuleManager: Shutting down and abandoning module ProceduralMeshComponent (318)
[2017.11.27-09.15.54:376][575]LogModuleManager: Shutting down and abandoning module OculusLibrary (316)
[2017.11.27-09.15.54:376][575]LogModuleManager: Shutting down and abandoning module OculusInput (314)
[2017.11.27-09.15.54:376][575]LogModuleManager: Shutting down and abandoning module MobilePatchingUtils (312)
[2017.11.27-09.15.54:376][575]LogModuleManager: Shutting down and abandoning module CustomMeshComponent (310)
[2017.11.27-09.15.54:376][575]LogModuleManager: Shutting down and abandoning module CableComponent (308)
[2017.11.27-09.15.54:376][575]LogModuleManager: Shutting down and abandoning module ArchVisCharacter (306)
[2017.11.27-09.15.54:376][575]LogModuleManager: Shutting down and abandoning module AndroidPermission (304)
[2017.11.27-09.15.54:376][575]LogModuleManager: Shutting down and abandoning module MediaPlayerEditor (300)
[2017.11.27-09.15.54:376][575]LogModuleManager: Shutting down and abandoning module HTML5Networking (298)
[2017.11.27-09.15.54:376][575]LogModuleManager: Shutting down and abandoning module AlembicImporter (296)
[2017.11.27-09.15.54:376][575]LogModuleManager: Shutting down and abandoning module AlembicLibrary (295)
[2017.11.27-09.15.54:376][575]LogModuleManager: Shutting down and abandoning module GeometryCache (294)
[2017.11.27-09.15.54:376][575]LogModuleManager: Shutting down and abandoning module GeometryCacheEd (293)
[2017.11.27-09.15.54:376][575]LogModuleManager: Shutting down and abandoning module SuperSearchEditor (288)
[2017.11.27-09.15.54:376][575]LogModuleManager: Shutting down and abandoning module SuperSearch (287)
[2017.11.27-09.15.54:376][575]LogModuleManager: Shutting down and abandoning module SpeedTreeImporter (284)
[2017.11.27-09.15.54:377][575]LogModuleManager: Shutting down and abandoning module PluginBrowser (282)
[2017.11.27-09.15.54:377][575]LogModuleManager: Shutting down and abandoning module MobileLauncherProfileWizard (280)
[2017.11.27-09.15.54:377][575]LogModuleManager: Shutting down and abandoning module VisualStudioSourceCodeAccess (278)
[2017.11.27-09.15.54:377][575]LogModuleManager: Shutting down and abandoning module DesktopPlatform (277)
[2017.11.27-09.15.54:377][575]LogModuleManager: Shutting down and abandoning module UObjectPlugin (274)
[2017.11.27-09.15.54:377][575]LogModuleManager: Shutting down and abandoning module SubversionSourceControl (272)
[2017.11.27-09.15.54:377][575]LogModuleManager: Shutting down and abandoning module PerforceSourceControl (270)
[2017.11.27-09.15.54:377][575]LogModuleManager: Shutting down and abandoning module GitSourceControl (268)
[2017.11.27-09.15.54:377][575]LogModuleManager: Shutting down and abandoning module SourceControl (267)
[2017.11.27-09.15.54:377][575]LogModuleManager: Shutting down and abandoning module LightPropagationVolumeEditor (264)
[2017.11.27-09.15.54:377][575]LogModuleManager: Shutting down and abandoning module PaperTiledImporter (262)
[2017.11.27-09.15.54:377][575]LogModuleManager: Shutting down and abandoning module PaperSpriteSheetImporter (260)
[2017.11.27-09.15.54:377][575]LogModuleManager: Shutting down and abandoning module Paper2DEditor (258)
[2017.11.27-09.15.54:377][575]LogModuleManager: Shutting down and abandoning module MeshPaint (257)
[2017.11.27-09.15.54:377][575]LogModuleManager: Shutting down and abandoning module LevelEditor (255)
[2017.11.27-09.15.54:378][575]LogModuleManager: Shutting down and abandoning module PixelInspectorModule (254)
[2017.11.27-09.15.54:378][575]LogModuleManager: Shutting down and abandoning module MainFrame (252)
[2017.11.27-09.15.54:378][575]LogModuleManager: Shutting down and abandoning module HotReload (251)
[2017.11.27-09.15.54:379][575]LogModuleManager: Shutting down and abandoning module PhysXVehiclesEditor (246)
[2017.11.27-09.15.54:379][575]LogModuleManager: Shutting down and abandoning module PhysXVehicles (244)
[2017.11.27-09.15.54:379][575]LogModuleManager: Shutting down and abandoning module LocationServicesBPLibrary (242)
[2017.11.27-09.15.54:379][575]LogModuleManager: Shutting down and abandoning module ImmediatePhysicsEditor (240)
[2017.11.27-09.15.54:379][575]LogModuleManager: Shutting down and abandoning module ImmediatePhysics (238)
[2017.11.27-09.15.54:379][575]LogModuleManager: Shutting down and abandoning module UdpMessaging (236)
[2017.11.27-09.15.54:480][575]LogModuleManager: Shutting down and abandoning module TcpMessaging (234)
[2017.11.27-09.15.54:581][575]LogModuleManager: Shutting down and abandoning module GameplayTagsEditor (232)
[2017.11.27-09.15.54:581][575]LogModuleManager: Shutting down and abandoning module FacialAnimationEditor (230)
[2017.11.27-09.15.54:581][575]LogModuleManager: Shutting down and abandoning module FacialAnimation (228)
[2017.11.27-09.15.54:581][575]LogModuleManager: Shutting down and abandoning module AssetManagerEditor (226)
[2017.11.27-09.15.54:581][575]LogModuleManager: Shutting down and abandoning module GraphEditor (225)
[2017.11.27-09.15.54:581][575]LogModuleManager: Shutting down and abandoning module ContentBrowser (223)
[2017.11.27-09.15.54:583][575]LogModuleManager: Shutting down and abandoning module LightPropagationVolumeRuntime (220)
[2017.11.27-09.15.54:583][575]LogModuleManager: Shutting down and abandoning module Paper2D (218)
[2017.11.27-09.15.54:583][575]LogModuleManager: Shutting down and abandoning module WindowsMoviePlayer (216)
[2017.11.27-09.15.54:583][575]LogModuleManager: Shutting down and abandoning module WmfMedia (214)
[2017.11.27-09.15.54:583][575]LogModuleManager: Shutting down and abandoning module ClothingSystemEditor (212)
[2017.11.27-09.15.54:583][575]LogModuleManager: Shutting down and abandoning module ClothingSystemRuntime (210)
[2017.11.27-09.15.54:583][575]LogModuleManager: Shutting down and abandoning module MediaAssets (208)
[2017.11.27-09.15.54:583][575]LogModuleManager: Shutting down and abandoning module GameLiveStreaming (206)
[2017.11.27-09.15.54:583][575]LogModuleManager: Shutting down and abandoning module VREditor (204)
[2017.11.27-09.15.54:583][575]LogModuleManager: Shutting down and abandoning module StringTableEditor (202)
[2017.11.27-09.15.54:583][575]LogModuleManager: Shutting down and abandoning module GameplayTasksEditor (200)
[2017.11.27-09.15.54:583][575]LogModuleManager: Shutting down and abandoning module BehaviorTreeEditor (198)
[2017.11.27-09.15.54:583][575]LogModuleManager: Shutting down and abandoning module FunctionalTesting (196)
[2017.11.27-09.15.54:583][575]LogModuleManager: Shutting down and abandoning module CollisionAnalyzer (194)
[2017.11.27-09.15.54:583][575]LogModuleManager: Shutting down and abandoning module UMG (192)
[2017.11.27-09.15.54:583][575]LogModuleManager: Shutting down and abandoning module UMGEditor (191)
[2017.11.27-09.15.54:583][575]LogModuleManager: Shutting down and abandoning module Sequencer (190)
[2017.11.27-09.15.54:583][575]LogModuleManager: Shutting down and abandoning module AssetTools (188)
[2017.11.27-09.15.54:583][575]LogModuleManager: Shutting down and abandoning module MessageLog (187)
[2017.11.27-09.15.54:583][575]LogModuleManager: Shutting down and abandoning module WorkspaceMenuStructure (186)
[2017.11.27-09.15.54:583][575]LogModuleManager: Shutting down and abandoning module SlateReflector (180)
[2017.11.27-09.15.54:583][575]LogModuleManager: Shutting down and abandoning module Slate (178)
[2017.11.27-09.15.54:583][575]LogModuleManager: Shutting down and abandoning module EditorStyle (176)
[2017.11.27-09.15.54:586][575]LogModuleManager: Shutting down and abandoning module SourceCodeAccess (174)
[2017.11.27-09.15.54:586][575]LogModuleManager: Shutting down and abandoning module HeadMountedDisplay (172)
[2017.11.27-09.15.54:586][575]LogModuleManager: Shutting down and abandoning module XAudio2 (170)
[2017.11.27-09.15.54:586][575]LogModuleManager: Shutting down and abandoning module Networking (168)
[2017.11.27-09.15.54:586][575]LogModuleManager: Shutting down and abandoning module Core (164)
[2017.11.27-09.15.54:586][575]LogModuleManager: Shutting down and abandoning module AssetRegistry (162)
[2017.11.27-09.15.54:771][575]LogDirectoryWatcher: A directory notification for '../../../Engine/Content/' was aborted.
[2017.11.27-09.15.54:771][575]LogDirectoryWatcher: A directory notification for '../../../../../../Users/jordansoy/Documents/Unreal Projects/Supervivencia/Content/' was aborted.
[2017.11.27-09.15.54:771][575]LogDirectoryWatcher: A directory notification for '../../../Engine/Plugins/2D/Paper2D/Content/' was aborted.
[2017.11.27-09.15.54:771][575]LogDirectoryWatcher: A directory notification for '../../../Engine/Plugins/Runtime/GearVR/Content/' was aborted.
[2017.11.27-09.15.54:776][575]LogModuleManager: Shutting down and abandoning module DirectoryWatcher (161)
[2017.11.27-09.15.54:783][575]LogModuleManager: Shutting down and abandoning module KismetCompiler (158)
[2017.11.27-09.15.54:783][575]LogModuleManager: Shutting down and abandoning module LevelSequence (156)
[2017.11.27-09.15.54:783][575]LogModuleManager: Shutting down and abandoning module PhysXFormats (154)
[2017.11.27-09.15.54:783][575]LogModuleManager: Shutting down and abandoning module MeshUtilities (152)
[2017.11.27-09.15.54:783][575]LogModuleManager: Shutting down and abandoning module SimplygonSwarm (151)
[2017.11.27-09.15.54:783][575]LogModuleManager: Shutting down and abandoning module SimplygonMeshReduction (149)
[2017.11.27-09.15.54:784][575]LogModuleManager: Shutting down and abandoning module QuadricMeshReduction (147)
[2017.11.27-09.15.54:784][575]LogModuleManager: Shutting down and abandoning module DerivedDataCache (144)
[2017.11.27-09.15.54:819][575]LogDerivedDataCache: Shutdown
[2017.11.27-09.15.54:819][575]LogModuleManager: Shutting down and abandoning module TargetPlatform (142)
[2017.11.27-09.15.54:819][575]LogModuleManager: Shutting down and abandoning module VulkanShaderFormat (141)
[2017.11.27-09.15.54:819][575]LogModuleManager: Shutting down and abandoning module ShaderFormatVectorVM (139)
[2017.11.27-09.15.54:819][575]LogModuleManager: Shutting down and abandoning module ShaderFormatOpenGL (137)
[2017.11.27-09.15.54:819][575]LogModuleManager: Shutting down and abandoning module ShaderFormatD3D (135)
[2017.11.27-09.15.54:819][575]LogModuleManager: Shutting down and abandoning module MetalShaderFormat (133)
[2017.11.27-09.15.54:819][575]LogModuleManager: Shutting down and abandoning module TextureFormatUncompressed (131)
[2017.11.27-09.15.54:820][575]LogModuleManager: Shutting down and abandoning module TextureFormatPVR (129)
[2017.11.27-09.15.54:820][575]LogModuleManager: Shutting down and abandoning module TextureFormatDXT (127)
[2017.11.27-09.15.54:820][575]LogModuleManager: Shutting down and abandoning module TextureFormatIntelISPCTexComp (125)
[2017.11.27-09.15.54:820][575]LogModuleManager: Shutting down and abandoning module TextureFormatASTC (123)
[2017.11.27-09.15.54:820][575]LogModuleManager: Shutting down and abandoning module ImageWrapper (122)
[2017.11.27-09.15.54:820][575]LogModuleManager: Shutting down and abandoning module TextureFormatAndroid (119)
[2017.11.27-09.15.54:820][575]LogModuleManager: Shutting down and abandoning module AudioFormatOpus (117)
[2017.11.27-09.15.54:820][575]LogModuleManager: Shutting down and abandoning module AudioFormatOgg (115)
[2017.11.27-09.15.54:820][575]LogModuleManager: Shutting down and abandoning module AudioFormatADPCM (113)
[2017.11.27-09.15.54:820][575]LogModuleManager: Shutting down and abandoning module LinuxTargetPlatform (111)
[2017.11.27-09.15.54:820][575]LogModuleManager: Shutting down and abandoning module LinuxServerTargetPlatform (109)
[2017.11.27-09.15.54:820][575]LogModuleManager: Shutting down and abandoning module LinuxNoEditorTargetPlatform (107)
[2017.11.27-09.15.54:820][575]LogModuleManager: Shutting down and abandoning module LinuxClientTargetPlatform (105)
[2017.11.27-09.15.54:820][575]LogModuleManager: Shutting down and abandoning module TVOSTargetPlatform (103)
[2017.11.27-09.15.54:820][575]LogModuleManager: Shutting down and abandoning module Messaging (101)
[2017.11.27-09.15.54:820][575]LogModuleManager: Shutting down and abandoning module IOSTargetPlatform (99)
[2017.11.27-09.15.54:820][575]LogModuleManager: Shutting down and abandoning module HTML5TargetPlatform (97)
[2017.11.27-09.15.54:820][575]LogModuleManager: Shutting down and abandoning module Android_PVRTCTargetPlatform (95)
[2017.11.27-09.15.54:820][575]LogModuleManager: Shutting down and abandoning module Android_MultiTargetPlatform (93)
[2017.11.27-09.15.54:820][575]LogModuleManager: Shutting down and abandoning module Android_ETC2TargetPlatform (91)
[2017.11.27-09.15.54:820][575]LogModuleManager: Shutting down and abandoning module Android_ETC1TargetPlatform (89)
[2017.11.27-09.15.54:820][575]LogModuleManager: Shutting down and abandoning module Android_DXTTargetPlatform (87)
[2017.11.27-09.15.54:820][575]LogModuleManager: Shutting down and abandoning module Android_ATCTargetPlatform (85)
[2017.11.27-09.15.54:820][575]LogModuleManager: Shutting down and abandoning module Android_ASTCTargetPlatform (83)
[2017.11.27-09.15.54:820][575]LogModuleManager: Shutting down and abandoning module AndroidTargetPlatform (81)
[2017.11.27-09.15.54:820][575]LogModuleManager: Shutting down and abandoning module WindowsTargetPlatform (79)
[2017.11.27-09.15.54:820][575]LogModuleManager: Shutting down and abandoning module WindowsServerTargetPlatform (77)
[2017.11.27-09.15.54:820][575]LogModuleManager: Shutting down and abandoning module WindowsNoEditorTargetPlatform (75)
[2017.11.27-09.15.54:820][575]LogModuleManager: Shutting down and abandoning module WindowsClientTargetPlatform (73)
[2017.11.27-09.15.54:820][575]LogModuleManager: Shutting down and abandoning module MacTargetPlatform (71)
[2017.11.27-09.15.54:820][575]LogModuleManager: Shutting down and abandoning module MacServerTargetPlatform (69)
[2017.11.27-09.15.54:820][575]LogModuleManager: Shutting down and abandoning module MacNoEditorTargetPlatform (67)
[2017.11.27-09.15.54:820][575]LogModuleManager: Shutting down and abandoning module MacClientTargetPlatform (65)
[2017.11.27-09.15.54:820][575]LogModuleManager: Shutting down and abandoning module AllDesktopTargetPlatform (63)
[2017.11.27-09.15.54:821][575]LogModuleManager: Shutting down and abandoning module InputCore (60)
[2017.11.27-09.15.54:821][575]LogModuleManager: Shutting down and abandoning module Settings (58)
[2017.11.27-09.15.54:821][575]LogModuleManager: Shutting down and abandoning module OculusRift (56)
[2017.11.27-09.15.54:821][575]LogModuleManager: Shutting down and abandoning module GearVRController (54)
[2017.11.27-09.15.54:821][575]LogModuleManager: Shutting down and abandoning module GearVR (52)
[2017.11.27-09.15.54:821][575]LogModuleManager: Shutting down and abandoning module ExampleDeviceProfileSelector (50)
[2017.11.27-09.15.54:821][575]LogModuleManager: Shutting down and abandoning module OnlineBlueprintSupport (48)
[2017.11.27-09.15.54:821][575]LogModuleManager: Shutting down and abandoning module OnlineSubsystem (44)
[2017.11.27-09.15.54:821][575]LogOnline:Display: Unloading online subsystem: NULL
[2017.11.27-09.15.54:821][575]LogModuleManager: Shutting down and abandoning module XMPP (43)
[2017.11.27-09.15.54:821][575]LogModuleManager: Shutting down and abandoning module HTTP (41)
[2017.11.27-09.15.54:821][575]LogHttp:Display: Http module shutting down, but needs to wait on 1 outstanding Http requests:
[2017.11.27-09.15.54:821][575]LogHttp:Display: 	verb=[POST] url=[https://datarouter.ol.epicgames.com/datarouter/api/v1/public/data?SessionID=%7B7EB78249-4A2B-F382-3C62-7FAAF1AAF848%7D&AppID=UEEditor.Rocket.Release&AppVersion=4.16.3-3561208%2B%2B%2BUE4%2BRelease-4.16&UserID=55d5e35549391aeed6dbefa12c62ecd4%7C54df08e254f74fdab59a7e97ca138ec8%7C724b85d6-052f-4a43-aa7d-40a7b4070990&AppEnvironment=datacollector-binary&UploadType=eteventstream] status=Processing
[2017.11.27-09.15.54:846][575]LogModuleManager: Shutting down and abandoning module SSL (40)
[2017.11.27-09.15.54:849][575]LogModuleManager: Shutting down and abandoning module HTTPChunkInstaller (36)
[2017.11.27-09.15.54:849][575]LogModuleManager: Shutting down and abandoning module AnimationModifiers (34)
[2017.11.27-09.15.54:849][575]LogModuleManager: Shutting down and abandoning module PropertyEditor (33)
[2017.11.27-09.15.54:849][575]LogModuleManager: Shutting down and abandoning module AudioEditor (30)
[2017.11.27-09.15.54:849][575]LogModuleManager: Shutting down and abandoning module TextureCompressor (28)
[2017.11.27-09.15.54:849][575]LogModuleManager: Shutting down and abandoning module ShaderCore (26)
[2017.11.27-09.15.54:849][575]LogModuleManager: Shutting down and abandoning module Landscape (24)
[2017.11.27-09.15.54:849][575]LogModuleManager: Shutting down and abandoning module SlateRHIRenderer (22)
[2017.11.27-09.15.54:853][575]LogModuleManager: Shutting down and abandoning module OpenGLDrv (20)
[2017.11.27-09.15.54:853][575]LogModuleManager: Shutting down and abandoning module D3D11RHI (18)
[2017.11.27-09.15.54:853][575]LogModuleManager: Shutting down and abandoning module AnimGraphRuntime (16)
[2017.11.27-09.15.54:853][575]LogModuleManager: Shutting down and abandoning module Renderer (14)
[2017.11.27-09.15.54:853][575]LogModuleManager: Shutting down and abandoning module Engine (12)
[2017.11.27-09.15.54:853][575]LogModuleManager: Shutting down and abandoning module CoreUObject (10)
[2017.11.27-09.15.54:853][575]LogModuleManager: Shutting down and abandoning module NetworkFile (8)
[2017.11.27-09.15.54:853][575]LogModuleManager: Shutting down and abandoning module StreamingFile (6)
[2017.11.27-09.15.54:853][575]LogModuleManager: Shutting down and abandoning module SandboxFile (4)
[2017.11.27-09.15.54:853][575]LogModuleManager: Shutting down and abandoning module PakFile (2)
[2017.11.27-09.15.54:854][575]LogExit: Exiting.
[2017.11.27-09.15.54:873][575]Log file closed, 11/27/17 10:15:54
