Log file open, 11/27/17 19:22:20
LogInit:Display: Running engine for game: Supervivencia
LogPlatformFile: Not using cached read wrapper
LogInit:Display: RandInit(-629435012) SRandInit(-629435012).
LogTaskGraph: Started task graph with 5 named threads and 6 total threads with 1 sets of task threads.
LogStats: Stats thread started at 0.074764
LogInit: Using libcurl 7.47.1
LogInit:  - built for x86_64-pc-win32
LogInit:  - supports SSL with OpenSSL/1.0.2g
LogInit:  - supports HTTP deflate (compression) using libz 1.2.8
LogInit:  - other features:
LogInit:      CURL_VERSION_SSL
LogInit:      CURL_VERSION_LIBZ
LogInit:      CURL_VERSION_IPV6
LogInit:      CURL_VERSION_ASYNCHDNS
LogInit:      CURL_VERSION_LARGEFILE
LogInit:      CURL_VERSION_IDN
LogInit:  CurlRequestOptions (configurable via config and command line):
LogInit:  - bVerifyPeer = false  - Libcurl will NOT verify peer certificate
LogInit:  - bUseHttpProxy = false  - Libcurl will NOT use HTTP proxy
LogInit:  - bDontReuseConnections = false  - Libcurl will reuse connections
LogInit:  - CertBundlePath = nullptr  - Libcurl will use whatever was configured at build time.
LogInit: Build: ++UE4+Release-4.16-CL-3561208
LogInit: Engine Version: 4.16.3-3561208+++UE4+Release-4.16
LogInit: Compatible Engine Version: 4.16.0-3452394+++UE4+Release-4.16
LogInit: Net CL: 3452394
LogDevObjectVersion: Number of dev versions registered: 16
LogDevObjectVersion:   Dev-Blueprints (B0D832E4-1F89-4F0D-ACCF-7EB736FD4AA2): 9
LogDevObjectVersion:   Dev-Build (E1C64328-A22C-4D53-A36C-8E866417BD8C): 0
LogDevObjectVersion:   Dev-Core (375EC13C-06E4-48FB-B500-84F0262A717E): 2
LogDevObjectVersion:   Dev-Editor (E4B068ED-F494-42E9-A231-DA0B2E46BB41): 17
LogDevObjectVersion:   Dev-Framework (CFFC743F-43B0-4480-9391-14DF171D2073): 23
LogDevObjectVersion:   Dev-Mobile (B02B49B5-BB20-44E9-A304-32B752E40360): 0
LogDevObjectVersion:   Dev-Networking (A4E4105C-59A1-49B5-A7C5-40C4547EDFEE): 0
LogDevObjectVersion:   Dev-Online (39C831C9-5AE6-47DC-9A44-9C173E1C8E7C): 0
LogDevObjectVersion:   Dev-Physics (78F01B33-EBEA-4F98-B9B4-84EACCB95AA2): 0
LogDevObjectVersion:   Dev-Platform (6631380F-2D4D-43E0-8009-CF276956A95A): 0
LogDevObjectVersion:   Dev-Rendering (12F88B9F-8875-4AFC-A67C-D90C383ABD29): 15
LogDevObjectVersion:   Dev-Sequencer (7B5AE74C-D270-4C10-A958-57980B212A5A): 4
LogDevObjectVersion:   Dev-VR (D7296918-1DD6-4BDD-9DE2-64A83CC13884): 0
LogDevObjectVersion:   Dev-LoadTimes (C2A15278-BFE7-4AFE-6C17-90FF531DF755): 1
LogDevObjectVersion:   Private-Geometry (6EACA3D4-40EC-4CC1-B786-8BED09428FC5): 1
LogDevObjectVersion:   Dev-AnimPhys (29E575DD-E0A3-4627-9D10-D276232CDCEA): 3
LogInit: Compiled (64-bit): Jul 28 2017 11:49:47
LogInit: Compiled with Visual C++: 19.00.24215.01
LogInit: Build Configuration: Development
LogInit: Branch Name: ++UE4+Release-4.16
LogInit: Command line: -EpicPortal 
LogInit: Base directory: C:/Program Files/Epic Games/UE_4.16/Engine/Binaries/Win64/
LogInit: Installed Engine Build: 1
LogInit: Presizing for max 8388607 objects, including 0 objects not considered by GC, pre-allocating 0 bytes for permanent pool.
LogInit: Object subsystem initialized
[2017.11.27-18.22.21:304][  0]LogInit: Selected Device Profile: [Windows]
[2017.11.27-18.22.21:304][  0]LogInit: Applying CVar settings loaded from the selected device profile: [Windows]
[2017.11.27-18.22.21:328][  0]LogInit: Computer: DESKTOP-0PG52OH
[2017.11.27-18.22.21:328][  0]LogInit: User: jordansoy
[2017.11.27-18.22.21:328][  0]LogInit: CPU Page size=4096, Cores=2
[2017.11.27-18.22.21:328][  0]LogInit: High frequency timer resolution =2.531248 MHz
[2017.11.27-18.22.21:329][  0]LogMemory: Memory total: Physical=15.9GB (16GB approx)
[2017.11.27-18.22.21:329][  0]LogMemory: Platform Memory Stats for Windows
[2017.11.27-18.22.21:329][  0]LogMemory: Process Physical Memory: 272.32 MB used, 272.32 MB peak
[2017.11.27-18.22.21:329][  0]LogMemory: Process Virtual Memory: 258.44 MB used, 258.44 MB peak
[2017.11.27-18.22.21:329][  0]LogMemory: Physical Memory: 8423.20 MB used,  7820.71 MB free, 16243.91 MB total
[2017.11.27-18.22.21:329][  0]LogMemory: Virtual Memory: 634.39 MB used,  7820.71 MB free, 134217728.00 MB total
[2017.11.27-18.22.21:419][  0]LogInit: Overriding language with editor language configuration option (en).
[2017.11.27-18.22.21:419][  0]LogInit: Overriding locale with editor locale configuration option (en).
[2017.11.27-18.22.22:460][  0]LogD3D11RHI: D3D11 adapters:
[2017.11.27-18.22.22:466][  0]LogD3D11RHI:    0. 'Intel(R) HD Graphics 520' (Feature Level 11_0)
[2017.11.27-18.22.22:466][  0]LogD3D11RHI:       128/0/8121 MB DedicatedVideo/DedicatedSystem/SharedSystem, Outputs:2, VendorId:0x8086
[2017.11.27-18.22.22:953][  0]LogD3D11RHI:    1. 'AMD Radeon(TM) R5 M330' (Feature Level 11_0)
[2017.11.27-18.22.22:953][  0]LogD3D11RHI:       2039/0/8121 MB DedicatedVideo/DedicatedSystem/SharedSystem, Outputs:0, VendorId:0x1002
[2017.11.27-18.22.22:954][  0]LogD3D11RHI:    2. 'Microsoft Basic Render Driver' (Feature Level 11_0)
[2017.11.27-18.22.22:954][  0]LogD3D11RHI:       0/0/8121 MB DedicatedVideo/DedicatedSystem/SharedSystem, Outputs:0, VendorId:0x1414
[2017.11.27-18.22.22:954][  0]LogD3D11RHI: Chosen D3D11 Adapter: 1
[2017.11.27-18.22.23:113][  0]LogD3D11RHI: Creating new Direct3DDevice
[2017.11.27-18.22.23:113][  0]LogD3D11RHI:     GPU DeviceId: 0x6660 (for the marketing name, search the web for "GPU Device Id")
[2017.11.27-18.22.23:113][  0]LogWindows: EnumDisplayDevices:
[2017.11.27-18.22.23:114][  0]LogWindows:    0. 'Intel(R) HD Graphics 520' (P:1 D:1)
[2017.11.27-18.22.23:114][  0]LogWindows:    1. 'Intel(R) HD Graphics 520' (P:0 D:1)
[2017.11.27-18.22.23:114][  0]LogWindows:    2. 'Intel(R) HD Graphics 520' (P:0 D:0)
[2017.11.27-18.22.23:114][  0]LogWindows: DebugString: PrimaryIsNotTheChoosenAdapter PrimaryIsNotTheChoosenAdapter PrimaryIsNotTheChoosenAdapter FoundDriverCount:0 
[2017.11.27-18.22.23:114][  0]LogD3D11RHI:     Adapter Name: AMD Radeon(TM) R5 M330
[2017.11.27-18.22.23:114][  0]LogD3D11RHI:   Driver Version: Unknown (internal:Unknown, unified:Unknown)
[2017.11.27-18.22.23:114][  0]LogD3D11RHI:      Driver Date: Unknown
[2017.11.27-18.22.23:114][  0]LogRHI: Texture pool is 1361 MB (70% of 1945 MB)
[2017.11.27-18.22.23:131][  0]LogD3D11RHI: Async texture creation enabled
[2017.11.27-18.22.23:144][  0]LogD3D11RHI: GPU Timing Frequency: 27.000000 (Debug: 2 1)
[2017.11.27-18.22.23:145][  0]LogShaderCompilers: Guid format shader working directory is -25 characters bigger than the processId version (../../../../../../Users/jordansoy/Documents/Unreal Projects/Supervivencia/Intermediate/Shaders/WorkingDirectory/884080/).
[2017.11.27-18.22.23:145][  0]LogShaderCompilers: Cleaned the shader compiler working directory 'C:/Users/jordansoy/AppData/Local/Temp/UnrealShaderWorkingDir/5B40315341FDED90AB2A628C1CAA6771/'.
[2017.11.27-18.22.23:145][  0]LogShaderCompilers:Display: Using Local Shader Compiler.
[2017.11.27-18.22.24:211][  0]LogTemp:Display: Loaded TP AllDesktopTargetPlatform
[2017.11.27-18.22.24:262][  0]LogTemp:Display: Loaded TP MacClientTargetPlatform
[2017.11.27-18.22.24:314][  0]LogTemp:Display: Loaded TP MacNoEditorTargetPlatform
[2017.11.27-18.22.24:364][  0]LogTemp:Display: Loaded TP MacServerTargetPlatform
[2017.11.27-18.22.24:415][  0]LogTemp:Display: Loaded TP MacTargetPlatform
[2017.11.27-18.22.24:468][  0]LogTemp:Display: Loaded TP WindowsClientTargetPlatform
[2017.11.27-18.22.24:519][  0]LogTemp:Display: Loaded TP WindowsNoEditorTargetPlatform
[2017.11.27-18.22.24:569][  0]LogTemp:Display: Loaded TP WindowsServerTargetPlatform
[2017.11.27-18.22.24:615][  0]LogTemp:Display: Loaded TP WindowsTargetPlatform
[2017.11.27-18.22.24:664][  0]LogTemp:Display: Loaded TP AndroidTargetPlatform
[2017.11.27-18.22.24:714][  0]LogTemp:Display: Loaded TP Android_ASTCTargetPlatform
[2017.11.27-18.22.24:762][  0]LogTemp:Display: Loaded TP Android_ATCTargetPlatform
[2017.11.27-18.22.24:812][  0]LogTemp:Display: Loaded TP Android_DXTTargetPlatform
[2017.11.27-18.22.24:862][  0]LogTemp:Display: Loaded TP Android_ETC1TargetPlatform
[2017.11.27-18.22.24:911][  0]LogTemp:Display: Loaded TP Android_ETC2TargetPlatform
[2017.11.27-18.22.25:010][  0]LogTemp:Display: Loaded TP Android_MultiTargetPlatform
[2017.11.27-18.22.25:010][  0]LogTemp:Display: Loaded TP Android_PVRTCTargetPlatform
[2017.11.27-18.22.25:049][  0]LogTemp:Display: Loaded TP HTML5TargetPlatform
[2017.11.27-18.22.25:143][  0]LogTemp:Display: Loaded TP IOSTargetPlatform
[2017.11.27-18.22.25:174][  0]LogTemp:Display: Loaded TP TVOSTargetPlatform
[2017.11.27-18.22.25:223][  0]LogTemp:Display: Loaded TP LinuxClientTargetPlatform
[2017.11.27-18.22.25:273][  0]LogTemp:Display: Loaded TP LinuxNoEditorTargetPlatform
[2017.11.27-18.22.25:322][  0]LogTemp:Display: Loaded TP LinuxServerTargetPlatform
[2017.11.27-18.22.25:376][  0]LogTemp:Display: Loaded TP LinuxTargetPlatform
[2017.11.27-18.22.25:376][  0]LogTargetPlatformManager:Display: Building Assets For Windows
[2017.11.27-18.22.25:895][  0]LogDerivedDataCache:Display: Max Cache Size: 512 MB
[2017.11.27-18.22.25:993][  0]LogDerivedDataCache: Loaded boot cache 0.10s 90MB C:/Users/jordansoy/AppData/Local/UnrealEngine/4.16/DerivedDataCache/Boot.ddc.
[2017.11.27-18.22.25:993][  0]LogDerivedDataCache:Display: Loaded Boot cache: C:/Users/jordansoy/AppData/Local/UnrealEngine/4.16/DerivedDataCache/Boot.ddc
[2017.11.27-18.22.25:993][  0]LogDerivedDataCache: FDerivedDataBackendGraph:  Pak pak cache file ../../../../../../Users/jordansoy/Documents/Unreal Projects/Supervivencia/DerivedDataCache/DDC.ddp not found, will not use a pak cache.
[2017.11.27-18.22.25:993][  0]LogDerivedDataCache: Unable to find inner node Pak for hierarchical cache Hierarchy.
[2017.11.27-18.22.25:993][  0]LogDerivedDataCache: FDerivedDataBackendGraph:  CompressedPak pak cache file ../../../../../../Users/jordansoy/Documents/Unreal Projects/Supervivencia/DerivedDataCache/Compressed.ddp not found, will not use a pak cache.
[2017.11.27-18.22.25:993][  0]LogDerivedDataCache: Unable to find inner node CompressedPak for hierarchical cache Hierarchy.
[2017.11.27-18.22.26:010][  0]LogDerivedDataCache:Display: Pak cache opened for reading ../../../Engine/DerivedDataCache/Compressed.ddp.
[2017.11.27-18.22.26:022][  0]LogDerivedDataCache: Using Local data cache path C:/Users/jordansoy/AppData/Local/UnrealEngine/Common/DerivedDataCache: Writable
[2017.11.27-18.22.26:032][  0]LogMaterial: Verifying Global Shaders for PCD3D_SM5
[2017.11.27-18.22.26:033][  0]LogSlate: Using Freetype 2.6.0
[2017.11.27-18.22.26:033][  0]LogSlate: SlateFontCache - WITH_FREETYPE: 1, WITH_HARFBUZZ: 1
[2017.11.27-18.22.26:033][  0]LogSlate: SlateFontCache - WITH_FREETYPE: 1, WITH_HARFBUZZ: 1
[2017.11.27-18.22.26:363][  0]LogInit: Selected Device Profile: [Windows]
[2017.11.27-18.22.26:475][  0]LogContentStreaming: Texture pool size is 0.00 MB
[2017.11.27-18.22.26:635][  0]LogMeshUtilities: Using QuadricMeshReduction for automatic static mesh reduction
[2017.11.27-18.22.26:679][  0]LogSimplygon: Simplygon DLL not present - disabling.
[2017.11.27-18.22.26:725][  0]LogMeshUtilities: Using SimplygonSwarm for distributed automatic mesh merging
[2017.11.27-18.22.26:725][  0]LogMeshUtilities: No automatic skeletal mesh reduction module available
[2017.11.27-18.22.26:725][  0]LogMeshUtilities: No automatic mesh merging module available
[2017.11.27-18.22.27:394][  0]LogNetVersion: Supervivencia , NetCL: 3452394, EngineNetVer: 2, GameNetVer: 0 (Checksum: 1556410374)
[2017.11.27-18.22.27:456][  0]LogAssetRegistry: FAssetRegistry took 0.0254 seconds to start up
[2017.11.27-18.22.27:514][  0]LogPackageLocalizationCache: Processed 4 localized package path(s) for 1 prioritized culture(s) in 0.027400 seconds
[2017.11.27-18.22.27:520][  0]LogUObjectArray: 34194 objects as part of root set at end of initial load.
[2017.11.27-18.22.27:520][  0]LogUObjectAllocator: 7260424 out of 0 bytes used by permanent object pool.
[2017.11.27-18.22.27:520][  0]LogUObjectArray: CloseDisregardForGC: 0/0 objects in disregard for GC pool
[2017.11.27-18.22.27:594][  0]LogInit: WinSock: version 1.1 (2.2), MaxSocks=32767, MaxUdp=65467
[2017.11.27-18.22.30:034][  0]LogTcpMessaging: Initializing TcpMessaging bridge
[2017.11.27-18.22.30:072][  0]LogUdpMessaging: Initializing bridge on interface 0.0.0.0:0 to multicast group 230.0.0.1:6666.
[2017.11.27-18.22.30:673][  0]LogMaterial: Uniform references updated for custom material expression Custom.
[2017.11.27-18.22.31:092][  0]SourceControl: Info Source control is disabled
[2017.11.27-18.22.31:129][  0]SourceControl: Info Source control is disabled
[2017.11.27-18.22.31:175][  0]SourceControl: Info Source control is disabled
[2017.11.27-18.22.31:221][  0]SourceControl: Info Source control is disabled
[2017.11.27-18.22.31:875][  0]LogAndroidPermission: UAndroidPermissionCallbackProxy::GetInstance
[2017.11.27-18.22.32:508][  0]LogEngine: Initializing Engine...
[2017.11.27-18.22.32:509][  0]LogHMD: Failed to initialize OpenVR with code 110
[2017.11.27-18.22.32:780][  0]LogStats: UGameplayTagsManager::ConstructGameplayTagTree: Construct from data asset -  0.000 s
[2017.11.27-18.22.32:780][  0]LogStats: UGameplayTagsManager::ConstructGameplayTagTree: GameplayTagTreeChangedEvent.Broadcast -  0.000 s
[2017.11.27-18.22.32:902][  0]LogAIModule: Creating AISystem for world Untitled
[2017.11.27-18.22.32:912][  0]LogInit: XAudio2 using 'Altavoces (Conexant SmartAudio HD)' : 2 channels at 44.1 kHz using 32 bits per sample (channel mask 0x3)
[2017.11.27-18.22.32:937][  0]LogInit: FAudioDevice initialized.
[2017.11.27-18.22.32:982][  0]LogDerivedDataCache: Saved boot cache 0.05s 90MB C:/Users/jordansoy/AppData/Local/UnrealEngine/4.16/DerivedDataCache/Boot.ddc.
[2017.11.27-18.22.32:998][  0]LogInit: Texture streaming: Enabled
[2017.11.27-18.22.33:097][  0]LogEngineSessionManager: EngineSessionManager initialized
[2017.11.27-18.22.33:483][  0]LogInit: Transaction tracking system initialized
[2017.11.27-18.22.33:802][  0]BlueprintLog: New page: Editor Load
[2017.11.27-18.22.34:761][  0]LocalizationService: Info Localization service is disabled
[2017.11.27-18.22.35:744][  0]LogConsoleResponse:Display: 
[2017.11.27-18.22.35:913][  0]LogCook:Display: Max memory allowance for cook 16384mb min free memory 0mb
[2017.11.27-18.22.35:913][  0]LogCook:Display: Mobile HDR setting 1
[2017.11.27-18.22.36:374][  0]LogFileCache: Scanning file cache for directory 'C:/Users/jordansoy/Documents/Unreal Projects/Supervivencia/Content/' took 0.03s
[2017.11.27-18.22.36:989][  0]SourceControl: Info Source control is disabled
[2017.11.27-18.22.36:989][  0]Cmd: MAP LOAD FILE="../../../../../../Users/jordansoy/Documents/Unreal Projects/Supervivencia/Content/Level2.umap" TEMPLATE=0 SHOWPROGRESS=1 FEATURELEVEL=3
[2017.11.27-18.22.36:990][  0]LightingResults: New page: Lighting Build
[2017.11.27-18.22.37:032][  0]MapCheck: New page: Map Check
[2017.11.27-18.22.37:032][  0]LightingResults: New page: Lighting Build
[2017.11.27-18.22.38:161][  0]LogAIModule: Creating AISystem for world Level2
[2017.11.27-18.22.39:025][  0]LogEditorServer: Finished looking for orphan Actors (0.000 secs)
[2017.11.27-18.22.39:062][  0]Cmd: MAP CHECKDEP NOCLEARLOG
[2017.11.27-18.22.39:116][  0]MapCheck: Info Map check complete: 0 Error(s), 0 Warning(s), took 53.823ms to complete.
[2017.11.27-18.22.39:116][  0]LogFileHelpers: Loading map 'Level2' took 2.127
[2017.11.27-18.22.39:334][  0]LogCollectionManager: Loaded 0 collections in 0.001584 seconds
[2017.11.27-18.22.39:427][  0]LogFileCache: Scanning file cache for directory 'C:/Users/jordansoy/Documents/Unreal Projects/Supervivencia/Saved/Collections/' took 0.01s
[2017.11.27-18.22.39:427][  0]LogFileCache: Scanning file cache for directory 'C:/Users/jordansoy/Documents/Unreal Projects/Supervivencia/Content/Developers/jordansoy/Collections/' took 0.01s
[2017.11.27-18.22.39:427][  0]LogFileCache: Scanning file cache for directory 'C:/Users/jordansoy/Documents/Unreal Projects/Supervivencia/Content/Collections/' took 0.01s
[2017.11.27-18.22.39:427][  0]LogCollectionManager: Rebuilt the GUID cache for 0 collections in 0.000002 seconds
[2017.11.27-18.22.39:438][  0]LogContentBrowser: Native class hierarchy populated in 0.0102 seconds. Added 2329 classes and 491 folders.
[2017.11.27-18.22.39:508][  0]LogContentBrowser: Native class hierarchy updated for 'WidgetCarousel' in 0.0007 seconds. Added 0 classes and 0 folders.
[2017.11.27-18.22.39:970][  0]LogContentBrowser: Native class hierarchy updated for 'AddContentDialog' in 0.0005 seconds. Added 0 classes and 0 folders.
[2017.11.27-18.22.40:024][  0]LogContentBrowser: Native class hierarchy updated for 'SceneOutliner' in 0.0007 seconds. Added 1 classes and 2 folders.
[2017.11.27-18.22.40:104][  0]LogCrashTracker: Crashtracker disabled due to settings.
[2017.11.27-18.22.41:362][  0]LogSlate: Only BGRA pngs, bmps or icos are supported in by External Image Picker
[2017.11.27-18.22.41:389][  0]LogSlate: Took 0.000190 seconds to synchronously load lazily loaded font '../../../Engine/Content/Slate/Fonts/Roboto-Regular.ttf' (155K)
[2017.11.27-18.22.41:391][  0]LogSlate: Took 0.000207 seconds to synchronously load lazily loaded font '../../../Engine/Content/Slate/Fonts/Roboto-Bold.ttf' (160K)
[2017.11.27-18.22.41:407][  0]LogSlate: Took 0.007645 seconds to synchronously load lazily loaded font '../../../Engine/Content/Editor/Slate/Fonts/FontAwesome.ttf' (139K)
[2017.11.27-18.22.41:604][  0]LogTemp: Executing iPhonePackager certificates Engine -bundlename com.YourCompany.Supervivencia
[2017.11.27-18.22.41:604][  0]LogTemp: CWD: C:\Program Files\Epic Games\UE_4.16\Engine\Binaries\DotNET\IOS
[2017.11.27-18.22.41:604][  0]LogTemp: Initial Dir: C:\Program Files\Epic Games\UE_4.16
[2017.11.27-18.22.41:604][  0]LogTemp: Env CWD: C:\Program Files\Epic Games\UE_4.16\Engine\Binaries\DotNET\IOS
[2017.11.27-18.22.41:605][  0]LogTemp: BranchPath = DESKTOP-0PG52OH/C/Program Files/Epic Games/UE_4.16/Engine/Binaries --- GameBranchPath = DESKTOP-0PG52OH/C/Program Files/Epic Games/UE_4.16/Engine/Binaries
[2017.11.27-18.22.41:605][  0]LogTemp: IPP ERROR: Could not find provision directory 'C:\Users\jordansoy\AppData\Local/Apple Computer/MobileDevice/Provisioning Profiles/'.
[2017.11.27-18.22.41:605][  0]LogRenderer: Reallocating scene render targets to support 876x376 NumSamples 1 (Frame:1).
[2017.11.27-18.22.42:122][  0]LogSlate: Took 0.005643 seconds to synchronously load lazily loaded font '../../../Engine/Content/Slate/Fonts/Roboto-Light.ttf' (159K)
[2017.11.27-18.22.42:321][  0]LogUObjectGlobals:Warning: Failed to find object 'Class None.'
[2017.11.27-18.22.42:400][  0]LogContentBrowser: Native class hierarchy updated for 'HierarchicalLODOutliner' in 0.0006 seconds. Added 1 classes and 2 folders.
[2017.11.27-18.22.42:400][  0]LogLoad: (Engine Initialization) Total time: 22.81 seconds
[2017.11.27-18.22.42:400][  0]LogLoad: (Engine Initialization) Total Blueprint compile time: 0.14 seconds
[2017.11.27-18.22.42:400][  0]LogExternalProfiler: Found external profiler: VSPerf
[2017.11.27-18.22.42:400][  0]LogExternalProfiler: Using external profiler: VSPerf
[2017.11.27-18.22.42:410][  0]LogWindowsTextInputMethodSystem:Display: IME system now deactivated.
[2017.11.27-18.22.42:412][  0]LogOcInput: OculusInput pre-init called
[2017.11.27-18.22.42:412][  0]LogHMD: Starting GearVRController plugin
[2017.11.27-18.22.42:447][  0]LogContentStreaming: Texture pool size now 600 MB
[2017.11.27-18.22.42:614][  1]LogFileCache: Retrieving MD5 hashes for directory 'C:/Users/jordansoy/Documents/Unreal Projects/Supervivencia/Content/' took 0.19s
[2017.11.27-18.22.42:631][  1]LogAssetRegistry: Asset discovery search completed in 15.1968 seconds
[2017.11.27-18.22.42:634][  1]LogCollectionManager: Rebuilt the object cache for 0 collections in 0.000000 seconds (found 0 objects)
[2017.11.27-18.22.42:634][  1]LogCollectionManager: Fixed up redirectors for 0 collections in 0.000047 seconds (updated 0 objects)
[2017.11.27-18.22.45:453][ 49]LogSlate: Took 0.000260 seconds to synchronously load lazily loaded font '../../../Engine/Content/Slate/Fonts/Roboto-Light.ttf' (159K)
[2017.11.27-18.23.32:550][975]LogRenderer: Reallocating scene render targets to support 880x376 NumSamples 1 (Frame:898).
[2017.11.27-18.23.32:644][976]LogRenderer: Reallocating scene render targets to support 896x376 NumSamples 1 (Frame:900).
[2017.11.27-18.23.32:786][977]LogRenderer: Reallocating scene render targets to support 940x376 NumSamples 1 (Frame:902).
[2017.11.27-18.23.33:001][978]LogRenderer: Reallocating scene render targets to support 964x376 NumSamples 1 (Frame:904).
[2017.11.27-18.23.33:318][981]LogRenderer: Reallocating scene render targets to support 972x376 NumSamples 1 (Frame:908).
[2017.11.27-18.23.33:718][993]LogRenderer: Reallocating scene render targets to support 980x376 NumSamples 1 (Frame:912).
[2017.11.27-18.23.33:865][994]LogRenderer: Reallocating scene render targets to support 984x376 NumSamples 1 (Frame:914).
[2017.11.27-18.23.36:106][ 23]LogSlate: Took 0.000211 seconds to synchronously load lazily loaded font '../../../Engine/Content/Slate/Fonts/Roboto-Light.ttf' (159K)
[2017.11.27-18.23.36:664][ 23]LogContentBrowser: Native class hierarchy updated for 'BlueprintGraph' in 0.0009 seconds. Added 112 classes and 0 folders.
[2017.11.27-18.23.37:327][ 23]LogSlate: Took 0.000160 seconds to synchronously load lazily loaded font '../../../Engine/Content/Slate/Fonts/Roboto-Regular.ttf' (155K)
[2017.11.27-18.23.37:461][ 23]LogSlate: Took 0.005461 seconds to synchronously load lazily loaded font '../../../Engine/Content/Editor/Slate/Fonts/Roboto-BoldCondensed.ttf' (158K)
[2017.11.27-18.23.37:619][ 24]LogSlate: Took 0.006071 seconds to synchronously load lazily loaded font '../../../Engine/Content/Editor/Slate/Fonts/Roboto-Italic.ttf' (157K)
[2017.11.27-18.26.17:527][614]BlueprintLog: New page: Compile Jugador
[2017.11.27-18.26.21:159][689]LogSlate: Only BGRA pngs, bmps or icos are supported in by External Image Picker
[2017.11.27-18.26.21:230][691]LogTemp: Executing iPhonePackager certificates Engine -bundlename com.YourCompany.Supervivencia
[2017.11.27-18.26.21:230][691]LogTemp: CWD: C:\Program Files\Epic Games\UE_4.16\Engine\Binaries\DotNET\IOS
[2017.11.27-18.26.21:230][691]LogTemp: Initial Dir: C:\Program Files\Epic Games\UE_4.16
[2017.11.27-18.26.21:230][691]LogTemp: Env CWD: C:\Program Files\Epic Games\UE_4.16\Engine\Binaries\DotNET\IOS
[2017.11.27-18.26.21:230][691]LogTemp: BranchPath = DESKTOP-0PG52OH/C/Program Files/Epic Games/UE_4.16/Engine/Binaries --- GameBranchPath = DESKTOP-0PG52OH/C/Program Files/Epic Games/UE_4.16/Engine/Binaries
[2017.11.27-18.26.21:256][692]LogTemp: IPP ERROR: Could not find provision directory 'C:\Users\jordansoy\AppData\Local/Apple Computer/MobileDevice/Provisioning Profiles/'.
[2017.11.27-18.28.46:644][946]BlueprintLog: New page: Compile Jugador
[2017.11.27-18.28.47:563][958]Cmd: OBJ SAVEPACKAGE PACKAGE="/Game/Jugador" FILE="../../../../../../Users/jordansoy/Documents/Unreal Projects/Supervivencia/Content/Jugador.uasset" SILENT=true
[2017.11.27-18.28.47:648][958]LogSavePackage: Save=64.56ms
[2017.11.27-18.28.47:648][958]LogSavePackage: Moving '../../../../../../Users/jordansoy/Documents/Unreal Projects/Supervivencia/Saved/JugadorB09A90B549561ADA4E929C8FE23DA0E7.tmp' to '../../../../../../Users/jordansoy/Documents/Unreal Projects/Supervivencia/Content/Jugador.uasset'
[2017.11.27-18.28.47:656][958]LogSavePackage:Display: Finished SavePackage ../../../../../../Users/jordansoy/Documents/Unreal Projects/Supervivencia/Content/Jugador.uasset
[2017.11.27-18.28.50:576][  7]LogTemp: Repeting last play command: Selected Viewport
[2017.11.27-18.28.50:670][  7]LogPlayLevel: PlayLevel: No blueprints needed recompiling
[2017.11.27-18.28.50:672][  7]PIE: New page: PIE session: Level2 (Nov 27, 2017, 8:28:50 PM)
[2017.11.27-18.28.50:672][  7]LogPlayLevel: Creating play world package: /Game/UEDPIE_0_Level2
[2017.11.27-18.28.50:689][  7]LogPlayLevel: PIE: StaticDuplicateObject took: (0.016703s)
[2017.11.27-18.28.50:689][  7]LogAIModule: Creating AISystem for world Level2
[2017.11.27-18.28.50:690][  7]LogPlayLevel: PIE: World Init took: (0.000917s)
[2017.11.27-18.28.50:690][  7]LogPlayLevel: PIE: Created PIE world by copying editor world from /Game/Level2.Level2 to /Game/UEDPIE_0_Level2.Level2 (0.017862s)
[2017.11.27-18.28.50:724][  7]LogInit: XAudio2 using 'Altavoces (Conexant SmartAudio HD)' : 2 channels at 44.1 kHz using 32 bits per sample (channel mask 0x3)
[2017.11.27-18.28.50:742][  7]LogInit: FAudioDevice initialized.
[2017.11.27-18.28.50:797][  7]LogLoad: Game class is 'ModoSupervivencia_C'
[2017.11.27-18.28.50:802][  7]LogWorld: Bringing World /Game/UEDPIE_0_Level2.Level2 up for play (max tick rate 0) at 2017.11.27-19.28.50
[2017.11.27-18.28.50:808][  7]LogWorld: Bringing up level for play took: 0.009812
[2017.11.27-18.28.50:858][  7]LogContentBrowser: Native class hierarchy updated for 'MovieSceneCapture' in 0.0008 seconds. Added 11 classes and 0 folders.
[2017.11.27-18.28.50:861][  7]PIE: Info Play in editor start time for /Game/UEDPIE_0_Level2 0.608
[2017.11.27-18.29.08:498][456]LogTemp: Repeting last play command: Selected Viewport
[2017.11.27-18.29.08:522][456]LogPlayLevel: PlayLevel: No blueprints needed recompiling
[2017.11.27-18.29.08:522][456]PIE: New page: PIE session: Level2 (Nov 27, 2017, 8:29:08 PM)
[2017.11.27-18.29.08:522][456]LogPlayLevel: Creating play world package: /Game/UEDPIE_0_Level2
[2017.11.27-18.29.08:536][456]LogPlayLevel: PIE: StaticDuplicateObject took: (0.013857s)
[2017.11.27-18.29.08:537][456]LogAIModule: Creating AISystem for world Level2
[2017.11.27-18.29.08:537][456]LogPlayLevel: PIE: World Init took: (0.001013s)
[2017.11.27-18.29.08:538][456]LogPlayLevel: PIE: Created PIE world by copying editor world from /Game/Level2.Level2 to /Game/UEDPIE_0_Level2.Level2 (0.015351s)
[2017.11.27-18.29.08:573][456]LogInit: XAudio2 using 'Altavoces (Conexant SmartAudio HD)' : 2 channels at 44.1 kHz using 32 bits per sample (channel mask 0x3)
[2017.11.27-18.29.08:590][456]LogInit: FAudioDevice initialized.
[2017.11.27-18.29.08:625][456]LogLoad: Game class is 'ModoSupervivencia_C'
[2017.11.27-18.29.08:630][456]LogWorld: Bringing World /Game/UEDPIE_0_Level2.Level2 up for play (max tick rate 0) at 2017.11.27-19.29.08
[2017.11.27-18.29.08:631][456]LogWorld: Bringing up level for play took: 0.005154
[2017.11.27-18.29.08:633][456]PIE: Info Play in editor start time for /Game/UEDPIE_0_Level2 0.379
[2017.11.27-18.30.07:301][598]BlueprintLog: New page: Compile Arma
[2017.11.27-18.30.08:026][608]Cmd: OBJ SAVEPACKAGE PACKAGE="/Game/Arma" FILE="../../../../../../Users/jordansoy/Documents/Unreal Projects/Supervivencia/Content/Arma.uasset" SILENT=true
[2017.11.27-18.30.08:074][608]LogSavePackage: Save=35.86ms
[2017.11.27-18.30.08:074][608]LogSavePackage: Moving '../../../../../../Users/jordansoy/Documents/Unreal Projects/Supervivencia/Saved/ArmaC515E71C4537CE42321BCCAAFB245065.tmp' to '../../../../../../Users/jordansoy/Documents/Unreal Projects/Supervivencia/Content/Arma.uasset'
[2017.11.27-18.30.08:078][608]LogSavePackage:Display: Finished SavePackage ../../../../../../Users/jordansoy/Documents/Unreal Projects/Supervivencia/Content/Arma.uasset
[2017.11.27-18.31.00:031][766]LogTemp: Repeting last play command: Selected Viewport
[2017.11.27-18.31.00:062][766]LogPlayLevel: PlayLevel: No blueprints needed recompiling
[2017.11.27-18.31.00:063][766]PIE: New page: PIE session: Level2 (Nov 27, 2017, 8:31:00 PM)
[2017.11.27-18.31.00:063][766]LogPlayLevel: Creating play world package: /Game/UEDPIE_0_Level2
[2017.11.27-18.31.00:080][766]LogPlayLevel: PIE: StaticDuplicateObject took: (0.017325s)
[2017.11.27-18.31.00:081][766]LogAIModule: Creating AISystem for world Level2
[2017.11.27-18.31.00:081][766]LogPlayLevel: PIE: World Init took: (0.000766s)
[2017.11.27-18.31.00:081][766]LogPlayLevel: PIE: Created PIE world by copying editor world from /Game/Level2.Level2 to /Game/UEDPIE_0_Level2.Level2 (0.018337s)
[2017.11.27-18.31.00:134][766]LogInit: XAudio2 using 'Altavoces (Conexant SmartAudio HD)' : 2 channels at 44.1 kHz using 32 bits per sample (channel mask 0x3)
[2017.11.27-18.31.00:156][766]LogInit: FAudioDevice initialized.
[2017.11.27-18.31.00:188][766]LogLoad: Game class is 'ModoSupervivencia_C'
[2017.11.27-18.31.00:193][766]LogWorld: Bringing World /Game/UEDPIE_0_Level2.Level2 up for play (max tick rate 0) at 2017.11.27-19.31.00
[2017.11.27-18.31.00:194][766]LogWorld: Bringing up level for play took: 0.004862
[2017.11.27-18.31.00:196][766]PIE: Info Play in editor start time for /Game/UEDPIE_0_Level2 -0.057
[2017.11.27-18.31.40:527][865]BlueprintLog: New page: Compile Jugador
[2017.11.27-18.31.41:370][873]Cmd: OBJ SAVEPACKAGE PACKAGE="/Game/Jugador" FILE="../../../../../../Users/jordansoy/Documents/Unreal Projects/Supervivencia/Content/Jugador.uasset" SILENT=true
[2017.11.27-18.31.41:439][873]LogSavePackage: Save=63.11ms
[2017.11.27-18.31.41:439][873]LogSavePackage: Moving '../../../../../../Users/jordansoy/Documents/Unreal Projects/Supervivencia/Saved/JugadorDA0FF9D54A61135CDEAB93BAAEBB35B5.tmp' to '../../../../../../Users/jordansoy/Documents/Unreal Projects/Supervivencia/Content/Jugador.uasset'
[2017.11.27-18.31.41:442][873]LogSavePackage:Display: Finished SavePackage ../../../../../../Users/jordansoy/Documents/Unreal Projects/Supervivencia/Content/Jugador.uasset
[2017.11.27-18.31.44:636][961]LogTemp: Repeting last play command: Selected Viewport
[2017.11.27-18.31.44:662][961]LogPlayLevel: PlayLevel: No blueprints needed recompiling
[2017.11.27-18.31.44:662][961]PIE: New page: PIE session: Level2 (Nov 27, 2017, 8:31:44 PM)
[2017.11.27-18.31.44:662][961]LogPlayLevel: Creating play world package: /Game/UEDPIE_0_Level2
[2017.11.27-18.31.44:679][961]LogPlayLevel: PIE: StaticDuplicateObject took: (0.015705s)
[2017.11.27-18.31.44:679][961]LogAIModule: Creating AISystem for world Level2
[2017.11.27-18.31.44:680][961]LogPlayLevel: PIE: World Init took: (0.000949s)
[2017.11.27-18.31.44:680][961]LogPlayLevel: PIE: Created PIE world by copying editor world from /Game/Level2.Level2 to /Game/UEDPIE_0_Level2.Level2 (0.016938s)
[2017.11.27-18.31.44:715][961]LogInit: XAudio2 using 'Altavoces (Conexant SmartAudio HD)' : 2 channels at 44.1 kHz using 32 bits per sample (channel mask 0x3)
[2017.11.27-18.31.44:732][961]LogInit: FAudioDevice initialized.
[2017.11.27-18.31.44:762][961]LogLoad: Game class is 'ModoSupervivencia_C'
[2017.11.27-18.31.44:766][961]LogWorld: Bringing World /Game/UEDPIE_0_Level2.Level2 up for play (max tick rate 0) at 2017.11.27-19.31.44
[2017.11.27-18.31.44:767][961]LogWorld: Bringing up level for play took: 0.004025
[2017.11.27-18.31.44:769][961]PIE: Info Play in editor start time for /Game/UEDPIE_0_Level2 0.515
[2017.11.27-18.32.05:756][552]LogRenderer: Reallocating scene render targets to support 984x580 NumSamples 1 (Frame:1).
[2017.11.27-18.32.15:290][688]BlueprintLog: New page: Compile Jugador
[2017.11.27-18.32.16:507][701]Cmd: OBJ SAVEPACKAGE PACKAGE="/Game/Jugador" FILE="../../../../../../Users/jordansoy/Documents/Unreal Projects/Supervivencia/Content/Jugador.uasset" SILENT=true
[2017.11.27-18.32.16:574][701]LogSavePackage: Save=61.80ms
[2017.11.27-18.32.16:574][701]LogSavePackage: Moving '../../../../../../Users/jordansoy/Documents/Unreal Projects/Supervivencia/Saved/JugadorE8F83B2A40914894A071DC885EC11354.tmp' to '../../../../../../Users/jordansoy/Documents/Unreal Projects/Supervivencia/Content/Jugador.uasset'
[2017.11.27-18.32.16:577][701]LogSavePackage:Display: Finished SavePackage ../../../../../../Users/jordansoy/Documents/Unreal Projects/Supervivencia/Content/Jugador.uasset
[2017.11.27-18.32.18:369][732]LogTemp: Repeting last play command: Selected Viewport
[2017.11.27-18.32.18:396][732]LogPlayLevel: PlayLevel: No blueprints needed recompiling
[2017.11.27-18.32.18:396][732]PIE: New page: PIE session: Level2 (Nov 27, 2017, 8:32:18 PM)
[2017.11.27-18.32.18:396][732]LogPlayLevel: Creating play world package: /Game/UEDPIE_0_Level2
[2017.11.27-18.32.18:411][732]LogPlayLevel: PIE: StaticDuplicateObject took: (0.015194s)
[2017.11.27-18.32.18:412][732]LogAIModule: Creating AISystem for world Level2
[2017.11.27-18.32.18:412][732]LogPlayLevel: PIE: World Init took: (0.000844s)
[2017.11.27-18.32.18:412][732]LogPlayLevel: PIE: Created PIE world by copying editor world from /Game/Level2.Level2 to /Game/UEDPIE_0_Level2.Level2 (0.016342s)
[2017.11.27-18.32.18:452][732]LogInit: XAudio2 using 'Altavoces (Conexant SmartAudio HD)' : 2 channels at 44.1 kHz using 32 bits per sample (channel mask 0x3)
[2017.11.27-18.32.18:469][732]LogInit: FAudioDevice initialized.
[2017.11.27-18.32.18:502][732]LogLoad: Game class is 'ModoSupervivencia_C'
[2017.11.27-18.32.18:505][732]LogWorld: Bringing World /Game/UEDPIE_0_Level2.Level2 up for play (max tick rate 0) at 2017.11.27-19.32.18
[2017.11.27-18.32.18:506][732]LogWorld: Bringing up level for play took: 0.003888
[2017.11.27-18.32.18:508][732]PIE: Info Play in editor start time for /Game/UEDPIE_0_Level2 0.255
[2017.11.27-18.32.53:086][516]BlueprintLog: New page: Compile Jugador
[2017.11.27-18.32.53:990][528]Cmd: OBJ SAVEPACKAGE PACKAGE="/Game/Jugador" FILE="../../../../../../Users/jordansoy/Documents/Unreal Projects/Supervivencia/Content/Jugador.uasset" SILENT=true
[2017.11.27-18.32.54:057][528]LogSavePackage: Save=63.00ms
[2017.11.27-18.32.54:057][528]LogSavePackage: Moving '../../../../../../Users/jordansoy/Documents/Unreal Projects/Supervivencia/Saved/Jugador9CDE12594E005A8C89110C93BFA9D099.tmp' to '../../../../../../Users/jordansoy/Documents/Unreal Projects/Supervivencia/Content/Jugador.uasset'
[2017.11.27-18.32.54:060][528]LogSavePackage:Display: Finished SavePackage ../../../../../../Users/jordansoy/Documents/Unreal Projects/Supervivencia/Content/Jugador.uasset
[2017.11.27-18.33.36:337][603]LogEditorTransaction: Undo Rename Node
[2017.11.27-18.33.37:431][629]LogEditorTransaction: Undo Collapses selected nodes into a single node
[2017.11.27-18.33.45:529][826]BlueprintLog: New page: Collapse to Function
[2017.11.27-18.33.48:666][907]LogEditorTransaction: Undo Collapses selected nodes into a single node
[2017.11.27-18.35.35:746][672]BlueprintLog: New page: Compile Jugador
[2017.11.27-18.35.36:646][687]Cmd: OBJ SAVEPACKAGE PACKAGE="/Game/Jugador" FILE="../../../../../../Users/jordansoy/Documents/Unreal Projects/Supervivencia/Content/Jugador.uasset" SILENT=true
[2017.11.27-18.35.36:745][687]LogSavePackage: Save=77.17ms
[2017.11.27-18.35.36:745][687]LogSavePackage: Moving '../../../../../../Users/jordansoy/Documents/Unreal Projects/Supervivencia/Saved/JugadorD445D03E47A4020BC6512792A7FD0235.tmp' to '../../../../../../Users/jordansoy/Documents/Unreal Projects/Supervivencia/Content/Jugador.uasset'
[2017.11.27-18.35.36:748][687]LogSavePackage:Display: Finished SavePackage ../../../../../../Users/jordansoy/Documents/Unreal Projects/Supervivencia/Content/Jugador.uasset
[2017.11.27-18.35.39:486][767]LogTemp: Repeting last play command: Selected Viewport
[2017.11.27-18.35.39:515][767]LogPlayLevel: PlayLevel: No blueprints needed recompiling
[2017.11.27-18.35.39:515][767]PIE: New page: PIE session: Level2 (Nov 27, 2017, 8:35:39 PM)
[2017.11.27-18.35.39:515][767]LogPlayLevel: Creating play world package: /Game/UEDPIE_0_Level2
[2017.11.27-18.35.39:535][767]LogPlayLevel: PIE: StaticDuplicateObject took: (0.019813s)
[2017.11.27-18.35.39:536][767]LogAIModule: Creating AISystem for world Level2
[2017.11.27-18.35.39:536][767]LogPlayLevel: PIE: World Init took: (0.000966s)
[2017.11.27-18.35.39:536][767]LogPlayLevel: PIE: Created PIE world by copying editor world from /Game/Level2.Level2 to /Game/UEDPIE_0_Level2.Level2 (0.021118s)
[2017.11.27-18.35.39:579][767]LogInit: XAudio2 using 'Altavoces (Conexant SmartAudio HD)' : 2 channels at 44.1 kHz using 32 bits per sample (channel mask 0x3)
[2017.11.27-18.35.39:600][767]LogInit: FAudioDevice initialized.
[2017.11.27-18.35.39:634][767]LogLoad: Game class is 'ModoSupervivencia_C'
[2017.11.27-18.35.39:639][767]LogWorld: Bringing World /Game/UEDPIE_0_Level2.Level2 up for play (max tick rate 0) at 2017.11.27-19.35.39
[2017.11.27-18.35.39:639][767]LogWorld: Bringing up level for play took: 0.004373
[2017.11.27-18.35.39:641][767]PIE: Info Play in editor start time for /Game/UEDPIE_0_Level2 -0.612
[2017.11.27-18.40.48:943][340]LogSlate: Took 0.007407 seconds to synchronously load lazily loaded font '../../../Engine/Content/Editor/Slate/Fonts/Roboto-BoldCondensedItalic.ttf' (160K)
[2017.11.27-18.41.55:492][278]BlueprintLog: New page: Compile Enemigo
[2017.11.27-18.41.55:565][278]LogUObjectGlobals:Warning: Guid referenced by CapsuleComponent /Game/Level2.Level2:PersistentLevel.Enemigo_2.CollisionCylinder is already used by CapsuleComponent /Game/Level2.Level2:PersistentLevel.REINST_Enemigo_C_0.CollisionCylinder, which should never happen in the editor but could happen at runtime with duplicate level loading or PIE
[2017.11.27-18.41.55:565][278]LogUObjectGlobals:Warning: Guid referenced by ArrowComponent /Game/Level2.Level2:PersistentLevel.Enemigo_2.Arrow is already used by ArrowComponent /Game/Level2.Level2:PersistentLevel.REINST_Enemigo_C_0.Arrow, which should never happen in the editor but could happen at runtime with duplicate level loading or PIE
[2017.11.27-18.41.55:565][278]LogUObjectGlobals:Warning: Guid referenced by CharacterMovementComponent /Game/Level2.Level2:PersistentLevel.Enemigo_2.CharMoveComp is already used by CharacterMovementComponent /Game/Level2.Level2:PersistentLevel.REINST_Enemigo_C_0.CharMoveComp, which should never happen in the editor but could happen at runtime with duplicate level loading or PIE
[2017.11.27-18.41.55:565][278]LogUObjectGlobals:Warning: Guid referenced by SkeletalMeshComponent /Game/Level2.Level2:PersistentLevel.Enemigo_2.CharacterMesh0 is already used by SkeletalMeshComponent /Game/Level2.Level2:PersistentLevel.REINST_Enemigo_C_0.CharacterMesh0, which should never happen in the editor but could happen at runtime with duplicate level loading or PIE
[2017.11.27-18.41.56:333][283]Cmd: OBJ SAVEPACKAGE PACKAGE="/Game/Enemigo" FILE="../../../../../../Users/jordansoy/Documents/Unreal Projects/Supervivencia/Content/Enemigo.uasset" SILENT=true
[2017.11.27-18.41.56:394][283]LogSavePackage: Save=46.82ms
[2017.11.27-18.41.56:394][283]LogSavePackage: Moving '../../../../../../Users/jordansoy/Documents/Unreal Projects/Supervivencia/Saved/Enemigo3D32500041293008729049B002797A10.tmp' to '../../../../../../Users/jordansoy/Documents/Unreal Projects/Supervivencia/Content/Enemigo.uasset'
[2017.11.27-18.41.56:400][283]LogSavePackage:Display: Finished SavePackage ../../../../../../Users/jordansoy/Documents/Unreal Projects/Supervivencia/Content/Enemigo.uasset
[2017.11.27-18.42.01:752][360]Cmd: OBJ SAVEPACKAGE PACKAGE="/Game/Enemigo" FILE="../../../../../../Users/jordansoy/Documents/Unreal Projects/Supervivencia/Content/Enemigo.uasset" SILENT=true
[2017.11.27-18.42.01:790][360]LogSavePackage: Save=33.91ms
[2017.11.27-18.42.01:790][360]LogSavePackage: Moving '../../../../../../Users/jordansoy/Documents/Unreal Projects/Supervivencia/Saved/EnemigoEC98E80448A00719C70032B521221E2D.tmp' to '../../../../../../Users/jordansoy/Documents/Unreal Projects/Supervivencia/Content/Enemigo.uasset'
[2017.11.27-18.42.01:792][360]LogSavePackage:Display: Finished SavePackage ../../../../../../Users/jordansoy/Documents/Unreal Projects/Supervivencia/Content/Enemigo.uasset
[2017.11.27-18.42.36:242][573]LogSavePackage: Save=340.62ms
[2017.11.27-18.42.36:242][573]LogSavePackage: Moving '../../../../../../Users/jordansoy/Documents/Unreal Projects/Supervivencia/Saved/Level2_Auto175FF6ECD493FDCEB26C70BB2F0E7F5A2.tmp' to '../../../../../../Users/jordansoy/Documents/Unreal Projects/Supervivencia/Saved/Autosaves/Game/Level2_Auto1.umap'
[2017.11.27-18.42.36:245][573]LogSavePackage:Display: Finished SavePackage ../../../../../../Users/jordansoy/Documents/Unreal Projects/Supervivencia/Saved/Autosaves/Game/Level2_Auto1.umap
[2017.11.27-18.42.36:251][573]LogFileHelpers: Editor autosave (incl. sublevels) for '/Game/Level2' took 0.412
[2017.11.27-18.42.36:251][573]LogFileHelpers: Editor autosave (incl. sublevels) for all levels took 0.412
[2017.11.27-18.43.15:217][697]Cmd: OBJ SAVEPACKAGE PACKAGE="/Game/Disparo" FILE="../../../../../../Users/jordansoy/Documents/Unreal Projects/Supervivencia/Content/Disparo.uasset" SILENT=true
[2017.11.27-18.43.15:257][697]LogSavePackage: Save=26.11ms
[2017.11.27-18.43.15:257][697]LogSavePackage: Moving '../../../../../../Users/jordansoy/Documents/Unreal Projects/Supervivencia/Saved/Disparo6524EE1E42B3D1A18BEC7784ED4F5A76.tmp' to '../../../../../../Users/jordansoy/Documents/Unreal Projects/Supervivencia/Content/Disparo.uasset'
[2017.11.27-18.43.15:259][697]LogSavePackage:Display: Finished SavePackage ../../../../../../Users/jordansoy/Documents/Unreal Projects/Supervivencia/Content/Disparo.uasset
[2017.11.27-18.44.11:250][337]BlueprintLog: New page: Compile Disparo
[2017.11.27-18.44.12:115][344]Cmd: OBJ SAVEPACKAGE PACKAGE="/Game/Disparo" FILE="../../../../../../Users/jordansoy/Documents/Unreal Projects/Supervivencia/Content/Disparo.uasset" SILENT=true
[2017.11.27-18.44.12:151][344]LogSavePackage: Save=30.86ms
[2017.11.27-18.44.12:151][344]LogSavePackage: Moving '../../../../../../Users/jordansoy/Documents/Unreal Projects/Supervivencia/Saved/Disparo822C1B304CEF6F98378E649E6EFF14F9.tmp' to '../../../../../../Users/jordansoy/Documents/Unreal Projects/Supervivencia/Content/Disparo.uasset'
[2017.11.27-18.44.12:155][344]LogSavePackage:Display: Finished SavePackage ../../../../../../Users/jordansoy/Documents/Unreal Projects/Supervivencia/Content/Disparo.uasset
[2017.11.27-18.44.14:768][384]LogTemp: Repeting last play command: Selected Viewport
[2017.11.27-18.44.14:798][384]LogPlayLevel: PlayLevel: No blueprints needed recompiling
[2017.11.27-18.44.14:799][384]PIE: New page: PIE session: Level2 (Nov 27, 2017, 8:44:14 PM)
[2017.11.27-18.44.14:799][384]LogPlayLevel: Creating play world package: /Game/UEDPIE_0_Level2
[2017.11.27-18.44.14:815][384]LogPlayLevel: PIE: StaticDuplicateObject took: (0.016591s)
[2017.11.27-18.44.14:816][384]LogAIModule: Creating AISystem for world Level2
[2017.11.27-18.44.14:816][384]LogPlayLevel: PIE: World Init took: (0.000826s)
[2017.11.27-18.44.14:816][384]LogPlayLevel: PIE: Created PIE world by copying editor world from /Game/Level2.Level2 to /Game/UEDPIE_0_Level2.Level2 (0.017698s)
[2017.11.27-18.44.14:862][384]LogInit: XAudio2 using 'Altavoces (Conexant SmartAudio HD)' : 2 channels at 44.1 kHz using 32 bits per sample (channel mask 0x3)
[2017.11.27-18.44.14:881][384]LogInit: FAudioDevice initialized.
[2017.11.27-18.44.14:917][384]LogLoad: Game class is 'ModoSupervivencia_C'
[2017.11.27-18.44.14:921][384]LogWorld: Bringing World /Game/UEDPIE_0_Level2.Level2 up for play (max tick rate 0) at 2017.11.27-19.44.14
[2017.11.27-18.44.14:921][384]LogWorld: Bringing up level for play took: 0.004028
[2017.11.27-18.44.14:924][384]PIE: Info Play in editor start time for /Game/UEDPIE_0_Level2 0.67
[2017.11.27-18.44.25:350][606]LogTemp: Repeting last play command: Selected Viewport
[2017.11.27-18.44.25:384][606]LogPlayLevel: PlayLevel: No blueprints needed recompiling
[2017.11.27-18.44.25:384][606]PIE: New page: PIE session: Level2 (Nov 27, 2017, 8:44:25 PM)
[2017.11.27-18.44.25:384][606]LogPlayLevel: Creating play world package: /Game/UEDPIE_0_Level2
[2017.11.27-18.44.25:403][606]LogPlayLevel: PIE: StaticDuplicateObject took: (0.018854s)
[2017.11.27-18.44.25:404][606]LogAIModule: Creating AISystem for world Level2
[2017.11.27-18.44.25:404][606]LogPlayLevel: PIE: World Init took: (0.000874s)
[2017.11.27-18.44.25:404][606]LogPlayLevel: PIE: Created PIE world by copying editor world from /Game/Level2.Level2 to /Game/UEDPIE_0_Level2.Level2 (0.020024s)
[2017.11.27-18.44.25:446][606]LogInit: XAudio2 using 'Altavoces (Conexant SmartAudio HD)' : 2 channels at 44.1 kHz using 32 bits per sample (channel mask 0x3)
[2017.11.27-18.44.25:465][606]LogInit: FAudioDevice initialized.
[2017.11.27-18.44.25:500][606]LogLoad: Game class is 'ModoSupervivencia_C'
[2017.11.27-18.44.25:504][606]LogWorld: Bringing World /Game/UEDPIE_0_Level2.Level2 up for play (max tick rate 0) at 2017.11.27-19.44.25
[2017.11.27-18.44.25:505][606]LogWorld: Bringing up level for play took: 0.004154
[2017.11.27-18.44.25:507][606]PIE: Info Play in editor start time for /Game/UEDPIE_0_Level2 -0.746
[2017.11.27-18.45.44:726][682]LogEditorTransaction: Undo Move Nodes
[2017.11.27-18.46.13:261][235]BlueprintLog: New page: Compile Jugador
[2017.11.27-18.46.14:556][254]Cmd: OBJ SAVEPACKAGE PACKAGE="/Game/Jugador" FILE="../../../../../../Users/jordansoy/Documents/Unreal Projects/Supervivencia/Content/Jugador.uasset" SILENT=true
[2017.11.27-18.46.14:666][254]LogSavePackage: Save=96.77ms
[2017.11.27-18.46.14:666][254]LogSavePackage: Moving '../../../../../../Users/jordansoy/Documents/Unreal Projects/Supervivencia/Saved/Jugador1CA2BB004BB09672CB8181BD9DE8A6A6.tmp' to '../../../../../../Users/jordansoy/Documents/Unreal Projects/Supervivencia/Content/Jugador.uasset'
[2017.11.27-18.46.14:671][254]LogSavePackage:Display: Finished SavePackage ../../../../../../Users/jordansoy/Documents/Unreal Projects/Supervivencia/Content/Jugador.uasset
[2017.11.27-18.46.24:701][451]Cmd: OBJ SAVEPACKAGE PACKAGE="/Game/Enemigo" FILE="../../../../../../Users/jordansoy/Documents/Unreal Projects/Supervivencia/Content/Enemigo.uasset" SILENT=true
[2017.11.27-18.46.24:739][451]LogSavePackage: Save=33.39ms
[2017.11.27-18.46.24:739][451]LogSavePackage: Moving '../../../../../../Users/jordansoy/Documents/Unreal Projects/Supervivencia/Saved/Enemigo702F8F6B4DDA248058E4BF8B8B0B9C6A.tmp' to '../../../../../../Users/jordansoy/Documents/Unreal Projects/Supervivencia/Content/Enemigo.uasset'
[2017.11.27-18.46.24:741][451]LogSavePackage:Display: Finished SavePackage ../../../../../../Users/jordansoy/Documents/Unreal Projects/Supervivencia/Content/Enemigo.uasset
[2017.11.27-18.47.07:517][127]BlueprintLog: New page: Compile Enemigo
[2017.11.27-18.47.09:416][146]Cmd: OBJ SAVEPACKAGE PACKAGE="/Game/Enemigo" FILE="../../../../../../Users/jordansoy/Documents/Unreal Projects/Supervivencia/Content/Enemigo.uasset" SILENT=true
[2017.11.27-18.47.09:473][146]LogSavePackage: Save=44.30ms
[2017.11.27-18.47.09:473][146]LogSavePackage: Moving '../../../../../../Users/jordansoy/Documents/Unreal Projects/Supervivencia/Saved/Enemigo871FCA7C466BE3F8E2F49FADD392CE74.tmp' to '../../../../../../Users/jordansoy/Documents/Unreal Projects/Supervivencia/Content/Enemigo.uasset'
[2017.11.27-18.47.09:477][146]LogSavePackage:Display: Finished SavePackage ../../../../../../Users/jordansoy/Documents/Unreal Projects/Supervivencia/Content/Enemigo.uasset
[2017.11.27-18.51.16:816][786]LogEditorTransaction: Undo Rename Node
[2017.11.27-18.51.20:231][849]LogEditorTransaction: Undo Collapses selected nodes into a single node
[2017.11.27-18.51.30:431][ 42]LogEditorTransaction: Undo Rename Node
[2017.11.27-18.51.36:465][155]LogEditorTransaction: Undo Collapses selected nodes into a single node
[2017.11.27-18.51.52:420][465]BlueprintLog: New page: Compile Enemigo
[2017.11.27-18.51.53:623][474]Cmd: OBJ SAVEPACKAGE PACKAGE="/Game/Enemigo" FILE="../../../../../../Users/jordansoy/Documents/Unreal Projects/Supervivencia/Content/Enemigo.uasset" SILENT=true
[2017.11.27-18.51.53:693][474]LogSavePackage: Save=65.22ms
[2017.11.27-18.51.53:693][474]LogSavePackage: Moving '../../../../../../Users/jordansoy/Documents/Unreal Projects/Supervivencia/Saved/Enemigo437688FC4F2DBCE7C059B798E024916B.tmp' to '../../../../../../Users/jordansoy/Documents/Unreal Projects/Supervivencia/Content/Enemigo.uasset'
[2017.11.27-18.51.53:698][474]LogSavePackage:Display: Finished SavePackage ../../../../../../Users/jordansoy/Documents/Unreal Projects/Supervivencia/Content/Enemigo.uasset
[2017.11.27-18.51.58:882][580]LogTemp: Repeting last play command: Selected Viewport
[2017.11.27-18.51.58:919][580]LogPlayLevel: PlayLevel: No blueprints needed recompiling
[2017.11.27-18.51.58:919][580]PIE: New page: PIE session: Level2 (Nov 27, 2017, 8:51:58 PM)
[2017.11.27-18.51.58:919][580]LogPlayLevel: Creating play world package: /Game/UEDPIE_0_Level2
[2017.11.27-18.51.58:937][580]LogPlayLevel: PIE: StaticDuplicateObject took: (0.017534s)
[2017.11.27-18.51.58:938][580]LogAIModule: Creating AISystem for world Level2
[2017.11.27-18.51.58:938][580]LogPlayLevel: PIE: World Init took: (0.001184s)
[2017.11.27-18.51.58:938][580]LogPlayLevel: PIE: Created PIE world by copying editor world from /Game/Level2.Level2 to /Game/UEDPIE_0_Level2.Level2 (0.019026s)
[2017.11.27-18.51.58:984][580]LogInit: XAudio2 using 'Altavoces (Conexant SmartAudio HD)' : 2 channels at 44.1 kHz using 32 bits per sample (channel mask 0x3)
[2017.11.27-18.51.59:004][580]LogInit: FAudioDevice initialized.
[2017.11.27-18.51.59:038][580]LogLoad: Game class is 'ModoSupervivencia_C'
[2017.11.27-18.51.59:042][580]LogWorld: Bringing World /Game/UEDPIE_0_Level2.Level2 up for play (max tick rate 0) at 2017.11.27-19.51.59
[2017.11.27-18.51.59:043][580]LogWorld: Bringing up level for play took: 0.004706
[2017.11.27-18.51.59:045][580]PIE: Info Play in editor start time for /Game/UEDPIE_0_Level2 0.792
[2017.11.27-18.53.05:948][462]LogSavePackage: Save=326.92ms
[2017.11.27-18.53.05:948][462]LogSavePackage: Moving '../../../../../../Users/jordansoy/Documents/Unreal Projects/Supervivencia/Saved/Level2_Auto2DD58B8134A3A4FAC367574A9770738EF.tmp' to '../../../../../../Users/jordansoy/Documents/Unreal Projects/Supervivencia/Saved/Autosaves/Game/Level2_Auto2.umap'
[2017.11.27-18.53.05:949][462]LogSavePackage:Display: Finished SavePackage ../../../../../../Users/jordansoy/Documents/Unreal Projects/Supervivencia/Saved/Autosaves/Game/Level2_Auto2.umap
[2017.11.27-18.53.05:952][462]LogFileHelpers: Editor autosave (incl. sublevels) for '/Game/Level2' took 0.393
[2017.11.27-18.53.05:952][462]LogFileHelpers: Editor autosave (incl. sublevels) for all levels took 0.393
[2017.11.27-18.57.19:151][411]LogEditorTransaction: Undo Add Node
[2017.11.27-18.59.51:218][394]LogEditorTransaction: Undo Add Node
[2017.11.27-19.00.29:091][205]LogEditorTransaction: Undo Add Node
[2017.11.27-19.03.41:873][453]LogFileHelpers: Editor autosave (incl. sublevels) for '/Game/Level2' took 0.058
[2017.11.27-19.03.41:875][453]OBJ SavePackage: Generating thumbnails for [0] asset(s) in package [/Game/ModoSupervivencia] ([1] browsable assets)...
[2017.11.27-19.03.41:875][453]OBJ SavePackage: Finished generating thumbnails for package [/Game/ModoSupervivencia]
[2017.11.27-19.03.41:923][453]LogSavePackage: Save=33.17ms
[2017.11.27-19.03.41:923][453]LogSavePackage: Moving '../../../../../../Users/jordansoy/Documents/Unreal Projects/Supervivencia/Saved/ModoSupervivencia_Auto3AF4459214AADE647F3C124B209B4DA81.tmp' to '../../../../../../Users/jordansoy/Documents/Unreal Projects/Supervivencia/Saved/Autosaves/Game/ModoSupervivencia_Auto3.uasset'
[2017.11.27-19.03.41:924][453]LogSavePackage:Display: Finished SavePackage ../../../../../../Users/jordansoy/Documents/Unreal Projects/Supervivencia/Saved/Autosaves/Game/ModoSupervivencia_Auto3.uasset
[2017.11.27-19.03.41:924][453]LogFileHelpers: Auto-saving content packages took 0.050
[2017.11.27-19.04.12:016][746]BlueprintLog: New page: Compile ModoSupervivencia
[2017.11.27-19.04.12:025][746]LogBlueprint:Error: [Compiler ModoSupervivencia] Error This blueprint (self) is not a Controller, therefore ' Target ' must have a connection.
[2017.11.27-19.04.12:307][746]BlueprintEditorCompileResults:Error: Error This blueprint (self) is not a Controller, therefore ' Target ' must have a connection.
[2017.11.27-19.04.12:307][746]LogBlueprint:Warning: [Compiler ModoSupervivencia] Warning [2512.72] Compile of ModoSupervivencia failed. 1 Fatal Issue(s) 0 Warning(s) [in 291 ms] (/Game/ModoSupervivencia.ModoSupervivencia)
[2017.11.27-19.04.12:679][754]Cmd: OBJ SAVEPACKAGE PACKAGE="/Game/ModoSupervivencia" FILE="../../../../../../Users/jordansoy/Documents/Unreal Projects/Supervivencia/Content/ModoSupervivencia.uasset" SILENT=true
[2017.11.27-19.04.12:712][754]LogSavePackage: Save=24.80ms
[2017.11.27-19.04.12:712][754]LogSavePackage: Moving '../../../../../../Users/jordansoy/Documents/Unreal Projects/Supervivencia/Saved/ModoSupervivenciaC5CEBF164623193564FDDF9D5B95EA90.tmp' to '../../../../../../Users/jordansoy/Documents/Unreal Projects/Supervivencia/Content/ModoSupervivencia.uasset'
[2017.11.27-19.04.12:721][754]LogSavePackage:Display: Finished SavePackage ../../../../../../Users/jordansoy/Documents/Unreal Projects/Supervivencia/Content/ModoSupervivencia.uasset
[2017.11.27-19.04.37:888][312]BlueprintLog: New page: Compile ModoSupervivencia
[2017.11.27-19.08.02:502][843]BlueprintLog: New page: Compile Jugador
[2017.11.27-19.08.03:955][856]Cmd: OBJ SAVEPACKAGE PACKAGE="/Game/Jugador" FILE="../../../../../../Users/jordansoy/Documents/Unreal Projects/Supervivencia/Content/Jugador.uasset" SILENT=true
[2017.11.27-19.08.04:069][856]LogSavePackage: Save=99.06ms
[2017.11.27-19.08.04:069][856]LogSavePackage: Moving '../../../../../../Users/jordansoy/Documents/Unreal Projects/Supervivencia/Saved/Jugador4A14C43145A251FF1EF84CA6BA2BE87D.tmp' to '../../../../../../Users/jordansoy/Documents/Unreal Projects/Supervivencia/Content/Jugador.uasset'
[2017.11.27-19.08.04:075][856]LogSavePackage:Display: Finished SavePackage ../../../../../../Users/jordansoy/Documents/Unreal Projects/Supervivencia/Content/Jugador.uasset
[2017.11.27-19.08.07:126][924]Cmd: OBJ SAVEPACKAGE PACKAGE="/Game/Jugador" FILE="../../../../../../Users/jordansoy/Documents/Unreal Projects/Supervivencia/Content/Jugador.uasset" SILENT=true
[2017.11.27-19.08.07:222][924]LogSavePackage: Save=90.18ms
[2017.11.27-19.08.07:222][924]LogSavePackage: Moving '../../../../../../Users/jordansoy/Documents/Unreal Projects/Supervivencia/Saved/JugadorAF32CFDF447E482D6B3EE087FC946A0C.tmp' to '../../../../../../Users/jordansoy/Documents/Unreal Projects/Supervivencia/Content/Jugador.uasset'
[2017.11.27-19.08.07:224][924]LogSavePackage:Display: Finished SavePackage ../../../../../../Users/jordansoy/Documents/Unreal Projects/Supervivencia/Content/Jugador.uasset
[2017.11.27-19.08.10:459][  2]LogTemp: Repeting last play command: Selected Viewport
[2017.11.27-19.08.10:491][  2]LogPlayLevel: PlayLevel: No blueprints needed recompiling
[2017.11.27-19.08.10:491][  2]PIE: New page: PIE session: Level2 (Nov 27, 2017, 9:08:10 PM)
[2017.11.27-19.08.10:491][  2]LogPlayLevel: Creating play world package: /Game/UEDPIE_0_Level2
[2017.11.27-19.08.10:511][  2]LogPlayLevel: PIE: StaticDuplicateObject took: (0.019032s)
[2017.11.27-19.08.10:512][  2]LogAIModule: Creating AISystem for world Level2
[2017.11.27-19.08.10:512][  2]LogPlayLevel: PIE: World Init took: (0.001509s)
[2017.11.27-19.08.10:512][  2]LogPlayLevel: PIE: Created PIE world by copying editor world from /Game/Level2.Level2 to /Game/UEDPIE_0_Level2.Level2 (0.021026s)
[2017.11.27-19.08.10:562][  2]LogInit: XAudio2 using 'Altavoces (Conexant SmartAudio HD)' : 2 channels at 44.1 kHz using 32 bits per sample (channel mask 0x3)
[2017.11.27-19.08.10:583][  2]LogInit: FAudioDevice initialized.
[2017.11.27-19.08.10:615][  2]LogLoad: Game class is 'ModoSupervivencia_C'
[2017.11.27-19.08.10:619][  2]LogWorld: Bringing World /Game/UEDPIE_0_Level2.Level2 up for play (max tick rate 60) at 2017.11.27-20.08.10
[2017.11.27-19.08.10:620][  2]LogWorld: Bringing up level for play took: 0.004391
[2017.11.27-19.08.10:622][  2]PIE: Info Play in editor start time for /Game/UEDPIE_0_Level2 0.369
[2017.11.27-19.08.28:966][476]LogTemp: Repeting last play command: Selected Viewport
[2017.11.27-19.08.28:998][476]LogPlayLevel: PlayLevel: No blueprints needed recompiling
[2017.11.27-19.08.28:999][476]PIE: New page: PIE session: Level2 (Nov 27, 2017, 9:08:28 PM)
[2017.11.27-19.08.28:999][476]LogPlayLevel: Creating play world package: /Game/UEDPIE_0_Level2
[2017.11.27-19.08.29:016][476]LogPlayLevel: PIE: StaticDuplicateObject took: (0.017200s)
[2017.11.27-19.08.29:016][476]LogAIModule: Creating AISystem for world Level2
[2017.11.27-19.08.29:017][476]LogPlayLevel: PIE: World Init took: (0.000832s)
[2017.11.27-19.08.29:017][476]LogPlayLevel: PIE: Created PIE world by copying editor world from /Game/Level2.Level2 to /Game/UEDPIE_0_Level2.Level2 (0.018342s)
[2017.11.27-19.08.29:064][476]LogInit: XAudio2 using 'Altavoces (Conexant SmartAudio HD)' : 2 channels at 44.1 kHz using 32 bits per sample (channel mask 0x3)
[2017.11.27-19.08.29:082][476]LogInit: FAudioDevice initialized.
[2017.11.27-19.08.29:114][476]LogLoad: Game class is 'ModoSupervivencia_C'
[2017.11.27-19.08.29:119][476]LogWorld: Bringing World /Game/UEDPIE_0_Level2.Level2 up for play (max tick rate 60) at 2017.11.27-20.08.29
[2017.11.27-19.08.29:120][476]LogWorld: Bringing up level for play took: 0.005025
[2017.11.27-19.08.29:122][476]PIE: Info Play in editor start time for /Game/UEDPIE_0_Level2 0.868
[2017.11.27-19.10.00:912][528]BlueprintLog: New page: Compile Jugador
[2017.11.27-19.10.01:468][529]Cmd: OBJ SAVEPACKAGE PACKAGE="/Game/Jugador" FILE="../../../../../../Users/jordansoy/Documents/Unreal Projects/Supervivencia/Content/Jugador.uasset" SILENT=true
[2017.11.27-19.10.01:572][529]LogSavePackage: Save=96.89ms
[2017.11.27-19.10.01:572][529]LogSavePackage: Moving '../../../../../../Users/jordansoy/Documents/Unreal Projects/Supervivencia/Saved/JugadorB6361D14449DB11D0C9D9C81B4E6567B.tmp' to '../../../../../../Users/jordansoy/Documents/Unreal Projects/Supervivencia/Content/Jugador.uasset'
[2017.11.27-19.10.01:577][529]LogSavePackage:Display: Finished SavePackage ../../../../../../Users/jordansoy/Documents/Unreal Projects/Supervivencia/Content/Jugador.uasset
[2017.11.27-19.10.03:605][577]LogTemp: Repeting last play command: Selected Viewport
[2017.11.27-19.10.03:638][577]LogPlayLevel: PlayLevel: No blueprints needed recompiling
[2017.11.27-19.10.03:638][577]PIE: New page: PIE session: Level2 (Nov 27, 2017, 9:10:03 PM)
[2017.11.27-19.10.03:638][577]LogPlayLevel: Creating play world package: /Game/UEDPIE_0_Level2
[2017.11.27-19.10.03:658][577]LogPlayLevel: PIE: StaticDuplicateObject took: (0.019450s)
[2017.11.27-19.10.03:659][577]LogAIModule: Creating AISystem for world Level2
[2017.11.27-19.10.03:659][577]LogPlayLevel: PIE: World Init took: (0.000942s)
[2017.11.27-19.10.03:659][577]LogPlayLevel: PIE: Created PIE world by copying editor world from /Game/Level2.Level2 to /Game/UEDPIE_0_Level2.Level2 (0.020732s)
[2017.11.27-19.10.03:709][577]LogInit: XAudio2 using 'Altavoces (Conexant SmartAudio HD)' : 2 channels at 44.1 kHz using 32 bits per sample (channel mask 0x3)
[2017.11.27-19.10.03:727][577]LogInit: FAudioDevice initialized.
[2017.11.27-19.10.03:761][577]LogLoad: Game class is 'ModoSupervivencia_C'
[2017.11.27-19.10.03:766][577]LogWorld: Bringing World /Game/UEDPIE_0_Level2.Level2 up for play (max tick rate 60) at 2017.11.27-20.10.03
[2017.11.27-19.10.03:767][577]LogWorld: Bringing up level for play took: 0.005718
[2017.11.27-19.10.03:769][577]PIE: Info Play in editor start time for /Game/UEDPIE_0_Level2 -0.484
[2017.11.27-19.10.46:910][654]BlueprintLog: New page: Compile Enemigo
[2017.11.27-19.14.44:908][491]LogSavePackage: Save=311.97ms
[2017.11.27-19.14.44:908][491]LogSavePackage: Moving '../../../../../../Users/jordansoy/Documents/Unreal Projects/Supervivencia/Saved/Level2_Auto4A267CE8244EF26272C824B8FA7397CFA.tmp' to '../../../../../../Users/jordansoy/Documents/Unreal Projects/Supervivencia/Saved/Autosaves/Game/Level2_Auto4.umap'
[2017.11.27-19.14.44:912][491]LogSavePackage:Display: Finished SavePackage ../../../../../../Users/jordansoy/Documents/Unreal Projects/Supervivencia/Saved/Autosaves/Game/Level2_Auto4.umap
[2017.11.27-19.14.44:914][491]LogFileHelpers: Editor autosave (incl. sublevels) for '/Game/Level2' took 0.388
[2017.11.27-19.14.44:914][491]LogFileHelpers: Editor autosave (incl. sublevels) for all levels took 0.388
[2017.11.27-19.14.44:918][491]OBJ SavePackage: Generating thumbnails for [1] asset(s) in package [/Game/Enemigo] ([1] browsable assets)...
[2017.11.27-19.14.44:941][491]OBJ SavePackage:     Rendered thumbnail for [Blueprint /Game/Enemigo.Enemigo]
[2017.11.27-19.14.44:941][491]OBJ SavePackage: Finished generating thumbnails for package [/Game/Enemigo]
[2017.11.27-19.14.44:941][491]Cmd: OBJ SAVEPACKAGE PACKAGE="/Game/Enemigo" FILE="../../../../../../Users/jordansoy/Documents/Unreal Projects/Supervivencia/Saved/Autosaves/Game/Enemigo_Auto4.uasset" SILENT=false AUTOSAVING=true
[2017.11.27-19.14.45:015][491]LogSavePackage: Save=61.95ms
[2017.11.27-19.14.45:015][491]LogSavePackage: Moving '../../../../../../Users/jordansoy/Documents/Unreal Projects/Supervivencia/Saved/Enemigo_Auto4155B3656402137F2590AA49354C74563.tmp' to '../../../../../../Users/jordansoy/Documents/Unreal Projects/Supervivencia/Saved/Autosaves/Game/Enemigo_Auto4.uasset'
[2017.11.27-19.14.45:016][491]LogSavePackage:Display: Finished SavePackage ../../../../../../Users/jordansoy/Documents/Unreal Projects/Supervivencia/Saved/Autosaves/Game/Enemigo_Auto4.uasset
[2017.11.27-19.14.45:017][491]OBJ SavePackage: Generating thumbnails for [0] asset(s) in package [/Game/ModoSupervivencia] ([1] browsable assets)...
[2017.11.27-19.14.45:017][491]OBJ SavePackage: Finished generating thumbnails for package [/Game/ModoSupervivencia]
[2017.11.27-19.14.45:056][491]LogSavePackage: Save=27.49ms
[2017.11.27-19.14.45:057][491]LogSavePackage: Moving '../../../../../../Users/jordansoy/Documents/Unreal Projects/Supervivencia/Saved/ModoSupervivencia_Auto4609BC76F44C844FEDA4211820CF18416.tmp' to '../../../../../../Users/jordansoy/Documents/Unreal Projects/Supervivencia/Saved/Autosaves/Game/ModoSupervivencia_Auto4.uasset'
[2017.11.27-19.14.45:058][491]LogSavePackage:Display: Finished SavePackage ../../../../../../Users/jordansoy/Documents/Unreal Projects/Supervivencia/Saved/Autosaves/Game/ModoSupervivencia_Auto4.uasset
[2017.11.27-19.14.45:058][491]LogFileHelpers: Auto-saving content packages took 0.141
[2017.11.27-19.17.05:291][587]LogEditorTransaction: Undo Add Node
[2017.11.27-19.24.57:096][715]LogFileHelpers: Editor autosave (incl. sublevels) for '/Game/Level2' took 0.084
[2017.11.27-19.24.57:098][715]OBJ SavePackage: Generating thumbnails for [0] asset(s) in package [/Game/ModoSupervivencia] ([1] browsable assets)...
[2017.11.27-19.24.57:098][715]OBJ SavePackage: Finished generating thumbnails for package [/Game/ModoSupervivencia]
[2017.11.27-19.24.57:150][715]LogSavePackage: Save=34.09ms
[2017.11.27-19.24.57:150][715]LogSavePackage: Moving '../../../../../../Users/jordansoy/Documents/Unreal Projects/Supervivencia/Saved/ModoSupervivencia_Auto56FD7B49A40D97EDACCEDD5ABB6DF55D6.tmp' to '../../../../../../Users/jordansoy/Documents/Unreal Projects/Supervivencia/Saved/Autosaves/Game/ModoSupervivencia_Auto5.uasset'
[2017.11.27-19.24.57:156][715]LogSavePackage:Display: Finished SavePackage ../../../../../../Users/jordansoy/Documents/Unreal Projects/Supervivencia/Saved/Autosaves/Game/ModoSupervivencia_Auto5.uasset
[2017.11.27-19.24.57:156][715]LogFileHelpers: Auto-saving content packages took 0.059
[2017.11.27-19.26.00:987][907]BlueprintLog: New page: Compile ModoSupervivencia
[2017.11.27-19.34.57:934][218]LogFileHelpers: Editor autosave (incl. sublevels) for '/Game/Level2' took 0.057
[2017.11.27-19.34.57:936][218]OBJ SavePackage: Generating thumbnails for [1] asset(s) in package [/Game/Jugador] ([1] browsable assets)...
[2017.11.27-19.34.57:959][218]OBJ SavePackage:     Rendered thumbnail for [Blueprint /Game/Jugador.Jugador]
[2017.11.27-19.34.57:959][218]OBJ SavePackage: Finished generating thumbnails for package [/Game/Jugador]
[2017.11.27-19.34.57:959][218]Cmd: OBJ SAVEPACKAGE PACKAGE="/Game/Jugador" FILE="../../../../../../Users/jordansoy/Documents/Unreal Projects/Supervivencia/Saved/Autosaves/Game/Jugador_Auto6.uasset" SILENT=false AUTOSAVING=true
[2017.11.27-19.34.58:070][218]LogSavePackage: Save=95.78ms
[2017.11.27-19.34.58:070][218]LogSavePackage: Moving '../../../../../../Users/jordansoy/Documents/Unreal Projects/Supervivencia/Saved/Jugador_Auto6C1F7737E45B2D5177F22D7839CF2ACEB.tmp' to '../../../../../../Users/jordansoy/Documents/Unreal Projects/Supervivencia/Saved/Autosaves/Game/Jugador_Auto6.uasset'
[2017.11.27-19.34.58:073][218]LogSavePackage:Display: Finished SavePackage ../../../../../../Users/jordansoy/Documents/Unreal Projects/Supervivencia/Saved/Autosaves/Game/Jugador_Auto6.uasset
[2017.11.27-19.34.58:074][218]OBJ SavePackage: Generating thumbnails for [0] asset(s) in package [/Game/ModoSupervivencia] ([1] browsable assets)...
[2017.11.27-19.34.58:074][218]OBJ SavePackage: Finished generating thumbnails for package [/Game/ModoSupervivencia]
[2017.11.27-19.34.58:114][218]LogSavePackage: Save=27.47ms
[2017.11.27-19.34.58:114][218]LogSavePackage: Moving '../../../../../../Users/jordansoy/Documents/Unreal Projects/Supervivencia/Saved/ModoSupervivencia_Auto6B60C8B26440B69CF29568D8347761003.tmp' to '../../../../../../Users/jordansoy/Documents/Unreal Projects/Supervivencia/Saved/Autosaves/Game/ModoSupervivencia_Auto6.uasset'
[2017.11.27-19.34.58:115][218]LogSavePackage:Display: Finished SavePackage ../../../../../../Users/jordansoy/Documents/Unreal Projects/Supervivencia/Saved/Autosaves/Game/ModoSupervivencia_Auto6.uasset
[2017.11.27-19.34.58:115][218]LogFileHelpers: Auto-saving content packages took 0.181
[2017.11.27-19.48.09:380][619]LogActorComponent: UnregisterComponent: (/Engine/Transient.EditorFloorComp) Not registered. Aborting.
[2017.11.27-19.48.09:545][619]LogActorComponent: UnregisterComponent: (/Engine/Transient.EditorFloorComp) Not registered. Aborting.
[2017.11.27-19.48.09:683][619]LogActorComponent: UnregisterComponent: (/Engine/Transient.EditorFloorComp) Not registered. Aborting.
[2017.11.27-19.48.09:828][619]LogActorComponent: UnregisterComponent: (/Engine/Transient.EditorFloorComp) Not registered. Aborting.
[2017.11.27-19.58.17:751][556]Cmd: OBJ SAVEPACKAGE PACKAGE="/Game/Enemigo" FILE="../../../../../../Users/jordansoy/Documents/Unreal Projects/Supervivencia/Content/Enemigo.uasset" SILENT=true
[2017.11.27-19.58.17:827][556]LogSavePackage: Save=53.76ms
[2017.11.27-19.58.17:827][556]LogSavePackage: Moving '../../../../../../Users/jordansoy/Documents/Unreal Projects/Supervivencia/Saved/Enemigo5769A9CE4C0B691172E1EBABC2B62C1F.tmp' to '../../../../../../Users/jordansoy/Documents/Unreal Projects/Supervivencia/Content/Enemigo.uasset'
[2017.11.27-19.58.17:836][556]LogSavePackage:Display: Finished SavePackage ../../../../../../Users/jordansoy/Documents/Unreal Projects/Supervivencia/Content/Enemigo.uasset
[2017.11.27-19.58.17:844][556]Cmd: OBJ SAVEPACKAGE PACKAGE="/Game/Jugador" FILE="../../../../../../Users/jordansoy/Documents/Unreal Projects/Supervivencia/Content/Jugador.uasset" SILENT=true
[2017.11.27-19.58.17:935][556]LogSavePackage: Save=77.37ms
[2017.11.27-19.58.17:935][556]LogSavePackage: Moving '../../../../../../Users/jordansoy/Documents/Unreal Projects/Supervivencia/Saved/JugadorA0B81B7B4B20B9572A19FBAF43D875E9.tmp' to '../../../../../../Users/jordansoy/Documents/Unreal Projects/Supervivencia/Content/Jugador.uasset'
[2017.11.27-19.58.17:944][556]LogSavePackage:Display: Finished SavePackage ../../../../../../Users/jordansoy/Documents/Unreal Projects/Supervivencia/Content/Jugador.uasset
[2017.11.27-19.58.18:017][556]Cmd: OBJ SAVEPACKAGE PACKAGE="/Game/Level2" FILE="../../../../../../Users/jordansoy/Documents/Unreal Projects/Supervivencia/Content/Level2.umap" SILENT=true AUTOSAVING=false KEEPDIRTY=false
[2017.11.27-19.58.18:353][556]LogSavePackage: Save=288.56ms
[2017.11.27-19.58.18:353][556]LogSavePackage: Moving '../../../../../../Users/jordansoy/Documents/Unreal Projects/Supervivencia/Saved/Level2EBB07E6D46095658168240AA19B9A3DC.tmp' to '../../../../../../Users/jordansoy/Documents/Unreal Projects/Supervivencia/Content/Level2.umap'
[2017.11.27-19.58.18:361][556]LogSavePackage:Display: Finished SavePackage ../../../../../../Users/jordansoy/Documents/Unreal Projects/Supervivencia/Content/Level2.umap
[2017.11.27-19.58.18:418][556]LogFileHelpers: Saving map 'Level2' took 0.468
[2017.11.27-19.58.18:423][556]Cmd: OBJ SAVEPACKAGE PACKAGE="/Game/ModoSupervivencia" FILE="../../../../../../Users/jordansoy/Documents/Unreal Projects/Supervivencia/Content/ModoSupervivencia.uasset" SILENT=true
[2017.11.27-19.58.18:465][556]LogSavePackage: Save=28.16ms
[2017.11.27-19.58.18:465][556]LogSavePackage: Moving '../../../../../../Users/jordansoy/Documents/Unreal Projects/Supervivencia/Saved/ModoSupervivencia8E79684F4DE6681424E83B8B7E8CA2E7.tmp' to '../../../../../../Users/jordansoy/Documents/Unreal Projects/Supervivencia/Content/ModoSupervivencia.uasset'
[2017.11.27-19.58.18:469][556]LogSavePackage:Display: Finished SavePackage ../../../../../../Users/jordansoy/Documents/Unreal Projects/Supervivencia/Content/ModoSupervivencia.uasset
[2017.11.27-19.58.18:842][557]Cmd: QUIT_EDITOR
[2017.11.27-19.58.19:850][557]LogWindowsTextInputMethodSystem:Display: IME system now deactivated.
[2017.11.27-19.58.19:985][557]LogExit: Preparing to exit.
[2017.11.27-19.58.20:988][557]LogDirectoryWatcher: A directory notification for 'C:/Users/jordansoy/Documents/Unreal Projects/Supervivencia/Content/' was aborted.
[2017.11.27-19.58.21:160][557]LogExit: Editor shut down
[2017.11.27-19.58.21:195][557]LogExit: Transaction tracking system shut down
[2017.11.27-19.58.21:529][557]LogObj: Freed 0b from 0 cluster array pools.
[2017.11.27-19.58.21:530][557]LogExit: Object subsystem successfully closed.
[2017.11.27-19.58.21:595][557]LogD3D11RHI: Shutdown
[2017.11.27-19.58.21:595][557]LogD3D11RHI: CleanupD3DDevice
[2017.11.27-19.58.21:694][557]LogD3D11RHI: ~FD3D11DynamicRHI
[2017.11.27-19.58.21:720][557]LogModuleManager: Shutting down and abandoning module MovieSceneCapture (532)
[2017.11.27-19.58.21:721][557]LogModuleManager: Shutting down and abandoning module BlueprintGraph (530)
[2017.11.27-19.58.21:721][557]LogModuleManager: Shutting down and abandoning module BlueprintProfiler (528)
[2017.11.27-19.58.21:721][557]LogModuleManager: Shutting down and abandoning module HierarchicalLODOutliner (526)
[2017.11.27-19.58.21:721][557]LogModuleManager: Shutting down and abandoning module ExternalImagePicker (524)
[2017.11.27-19.58.21:721][557]LogModuleManager: Shutting down and abandoning module CrashTracker (522)
[2017.11.27-19.58.21:721][557]LogModuleManager: Shutting down and abandoning module SceneOutliner (520)
[2017.11.27-19.58.21:721][557]LogModuleManager: Shutting down and abandoning module AddContentDialog (518)
[2017.11.27-19.58.21:721][557]LogDirectoryWatcher: A directory notification for 'C:/Program Files/Epic Games/UE_4.16/FeaturePacks/' was aborted.
[2017.11.27-19.58.21:734][557]LogModuleManager: Shutting down and abandoning module WidgetCarousel (517)
[2017.11.27-19.58.21:734][557]LogModuleManager: Shutting down and abandoning module EditorWidgets (514)
[2017.11.27-19.58.21:734][557]LogModuleManager: Shutting down and abandoning module CollectionManager (512)
[2017.11.27-19.58.21:734][557]LogDirectoryWatcher: A directory notification for 'C:/Users/jordansoy/Documents/Unreal Projects/Supervivencia/Content/Collections/' was aborted.
[2017.11.27-19.58.21:734][557]LogDirectoryWatcher: A directory notification for 'C:/Users/jordansoy/Documents/Unreal Projects/Supervivencia/Content/Developers/jordansoy/Collections/' was aborted.
[2017.11.27-19.58.21:734][557]LogDirectoryWatcher: A directory notification for 'C:/Users/jordansoy/Documents/Unreal Projects/Supervivencia/Saved/Collections/' was aborted.
[2017.11.27-19.58.21:734][557]LogModuleManager: Shutting down and abandoning module StatsViewer (510)
[2017.11.27-19.58.21:734][557]LogModuleManager: Shutting down and abandoning module FoliageEdit (508)
[2017.11.27-19.58.21:734][557]LogModuleManager: Shutting down and abandoning module LandscapeEditor (506)
[2017.11.27-19.58.21:734][557]LogModuleManager: Shutting down and abandoning module MeshPaintMode (504)
[2017.11.27-19.58.21:734][557]LogModuleManager: Shutting down and abandoning module SceneDepthPickerMode (502)
[2017.11.27-19.58.21:734][557]LogModuleManager: Shutting down and abandoning module ActorPickerMode (500)
[2017.11.27-19.58.21:734][557]LogModuleManager: Shutting down and abandoning module GeometryMode (498)
[2017.11.27-19.58.21:734][557]LogModuleManager: Shutting down and abandoning module TextureAlignMode (496)
[2017.11.27-19.58.21:734][557]LogModuleManager: Shutting down and abandoning module BspMode (494)
[2017.11.27-19.58.21:735][557]LogModuleManager: Shutting down and abandoning module HardwareSurvey (492)
[2017.11.27-19.58.21:735][557]LogModuleManager: Shutting down and abandoning module SequenceRecorderSections (490)
[2017.11.27-19.58.21:735][557]LogModuleManager: Shutting down and abandoning module AutomationWorker (488)
[2017.11.27-19.58.21:735][557]LogModuleManager: Shutting down and abandoning module MatineeToLevelSequence (486)
[2017.11.27-19.58.21:735][557]LogModuleManager: Shutting down and abandoning module LevelSequenceEditor (484)
[2017.11.27-19.58.21:735][557]LogModuleManager: Shutting down and abandoning module PlacementMode (483)
[2017.11.27-19.58.21:735][557]LogModuleManager: Shutting down and abandoning module WmfMediaFactory (480)
[2017.11.27-19.58.21:735][557]LogModuleManager: Shutting down and abandoning module WmfMediaEditor (478)
[2017.11.27-19.58.21:735][557]LogModuleManager: Shutting down and abandoning module AvfMediaFactory (476)
[2017.11.27-19.58.21:735][557]LogModuleManager: Shutting down and abandoning module AvfMediaEditor (474)
[2017.11.27-19.58.21:735][557]LogModuleManager: Shutting down and abandoning module AndroidMediaFactory (472)
[2017.11.27-19.58.21:735][557]LogModuleManager: Shutting down and abandoning module Media (471)
[2017.11.27-19.58.21:735][557]LogModuleManager: Shutting down and abandoning module AndroidMediaEditor (468)
[2017.11.27-19.58.21:735][557]LogModuleManager: Shutting down and abandoning module CharacterAI (466)
[2017.11.27-19.58.21:735][557]LogModuleManager: Shutting down and abandoning module AudioCapture (464)
[2017.11.27-19.58.21:735][557]LogModuleManager: Shutting down and abandoning module SequenceRecorder (463)
[2017.11.27-19.58.21:735][557]LogModuleManager: Shutting down and abandoning module SmartSnapping (460)
[2017.11.27-19.58.21:735][557]LogModuleManager: Shutting down and abandoning module SessionServices (458)
[2017.11.27-19.58.21:735][557]LogModuleManager: Shutting down and abandoning module ViewportSnapping (456)
[2017.11.27-19.58.21:735][557]LogModuleManager: Shutting down and abandoning module ViewportInteraction (454)
[2017.11.27-19.58.21:735][557]LogModuleManager: Shutting down and abandoning module ClothPainter (452)
[2017.11.27-19.58.21:735][557]LogModuleManager: Shutting down and abandoning module LogVisualizer (450)
[2017.11.27-19.58.21:735][557]LogModuleManager: Shutting down and abandoning module IntroTutorials (448)
[2017.11.27-19.58.21:736][557]LogModuleManager: Shutting down and abandoning module GameProjectGeneration (447)
[2017.11.27-19.58.21:736][557]LogModuleManager: Shutting down and abandoning module EditorLiveStreaming (444)
[2017.11.27-19.58.21:736][557]LogModuleManager: Shutting down and abandoning module IOSPlatformEditor (442)
[2017.11.27-19.58.21:736][557]LogModuleManager: Shutting down and abandoning module HTML5PlatformEditor (440)
[2017.11.27-19.58.21:736][557]LogModuleManager: Shutting down and abandoning module AndroidPlatformEditor (438)
[2017.11.27-19.58.21:736][557]LogModuleManager: Shutting down and abandoning module AndroidDeviceDetection (437)
[2017.11.27-19.58.22:181][557]LogModuleManager: Shutting down and abandoning module IOSRuntimeSettings (434)
[2017.11.27-19.58.22:181][557]LogModuleManager: Shutting down and abandoning module AndroidRuntimeSettings (432)
[2017.11.27-19.58.22:181][557]LogModuleManager: Shutting down and abandoning module InputBindingEditor (430)
[2017.11.27-19.58.22:181][557]LogModuleManager: Shutting down and abandoning module MergeActors (428)
[2017.11.27-19.58.22:181][557]LogModuleManager: Shutting down and abandoning module SizeMap (426)
[2017.11.27-19.58.22:181][557]LogModuleManager: Shutting down and abandoning module TreeMap (424)
[2017.11.27-19.58.22:182][557]LogModuleManager: Shutting down and abandoning module ReferenceViewer (422)
[2017.11.27-19.58.22:182][557]LogModuleManager: Shutting down and abandoning module LocalizationDashboard (420)
[2017.11.27-19.58.22:182][557]LogModuleManager: Shutting down and abandoning module LocalizationService (419)
[2017.11.27-19.58.22:182][557]LogModuleManager: Shutting down and abandoning module HardwareTargeting (416)
[2017.11.27-19.58.22:182][557]LogModuleManager: Shutting down and abandoning module DeviceProfileEditor (414)
[2017.11.27-19.58.22:182][557]LogModuleManager: Shutting down and abandoning module UndoHistory (412)
[2017.11.27-19.58.22:182][557]LogModuleManager: Shutting down and abandoning module UserFeedback (410)
[2017.11.27-19.58.22:182][557]LogModuleManager: Shutting down and abandoning module XmlParser (408)
[2017.11.27-19.58.22:182][557]LogModuleManager: Shutting down and abandoning module Blutility (406)
[2017.11.27-19.58.22:182][557]LogModuleManager: Shutting down and abandoning module ProjectSettingsViewer (404)
[2017.11.27-19.58.22:182][557]LogModuleManager: Shutting down and abandoning module ProjectTargetPlatformEditor (403)
[2017.11.27-19.58.22:183][557]LogModuleManager: Shutting down and abandoning module EditorSettingsViewer (400)
[2017.11.27-19.58.22:183][557]LogModuleManager: Shutting down and abandoning module SettingsEditor (398)
[2017.11.27-19.58.22:183][557]LogModuleManager: Shutting down and abandoning module ProjectLauncher (396)
[2017.11.27-19.58.22:183][557]LogModuleManager: Shutting down and abandoning module SessionFrontend (394)
[2017.11.27-19.58.22:183][557]LogModuleManager: Shutting down and abandoning module ProfilerClient (392)
[2017.11.27-19.58.22:183][557]LogModuleManager: Shutting down and abandoning module DeviceManager (390)
[2017.11.27-19.58.22:183][557]LogModuleManager: Shutting down and abandoning module TargetDeviceServices (389)
[2017.11.27-19.58.22:249][557]LogModuleManager: Shutting down and abandoning module AutomationController (386)
[2017.11.27-19.58.22:249][557]LogModuleManager: Shutting down and abandoning module AutomationWindow (384)
[2017.11.27-19.58.22:249][557]LogModuleManager: Shutting down and abandoning module Layers (382)
[2017.11.27-19.58.22:249][557]LogModuleManager: Shutting down and abandoning module ComponentVisualizers (380)
[2017.11.27-19.58.22:249][557]LogModuleManager: Shutting down and abandoning module DetailCustomizations (378)
[2017.11.27-19.58.22:249][557]LogModuleManager: Shutting down and abandoning module PackagesDialog (376)
[2017.11.27-19.58.22:249][557]LogModuleManager: Shutting down and abandoning module Persona (374)
[2017.11.27-19.58.22:249][557]LogModuleManager: Shutting down and abandoning module AdvancedPreviewScene (373)
[2017.11.27-19.58.22:249][557]LogModuleManager: Shutting down and abandoning module AnimGraph (371)
[2017.11.27-19.58.22:249][557]LogModuleManager: Shutting down and abandoning module Kismet (368)
[2017.11.27-19.58.22:262][557]LogModuleManager: Shutting down and abandoning module ClassViewer (366)
[2017.11.27-19.58.22:266][557]LogModuleManager: Shutting down and abandoning module Toolbox (364)
[2017.11.27-19.58.22:267][557]LogModuleManager: Shutting down and abandoning module ModuleUI (362)
[2017.11.27-19.58.22:267][557]LogModuleManager: Shutting down and abandoning module MovieSceneTools (360)
[2017.11.27-19.58.22:267][557]LogModuleManager: Shutting down and abandoning module OutputLog (358)
[2017.11.27-19.58.22:267][557]LogModuleManager: Shutting down and abandoning module GammaUI (356)
[2017.11.27-19.58.22:267][557]LogModuleManager: Shutting down and abandoning module Documentation (354)
[2017.11.27-19.58.22:280][557]LogModuleManager: Shutting down and abandoning module MovieSceneTracks (352)
[2017.11.27-19.58.22:280][557]LogModuleManager: Shutting down and abandoning module MovieScene (350)
[2017.11.27-19.58.22:280][557]LogModuleManager: Shutting down and abandoning module Niagara (348)
[2017.11.27-19.58.22:280][557]LogModuleManager: Shutting down and abandoning module NiagaraEditor (347)
[2017.11.27-19.58.22:280][557]LogModuleManager: Shutting down and abandoning module StreamingPauseRendering (344)
[2017.11.27-19.58.22:280][557]LogModuleManager: Shutting down and abandoning module AnalyticsET (342)
[2017.11.27-19.58.22:280][557]LogModuleManager: Shutting down and abandoning module PortalServices (340)
[2017.11.27-19.58.22:280][557]LogModuleManager: Shutting down and abandoning module PortalRpc (338)
[2017.11.27-19.58.22:280][557]LogModuleManager: Shutting down and abandoning module MessagingRpc (336)
[2017.11.27-19.58.22:280][557]LogModuleManager: Shutting down and abandoning module AIModule (334)
[2017.11.27-19.58.22:280][557]LogModuleManager: Shutting down and abandoning module GameplayDebugger (333)
[2017.11.27-19.58.22:281][557]LogModuleManager: Shutting down and abandoning module AITestSuite (331)
[2017.11.27-19.58.22:281][557]LogModuleManager: Shutting down and abandoning module ProfilerService (328)
[2017.11.27-19.58.22:514][557]LogModuleManager: Shutting down and abandoning module TaskGraph (326)
[2017.11.27-19.58.22:514][557]LogModuleManager: Shutting down and abandoning module SteamVRController (324)
[2017.11.27-19.58.22:514][557]LogModuleManager: Shutting down and abandoning module SteamVR (322)
[2017.11.27-19.58.22:514][557]LogModuleManager: Shutting down and abandoning module ProceduralMeshComponentEditor (320)
[2017.11.27-19.58.22:514][557]LogModuleManager: Shutting down and abandoning module ProceduralMeshComponent (318)
[2017.11.27-19.58.22:514][557]LogModuleManager: Shutting down and abandoning module OculusLibrary (316)
[2017.11.27-19.58.22:514][557]LogModuleManager: Shutting down and abandoning module OculusInput (314)
[2017.11.27-19.58.22:514][557]LogModuleManager: Shutting down and abandoning module MobilePatchingUtils (312)
[2017.11.27-19.58.22:514][557]LogModuleManager: Shutting down and abandoning module CustomMeshComponent (310)
[2017.11.27-19.58.22:514][557]LogModuleManager: Shutting down and abandoning module CableComponent (308)
[2017.11.27-19.58.22:514][557]LogModuleManager: Shutting down and abandoning module ArchVisCharacter (306)
[2017.11.27-19.58.22:514][557]LogModuleManager: Shutting down and abandoning module AndroidPermission (304)
[2017.11.27-19.58.22:514][557]LogModuleManager: Shutting down and abandoning module MediaPlayerEditor (300)
[2017.11.27-19.58.22:514][557]LogModuleManager: Shutting down and abandoning module HTML5Networking (298)
[2017.11.27-19.58.22:514][557]LogModuleManager: Shutting down and abandoning module AlembicImporter (296)
[2017.11.27-19.58.22:514][557]LogModuleManager: Shutting down and abandoning module AlembicLibrary (295)
[2017.11.27-19.58.22:514][557]LogModuleManager: Shutting down and abandoning module GeometryCache (294)
[2017.11.27-19.58.22:514][557]LogModuleManager: Shutting down and abandoning module GeometryCacheEd (293)
[2017.11.27-19.58.22:514][557]LogModuleManager: Shutting down and abandoning module SuperSearchEditor (288)
[2017.11.27-19.58.22:514][557]LogModuleManager: Shutting down and abandoning module SuperSearch (287)
[2017.11.27-19.58.22:514][557]LogModuleManager: Shutting down and abandoning module SpeedTreeImporter (284)
[2017.11.27-19.58.22:514][557]LogModuleManager: Shutting down and abandoning module PluginBrowser (282)
[2017.11.27-19.58.22:514][557]LogModuleManager: Shutting down and abandoning module MobileLauncherProfileWizard (280)
[2017.11.27-19.58.22:514][557]LogModuleManager: Shutting down and abandoning module VisualStudioSourceCodeAccess (278)
[2017.11.27-19.58.22:514][557]LogModuleManager: Shutting down and abandoning module DesktopPlatform (277)
[2017.11.27-19.58.22:514][557]LogModuleManager: Shutting down and abandoning module UObjectPlugin (274)
[2017.11.27-19.58.22:514][557]LogModuleManager: Shutting down and abandoning module SubversionSourceControl (272)
[2017.11.27-19.58.22:514][557]LogModuleManager: Shutting down and abandoning module PerforceSourceControl (270)
[2017.11.27-19.58.22:514][557]LogModuleManager: Shutting down and abandoning module GitSourceControl (268)
[2017.11.27-19.58.22:514][557]LogModuleManager: Shutting down and abandoning module SourceControl (267)
[2017.11.27-19.58.22:514][557]LogModuleManager: Shutting down and abandoning module LightPropagationVolumeEditor (264)
[2017.11.27-19.58.22:514][557]LogModuleManager: Shutting down and abandoning module PaperTiledImporter (262)
[2017.11.27-19.58.22:514][557]LogModuleManager: Shutting down and abandoning module PaperSpriteSheetImporter (260)
[2017.11.27-19.58.22:514][557]LogModuleManager: Shutting down and abandoning module Paper2DEditor (258)
[2017.11.27-19.58.22:514][557]LogModuleManager: Shutting down and abandoning module MeshPaint (257)
[2017.11.27-19.58.22:515][557]LogModuleManager: Shutting down and abandoning module LevelEditor (255)
[2017.11.27-19.58.22:517][557]LogModuleManager: Shutting down and abandoning module PixelInspectorModule (254)
[2017.11.27-19.58.22:517][557]LogModuleManager: Shutting down and abandoning module MainFrame (252)
[2017.11.27-19.58.22:517][557]LogModuleManager: Shutting down and abandoning module HotReload (251)
[2017.11.27-19.58.22:518][557]LogModuleManager: Shutting down and abandoning module PhysXVehiclesEditor (246)
[2017.11.27-19.58.22:518][557]LogModuleManager: Shutting down and abandoning module PhysXVehicles (244)
[2017.11.27-19.58.22:518][557]LogModuleManager: Shutting down and abandoning module LocationServicesBPLibrary (242)
[2017.11.27-19.58.22:518][557]LogModuleManager: Shutting down and abandoning module ImmediatePhysicsEditor (240)
[2017.11.27-19.58.22:518][557]LogModuleManager: Shutting down and abandoning module ImmediatePhysics (238)
[2017.11.27-19.58.22:518][557]LogModuleManager: Shutting down and abandoning module UdpMessaging (236)
[2017.11.27-19.58.22:619][557]LogModuleManager: Shutting down and abandoning module TcpMessaging (234)
[2017.11.27-19.58.22:720][557]LogModuleManager: Shutting down and abandoning module GameplayTagsEditor (232)
[2017.11.27-19.58.22:720][557]LogModuleManager: Shutting down and abandoning module FacialAnimationEditor (230)
[2017.11.27-19.58.22:720][557]LogModuleManager: Shutting down and abandoning module FacialAnimation (228)
[2017.11.27-19.58.22:720][557]LogModuleManager: Shutting down and abandoning module AssetManagerEditor (226)
[2017.11.27-19.58.22:720][557]LogModuleManager: Shutting down and abandoning module GraphEditor (225)
[2017.11.27-19.58.22:720][557]LogModuleManager: Shutting down and abandoning module ContentBrowser (223)
[2017.11.27-19.58.22:735][557]LogModuleManager: Shutting down and abandoning module LightPropagationVolumeRuntime (220)
[2017.11.27-19.58.22:735][557]LogModuleManager: Shutting down and abandoning module Paper2D (218)
[2017.11.27-19.58.22:735][557]LogModuleManager: Shutting down and abandoning module WindowsMoviePlayer (216)
[2017.11.27-19.58.22:735][557]LogModuleManager: Shutting down and abandoning module WmfMedia (214)
[2017.11.27-19.58.22:740][557]LogModuleManager: Shutting down and abandoning module ClothingSystemEditor (212)
[2017.11.27-19.58.22:740][557]LogModuleManager: Shutting down and abandoning module ClothingSystemRuntime (210)
[2017.11.27-19.58.22:740][557]LogModuleManager: Shutting down and abandoning module MediaAssets (208)
[2017.11.27-19.58.22:740][557]LogModuleManager: Shutting down and abandoning module GameLiveStreaming (206)
[2017.11.27-19.58.22:741][557]LogModuleManager: Shutting down and abandoning module VREditor (204)
[2017.11.27-19.58.22:741][557]LogModuleManager: Shutting down and abandoning module StringTableEditor (202)
[2017.11.27-19.58.22:741][557]LogModuleManager: Shutting down and abandoning module GameplayTasksEditor (200)
[2017.11.27-19.58.22:741][557]LogModuleManager: Shutting down and abandoning module BehaviorTreeEditor (198)
[2017.11.27-19.58.22:741][557]LogModuleManager: Shutting down and abandoning module FunctionalTesting (196)
[2017.11.27-19.58.22:741][557]LogModuleManager: Shutting down and abandoning module CollisionAnalyzer (194)
[2017.11.27-19.58.22:741][557]LogModuleManager: Shutting down and abandoning module UMG (192)
[2017.11.27-19.58.22:741][557]LogModuleManager: Shutting down and abandoning module UMGEditor (191)
[2017.11.27-19.58.22:741][557]LogModuleManager: Shutting down and abandoning module Sequencer (190)
[2017.11.27-19.58.22:741][557]LogModuleManager: Shutting down and abandoning module AssetTools (188)
[2017.11.27-19.58.22:742][557]LogModuleManager: Shutting down and abandoning module MessageLog (187)
[2017.11.27-19.58.22:742][557]LogModuleManager: Shutting down and abandoning module WorkspaceMenuStructure (186)
[2017.11.27-19.58.22:742][557]LogModuleManager: Shutting down and abandoning module SlateReflector (180)
[2017.11.27-19.58.22:742][557]LogModuleManager: Shutting down and abandoning module Slate (178)
[2017.11.27-19.58.22:742][557]LogModuleManager: Shutting down and abandoning module EditorStyle (176)
[2017.11.27-19.58.22:746][557]LogModuleManager: Shutting down and abandoning module SourceCodeAccess (174)
[2017.11.27-19.58.22:746][557]LogModuleManager: Shutting down and abandoning module HeadMountedDisplay (172)
[2017.11.27-19.58.22:746][557]LogModuleManager: Shutting down and abandoning module XAudio2 (170)
[2017.11.27-19.58.22:746][557]LogModuleManager: Shutting down and abandoning module Networking (168)
[2017.11.27-19.58.22:747][557]LogModuleManager: Shutting down and abandoning module Core (164)
[2017.11.27-19.58.22:747][557]LogModuleManager: Shutting down and abandoning module AssetRegistry (162)
[2017.11.27-19.58.22:957][557]LogDirectoryWatcher: A directory notification for '../../../Engine/Content/' was aborted.
[2017.11.27-19.58.22:957][557]LogDirectoryWatcher: A directory notification for '../../../../../../Users/jordansoy/Documents/Unreal Projects/Supervivencia/Content/' was aborted.
[2017.11.27-19.58.22:957][557]LogDirectoryWatcher: A directory notification for '../../../Engine/Plugins/2D/Paper2D/Content/' was aborted.
[2017.11.27-19.58.22:957][557]LogDirectoryWatcher: A directory notification for '../../../Engine/Plugins/Runtime/GearVR/Content/' was aborted.
[2017.11.27-19.58.22:967][557]LogModuleManager: Shutting down and abandoning module DirectoryWatcher (161)
[2017.11.27-19.58.22:974][557]LogModuleManager: Shutting down and abandoning module KismetCompiler (158)
[2017.11.27-19.58.22:974][557]LogModuleManager: Shutting down and abandoning module LevelSequence (156)
[2017.11.27-19.58.22:974][557]LogModuleManager: Shutting down and abandoning module PhysXFormats (154)
[2017.11.27-19.58.22:974][557]LogModuleManager: Shutting down and abandoning module MeshUtilities (152)
[2017.11.27-19.58.22:974][557]LogModuleManager: Shutting down and abandoning module SimplygonSwarm (151)
[2017.11.27-19.58.22:974][557]LogModuleManager: Shutting down and abandoning module SimplygonMeshReduction (149)
[2017.11.27-19.58.22:974][557]LogModuleManager: Shutting down and abandoning module QuadricMeshReduction (147)
[2017.11.27-19.58.22:974][557]LogModuleManager: Shutting down and abandoning module DerivedDataCache (144)
[2017.11.27-19.58.22:999][557]LogDerivedDataCache: Shutdown
[2017.11.27-19.58.22:999][557]LogModuleManager: Shutting down and abandoning module TargetPlatform (142)
[2017.11.27-19.58.22:999][557]LogModuleManager: Shutting down and abandoning module VulkanShaderFormat (141)
[2017.11.27-19.58.22:999][557]LogModuleManager: Shutting down and abandoning module ShaderFormatVectorVM (139)
[2017.11.27-19.58.22:999][557]LogModuleManager: Shutting down and abandoning module ShaderFormatOpenGL (137)
[2017.11.27-19.58.22:999][557]LogModuleManager: Shutting down and abandoning module ShaderFormatD3D (135)
[2017.11.27-19.58.22:999][557]LogModuleManager: Shutting down and abandoning module MetalShaderFormat (133)
[2017.11.27-19.58.22:999][557]LogModuleManager: Shutting down and abandoning module TextureFormatUncompressed (131)
[2017.11.27-19.58.22:999][557]LogModuleManager: Shutting down and abandoning module TextureFormatPVR (129)
[2017.11.27-19.58.22:999][557]LogModuleManager: Shutting down and abandoning module TextureFormatDXT (127)
[2017.11.27-19.58.22:999][557]LogModuleManager: Shutting down and abandoning module TextureFormatIntelISPCTexComp (125)
[2017.11.27-19.58.23:000][557]LogModuleManager: Shutting down and abandoning module TextureFormatASTC (123)
[2017.11.27-19.58.23:000][557]LogModuleManager: Shutting down and abandoning module ImageWrapper (122)
[2017.11.27-19.58.23:000][557]LogModuleManager: Shutting down and abandoning module TextureFormatAndroid (119)
[2017.11.27-19.58.23:000][557]LogModuleManager: Shutting down and abandoning module AudioFormatOpus (117)
[2017.11.27-19.58.23:000][557]LogModuleManager: Shutting down and abandoning module AudioFormatOgg (115)
[2017.11.27-19.58.23:000][557]LogModuleManager: Shutting down and abandoning module AudioFormatADPCM (113)
[2017.11.27-19.58.23:000][557]LogModuleManager: Shutting down and abandoning module LinuxTargetPlatform (111)
[2017.11.27-19.58.23:000][557]LogModuleManager: Shutting down and abandoning module LinuxServerTargetPlatform (109)
[2017.11.27-19.58.23:000][557]LogModuleManager: Shutting down and abandoning module LinuxNoEditorTargetPlatform (107)
[2017.11.27-19.58.23:000][557]LogModuleManager: Shutting down and abandoning module LinuxClientTargetPlatform (105)
[2017.11.27-19.58.23:000][557]LogModuleManager: Shutting down and abandoning module TVOSTargetPlatform (103)
[2017.11.27-19.58.23:000][557]LogModuleManager: Shutting down and abandoning module Messaging (101)
[2017.11.27-19.58.23:000][557]LogModuleManager: Shutting down and abandoning module IOSTargetPlatform (99)
[2017.11.27-19.58.23:000][557]LogModuleManager: Shutting down and abandoning module HTML5TargetPlatform (97)
[2017.11.27-19.58.23:000][557]LogModuleManager: Shutting down and abandoning module Android_PVRTCTargetPlatform (95)
[2017.11.27-19.58.23:000][557]LogModuleManager: Shutting down and abandoning module Android_MultiTargetPlatform (93)
[2017.11.27-19.58.23:000][557]LogModuleManager: Shutting down and abandoning module Android_ETC2TargetPlatform (91)
[2017.11.27-19.58.23:000][557]LogModuleManager: Shutting down and abandoning module Android_ETC1TargetPlatform (89)
[2017.11.27-19.58.23:000][557]LogModuleManager: Shutting down and abandoning module Android_DXTTargetPlatform (87)
[2017.11.27-19.58.23:000][557]LogModuleManager: Shutting down and abandoning module Android_ATCTargetPlatform (85)
[2017.11.27-19.58.23:000][557]LogModuleManager: Shutting down and abandoning module Android_ASTCTargetPlatform (83)
[2017.11.27-19.58.23:000][557]LogModuleManager: Shutting down and abandoning module AndroidTargetPlatform (81)
[2017.11.27-19.58.23:000][557]LogModuleManager: Shutting down and abandoning module WindowsTargetPlatform (79)
[2017.11.27-19.58.23:000][557]LogModuleManager: Shutting down and abandoning module WindowsServerTargetPlatform (77)
[2017.11.27-19.58.23:000][557]LogModuleManager: Shutting down and abandoning module WindowsNoEditorTargetPlatform (75)
[2017.11.27-19.58.23:000][557]LogModuleManager: Shutting down and abandoning module WindowsClientTargetPlatform (73)
[2017.11.27-19.58.23:000][557]LogModuleManager: Shutting down and abandoning module MacTargetPlatform (71)
[2017.11.27-19.58.23:000][557]LogModuleManager: Shutting down and abandoning module MacServerTargetPlatform (69)
[2017.11.27-19.58.23:000][557]LogModuleManager: Shutting down and abandoning module MacNoEditorTargetPlatform (67)
[2017.11.27-19.58.23:000][557]LogModuleManager: Shutting down and abandoning module MacClientTargetPlatform (65)
[2017.11.27-19.58.23:000][557]LogModuleManager: Shutting down and abandoning module AllDesktopTargetPlatform (63)
[2017.11.27-19.58.23:000][557]LogModuleManager: Shutting down and abandoning module InputCore (60)
[2017.11.27-19.58.23:000][557]LogModuleManager: Shutting down and abandoning module Settings (58)
[2017.11.27-19.58.23:000][557]LogModuleManager: Shutting down and abandoning module OculusRift (56)
[2017.11.27-19.58.23:000][557]LogModuleManager: Shutting down and abandoning module GearVRController (54)
[2017.11.27-19.58.23:000][557]LogModuleManager: Shutting down and abandoning module GearVR (52)
[2017.11.27-19.58.23:000][557]LogModuleManager: Shutting down and abandoning module ExampleDeviceProfileSelector (50)
[2017.11.27-19.58.23:000][557]LogModuleManager: Shutting down and abandoning module OnlineBlueprintSupport (48)
[2017.11.27-19.58.23:000][557]LogModuleManager: Shutting down and abandoning module OnlineSubsystem (44)
[2017.11.27-19.58.23:000][557]LogOnline:Display: Unloading online subsystem: NULL
[2017.11.27-19.58.23:000][557]LogModuleManager: Shutting down and abandoning module XMPP (43)
[2017.11.27-19.58.23:000][557]LogModuleManager: Shutting down and abandoning module HTTP (41)
[2017.11.27-19.58.23:000][557]LogHttp:Display: Http module shutting down, but needs to wait on 1 outstanding Http requests:
[2017.11.27-19.58.23:000][557]LogHttp:Display: 	verb=[POST] url=[https://datarouter.ol.epicgames.com/datarouter/api/v1/public/data?SessionID=%7BA30299F9-4A18-F761-B98E-C2A4BF7F8EF7%7D&AppID=UEEditor.Rocket.Release&AppVersion=4.16.3-3561208%2B%2B%2BUE4%2BRelease-4.16&UserID=55d5e35549391aeed6dbefa12c62ecd4%7C54df08e254f74fdab59a7e97ca138ec8%7C724b85d6-052f-4a43-aa7d-40a7b4070990&AppEnvironment=datacollector-binary&UploadType=eteventstream] status=Processing
[2017.11.27-19.58.23:014][557]LogModuleManager: Shutting down and abandoning module SSL (40)
[2017.11.27-19.58.23:016][557]LogModuleManager: Shutting down and abandoning module HTTPChunkInstaller (36)
[2017.11.27-19.58.23:016][557]LogModuleManager: Shutting down and abandoning module AnimationModifiers (34)
[2017.11.27-19.58.23:016][557]LogModuleManager: Shutting down and abandoning module PropertyEditor (33)
[2017.11.27-19.58.23:016][557]LogModuleManager: Shutting down and abandoning module AudioEditor (30)
[2017.11.27-19.58.23:016][557]LogModuleManager: Shutting down and abandoning module TextureCompressor (28)
[2017.11.27-19.58.23:016][557]LogModuleManager: Shutting down and abandoning module ShaderCore (26)
[2017.11.27-19.58.23:016][557]LogModuleManager: Shutting down and abandoning module Landscape (24)
[2017.11.27-19.58.23:016][557]LogModuleManager: Shutting down and abandoning module SlateRHIRenderer (22)
[2017.11.27-19.58.23:024][557]LogModuleManager: Shutting down and abandoning module OpenGLDrv (20)
[2017.11.27-19.58.23:024][557]LogModuleManager: Shutting down and abandoning module D3D11RHI (18)
[2017.11.27-19.58.23:024][557]LogModuleManager: Shutting down and abandoning module AnimGraphRuntime (16)
[2017.11.27-19.58.23:024][557]LogModuleManager: Shutting down and abandoning module Renderer (14)
[2017.11.27-19.58.23:024][557]LogModuleManager: Shutting down and abandoning module Engine (12)
[2017.11.27-19.58.23:024][557]LogModuleManager: Shutting down and abandoning module CoreUObject (10)
[2017.11.27-19.58.23:024][557]LogModuleManager: Shutting down and abandoning module NetworkFile (8)
[2017.11.27-19.58.23:024][557]LogModuleManager: Shutting down and abandoning module StreamingFile (6)
[2017.11.27-19.58.23:024][557]LogModuleManager: Shutting down and abandoning module SandboxFile (4)
[2017.11.27-19.58.23:024][557]LogModuleManager: Shutting down and abandoning module PakFile (2)
[2017.11.27-19.58.23:025][557]LogExit: Exiting.
[2017.11.27-19.58.23:049][557]Log file closed, 11/27/17 20:58:23
