Log file open, 11/25/17 14:40:14
LogInit:Display: Running engine for game: Supervivencia
LogPlatformFile: Not using cached read wrapper
LogInit:Display: RandInit(109344388) SRandInit(109344388).
LogTaskGraph: Started task graph with 5 named threads and 6 total threads with 1 sets of task threads.
LogStats: Stats thread started at 0.080826
LogInit: Using libcurl 7.47.1
LogInit:  - built for x86_64-pc-win32
LogInit:  - supports SSL with OpenSSL/1.0.2g
LogInit:  - supports HTTP deflate (compression) using libz 1.2.8
LogInit:  - other features:
LogInit:      CURL_VERSION_SSL
LogInit:      CURL_VERSION_LIBZ
LogInit:      CURL_VERSION_IPV6
LogInit:      CURL_VERSION_ASYNCHDNS
LogInit:      CURL_VERSION_LARGEFILE
LogInit:      CURL_VERSION_IDN
LogInit:  CurlRequestOptions (configurable via config and command line):
LogInit:  - bVerifyPeer = false  - Libcurl will NOT verify peer certificate
LogInit:  - bUseHttpProxy = false  - Libcurl will NOT use HTTP proxy
LogInit:  - bDontReuseConnections = false  - Libcurl will reuse connections
LogInit:  - CertBundlePath = nullptr  - Libcurl will use whatever was configured at build time.
LogInit: Build: ++UE4+Release-4.16-CL-3561208
LogInit: Engine Version: 4.16.3-3561208+++UE4+Release-4.16
LogInit: Compatible Engine Version: 4.16.0-3452394+++UE4+Release-4.16
LogInit: Net CL: 3452394
LogDevObjectVersion: Number of dev versions registered: 16
LogDevObjectVersion:   Dev-Blueprints (B0D832E4-1F89-4F0D-ACCF-7EB736FD4AA2): 9
LogDevObjectVersion:   Dev-Build (E1C64328-A22C-4D53-A36C-8E866417BD8C): 0
LogDevObjectVersion:   Dev-Core (375EC13C-06E4-48FB-B500-84F0262A717E): 2
LogDevObjectVersion:   Dev-Editor (E4B068ED-F494-42E9-A231-DA0B2E46BB41): 17
LogDevObjectVersion:   Dev-Framework (CFFC743F-43B0-4480-9391-14DF171D2073): 23
LogDevObjectVersion:   Dev-Mobile (B02B49B5-BB20-44E9-A304-32B752E40360): 0
LogDevObjectVersion:   Dev-Networking (A4E4105C-59A1-49B5-A7C5-40C4547EDFEE): 0
LogDevObjectVersion:   Dev-Online (39C831C9-5AE6-47DC-9A44-9C173E1C8E7C): 0
LogDevObjectVersion:   Dev-Physics (78F01B33-EBEA-4F98-B9B4-84EACCB95AA2): 0
LogDevObjectVersion:   Dev-Platform (6631380F-2D4D-43E0-8009-CF276956A95A): 0
LogDevObjectVersion:   Dev-Rendering (12F88B9F-8875-4AFC-A67C-D90C383ABD29): 15
LogDevObjectVersion:   Dev-Sequencer (7B5AE74C-D270-4C10-A958-57980B212A5A): 4
LogDevObjectVersion:   Dev-VR (D7296918-1DD6-4BDD-9DE2-64A83CC13884): 0
LogDevObjectVersion:   Dev-LoadTimes (C2A15278-BFE7-4AFE-6C17-90FF531DF755): 1
LogDevObjectVersion:   Private-Geometry (6EACA3D4-40EC-4CC1-B786-8BED09428FC5): 1
LogDevObjectVersion:   Dev-AnimPhys (29E575DD-E0A3-4627-9D10-D276232CDCEA): 3
LogInit: Compiled (64-bit): Jul 28 2017 11:49:47
LogInit: Compiled with Visual C++: 19.00.24215.01
LogInit: Build Configuration: Development
LogInit: Branch Name: ++UE4+Release-4.16
LogInit: Command line: -EpicPortal 
LogInit: Base directory: C:/Program Files/Epic Games/UE_4.16/Engine/Binaries/Win64/
LogInit: Installed Engine Build: 1
LogInit: Presizing for max 8388607 objects, including 0 objects not considered by GC, pre-allocating 0 bytes for permanent pool.
LogInit: Object subsystem initialized
[2017.11.25-13.40.15:252][  0]LogInit: Selected Device Profile: [Windows]
[2017.11.25-13.40.15:253][  0]LogInit: Applying CVar settings loaded from the selected device profile: [Windows]
[2017.11.25-13.40.15:278][  0]LogInit: Computer: DESKTOP-0PG52OH
[2017.11.25-13.40.15:278][  0]LogInit: User: jordansoy
[2017.11.25-13.40.15:278][  0]LogInit: CPU Page size=4096, Cores=2
[2017.11.25-13.40.15:278][  0]LogInit: High frequency timer resolution =2.531248 MHz
[2017.11.25-13.40.15:279][  0]LogMemory: Memory total: Physical=15.9GB (16GB approx)
[2017.11.25-13.40.15:279][  0]LogMemory: Platform Memory Stats for Windows
[2017.11.25-13.40.15:279][  0]LogMemory: Process Physical Memory: 273.23 MB used, 273.23 MB peak
[2017.11.25-13.40.15:279][  0]LogMemory: Process Virtual Memory: 266.43 MB used, 266.43 MB peak
[2017.11.25-13.40.15:279][  0]LogMemory: Physical Memory: 8630.94 MB used,  7612.97 MB free, 16243.91 MB total
[2017.11.25-13.40.15:279][  0]LogMemory: Virtual Memory: 642.39 MB used,  7612.97 MB free, 134217728.00 MB total
[2017.11.25-13.40.15:373][  0]LogInit: Overriding language with editor language configuration option (en).
[2017.11.25-13.40.15:373][  0]LogInit: Overriding locale with editor locale configuration option (en).
[2017.11.25-13.40.16:769][  0]LogD3D11RHI: D3D11 adapters:
[2017.11.25-13.40.16:776][  0]LogD3D11RHI:    0. 'Intel(R) HD Graphics 520' (Feature Level 11_0)
[2017.11.25-13.40.16:776][  0]LogD3D11RHI:       128/0/8121 MB DedicatedVideo/DedicatedSystem/SharedSystem, Outputs:2, VendorId:0x8086
[2017.11.25-13.40.17:267][  0]LogD3D11RHI:    1. 'AMD Radeon(TM) R5 M330' (Feature Level 11_0)
[2017.11.25-13.40.17:268][  0]LogD3D11RHI:       2039/0/8121 MB DedicatedVideo/DedicatedSystem/SharedSystem, Outputs:0, VendorId:0x1002
[2017.11.25-13.40.17:269][  0]LogD3D11RHI:    2. 'Microsoft Basic Render Driver' (Feature Level 11_0)
[2017.11.25-13.40.17:269][  0]LogD3D11RHI:       0/0/8121 MB DedicatedVideo/DedicatedSystem/SharedSystem, Outputs:0, VendorId:0x1414
[2017.11.25-13.40.17:269][  0]LogD3D11RHI: Chosen D3D11 Adapter: 1
[2017.11.25-13.40.17:393][  0]LogD3D11RHI: Creating new Direct3DDevice
[2017.11.25-13.40.17:393][  0]LogD3D11RHI:     GPU DeviceId: 0x6660 (for the marketing name, search the web for "GPU Device Id")
[2017.11.25-13.40.17:393][  0]LogWindows: EnumDisplayDevices:
[2017.11.25-13.40.17:394][  0]LogWindows:    0. 'Intel(R) HD Graphics 520' (P:1 D:1)
[2017.11.25-13.40.17:394][  0]LogWindows:    1. 'Intel(R) HD Graphics 520' (P:0 D:1)
[2017.11.25-13.40.17:394][  0]LogWindows:    2. 'Intel(R) HD Graphics 520' (P:0 D:0)
[2017.11.25-13.40.17:394][  0]LogWindows: DebugString: PrimaryIsNotTheChoosenAdapter PrimaryIsNotTheChoosenAdapter PrimaryIsNotTheChoosenAdapter FoundDriverCount:0 
[2017.11.25-13.40.17:394][  0]LogD3D11RHI:     Adapter Name: AMD Radeon(TM) R5 M330
[2017.11.25-13.40.17:394][  0]LogD3D11RHI:   Driver Version: Unknown (internal:Unknown, unified:Unknown)
[2017.11.25-13.40.17:394][  0]LogD3D11RHI:      Driver Date: Unknown
[2017.11.25-13.40.17:394][  0]LogRHI: Texture pool is 1361 MB (70% of 1945 MB)
[2017.11.25-13.40.17:414][  0]LogD3D11RHI: Async texture creation enabled
[2017.11.25-13.40.17:425][  0]LogD3D11RHI: GPU Timing Frequency: 27.000000 (Debug: 2 1)
[2017.11.25-13.40.17:425][  0]LogShaderCompilers: Guid format shader working directory is -25 characters bigger than the processId version (../../../../../../Users/jordansoy/Documents/Unreal Projects/Supervivencia/Intermediate/Shaders/WorkingDirectory/623032/).
[2017.11.25-13.40.17:425][  0]LogShaderCompilers: Cleaned the shader compiler working directory 'C:/Users/jordansoy/AppData/Local/Temp/UnrealShaderWorkingDir/0182F8F9482BB1622C1782A6B99181D4/'.
[2017.11.25-13.40.17:425][  0]LogShaderCompilers:Display: Using Local Shader Compiler.
[2017.11.25-13.40.18:932][  0]LogTemp:Display: Loaded TP AllDesktopTargetPlatform
[2017.11.25-13.40.19:000][  0]LogTemp:Display: Loaded TP MacClientTargetPlatform
[2017.11.25-13.40.19:068][  0]LogTemp:Display: Loaded TP MacNoEditorTargetPlatform
[2017.11.25-13.40.19:124][  0]LogTemp:Display: Loaded TP MacServerTargetPlatform
[2017.11.25-13.40.19:180][  0]LogTemp:Display: Loaded TP MacTargetPlatform
[2017.11.25-13.40.19:236][  0]LogTemp:Display: Loaded TP WindowsClientTargetPlatform
[2017.11.25-13.40.19:294][  0]LogTemp:Display: Loaded TP WindowsNoEditorTargetPlatform
[2017.11.25-13.40.19:352][  0]LogTemp:Display: Loaded TP WindowsServerTargetPlatform
[2017.11.25-13.40.19:402][  0]LogTemp:Display: Loaded TP WindowsTargetPlatform
[2017.11.25-13.40.19:468][  0]LogTemp:Display: Loaded TP AndroidTargetPlatform
[2017.11.25-13.40.19:541][  0]LogTemp:Display: Loaded TP Android_ASTCTargetPlatform
[2017.11.25-13.40.19:615][  0]LogTemp:Display: Loaded TP Android_ATCTargetPlatform
[2017.11.25-13.40.19:685][  0]LogTemp:Display: Loaded TP Android_DXTTargetPlatform
[2017.11.25-13.40.19:738][  0]LogTemp:Display: Loaded TP Android_ETC1TargetPlatform
[2017.11.25-13.40.19:791][  0]LogTemp:Display: Loaded TP Android_ETC2TargetPlatform
[2017.11.25-13.40.19:896][  0]LogTemp:Display: Loaded TP Android_MultiTargetPlatform
[2017.11.25-13.40.19:896][  0]LogTemp:Display: Loaded TP Android_PVRTCTargetPlatform
[2017.11.25-13.40.19:938][  0]LogTemp:Display: Loaded TP HTML5TargetPlatform
[2017.11.25-13.40.20:035][  0]LogTemp:Display: Loaded TP IOSTargetPlatform
[2017.11.25-13.40.20:067][  0]LogTemp:Display: Loaded TP TVOSTargetPlatform
[2017.11.25-13.40.20:131][  0]LogTemp:Display: Loaded TP LinuxClientTargetPlatform
[2017.11.25-13.40.20:189][  0]LogTemp:Display: Loaded TP LinuxNoEditorTargetPlatform
[2017.11.25-13.40.20:252][  0]LogTemp:Display: Loaded TP LinuxServerTargetPlatform
[2017.11.25-13.40.20:303][  0]LogTemp:Display: Loaded TP LinuxTargetPlatform
[2017.11.25-13.40.20:303][  0]LogTargetPlatformManager:Display: Building Assets For Windows
[2017.11.25-13.40.21:026][  0]LogDerivedDataCache:Display: Max Cache Size: 512 MB
[2017.11.25-13.40.21:160][  0]LogDerivedDataCache: Loaded boot cache 0.13s 90MB C:/Users/jordansoy/AppData/Local/UnrealEngine/4.16/DerivedDataCache/Boot.ddc.
[2017.11.25-13.40.21:160][  0]LogDerivedDataCache:Display: Loaded Boot cache: C:/Users/jordansoy/AppData/Local/UnrealEngine/4.16/DerivedDataCache/Boot.ddc
[2017.11.25-13.40.21:160][  0]LogDerivedDataCache: FDerivedDataBackendGraph:  Pak pak cache file ../../../../../../Users/jordansoy/Documents/Unreal Projects/Supervivencia/DerivedDataCache/DDC.ddp not found, will not use a pak cache.
[2017.11.25-13.40.21:160][  0]LogDerivedDataCache: Unable to find inner node Pak for hierarchical cache Hierarchy.
[2017.11.25-13.40.21:161][  0]LogDerivedDataCache: FDerivedDataBackendGraph:  CompressedPak pak cache file ../../../../../../Users/jordansoy/Documents/Unreal Projects/Supervivencia/DerivedDataCache/Compressed.ddp not found, will not use a pak cache.
[2017.11.25-13.40.21:161][  0]LogDerivedDataCache: Unable to find inner node CompressedPak for hierarchical cache Hierarchy.
[2017.11.25-13.40.21:187][  0]LogDerivedDataCache:Display: Pak cache opened for reading ../../../Engine/DerivedDataCache/Compressed.ddp.
[2017.11.25-13.40.21:199][  0]LogDerivedDataCache: Using Local data cache path C:/Users/jordansoy/AppData/Local/UnrealEngine/Common/DerivedDataCache: Writable
[2017.11.25-13.40.21:248][  0]LogMaterial: Verifying Global Shaders for PCD3D_SM5
[2017.11.25-13.40.21:248][  0]LogSlate: Using Freetype 2.6.0
[2017.11.25-13.40.21:249][  0]LogSlate: SlateFontCache - WITH_FREETYPE: 1, WITH_HARFBUZZ: 1
[2017.11.25-13.40.21:249][  0]LogSlate: SlateFontCache - WITH_FREETYPE: 1, WITH_HARFBUZZ: 1
[2017.11.25-13.40.22:269][  0]LogInit: Selected Device Profile: [Windows]
[2017.11.25-13.40.22:489][  0]LogContentStreaming: Texture pool size is 0.00 MB
[2017.11.25-13.40.22:752][  0]LogMeshUtilities: Using QuadricMeshReduction for automatic static mesh reduction
[2017.11.25-13.40.22:802][  0]LogSimplygon: Simplygon DLL not present - disabling.
[2017.11.25-13.40.22:855][  0]LogMeshUtilities: Using SimplygonSwarm for distributed automatic mesh merging
[2017.11.25-13.40.22:855][  0]LogMeshUtilities: No automatic skeletal mesh reduction module available
[2017.11.25-13.40.22:855][  0]LogMeshUtilities: No automatic mesh merging module available
[2017.11.25-13.40.23:649][  0]LogNetVersion: Supervivencia , NetCL: 3452394, EngineNetVer: 2, GameNetVer: 0 (Checksum: 1556410374)
[2017.11.25-13.40.23:790][  0]LogAssetRegistry: FAssetRegistry took 0.0301 seconds to start up
[2017.11.25-13.40.23:888][  0]LogPackageLocalizationCache: Processed 4 localized package path(s) for 1 prioritized culture(s) in 0.043486 seconds
[2017.11.25-13.40.23:898][  0]LogUObjectArray: 34194 objects as part of root set at end of initial load.
[2017.11.25-13.40.23:898][  0]LogUObjectAllocator: 7260416 out of 0 bytes used by permanent object pool.
[2017.11.25-13.40.23:898][  0]LogUObjectArray: CloseDisregardForGC: 0/0 objects in disregard for GC pool
[2017.11.25-13.40.24:010][  0]LogInit: WinSock: version 1.1 (2.2), MaxSocks=32767, MaxUdp=65467
[2017.11.25-13.40.27:722][  0]LogTcpMessaging: Initializing TcpMessaging bridge
[2017.11.25-13.40.27:780][  0]LogUdpMessaging: Initializing bridge on interface 0.0.0.0:0 to multicast group 230.0.0.1:6666.
[2017.11.25-13.40.28:462][  0]LogMaterial: Uniform references updated for custom material expression Custom.
[2017.11.25-13.40.29:065][  0]SourceControl: Info Source control is disabled
[2017.11.25-13.40.29:113][  0]SourceControl: Info Source control is disabled
[2017.11.25-13.40.29:180][  0]SourceControl: Info Source control is disabled
[2017.11.25-13.40.29:245][  0]SourceControl: Info Source control is disabled
[2017.11.25-13.40.30:279][  0]LogAndroidPermission: UAndroidPermissionCallbackProxy::GetInstance
[2017.11.25-13.40.31:164][  0]LogEngine: Initializing Engine...
[2017.11.25-13.40.31:164][  0]LogHMD: Failed to initialize OpenVR with code 110
[2017.11.25-13.40.31:398][  0]LogStats: UGameplayTagsManager::ConstructGameplayTagTree: Construct from data asset -  0.000 s
[2017.11.25-13.40.31:398][  0]LogStats: UGameplayTagsManager::ConstructGameplayTagTree: GameplayTagTreeChangedEvent.Broadcast -  0.000 s
[2017.11.25-13.40.31:555][  0]LogAIModule: Creating AISystem for world Untitled
[2017.11.25-13.40.31:568][  0]LogInit: XAudio2 using 'Altavoces (USB headset BSF)' : 2 channels at 48 kHz using 16 bits per sample (channel mask 0x3)
[2017.11.25-13.40.31:584][  0]LogInit: FAudioDevice initialized.
[2017.11.25-13.40.31:629][  0]LogDerivedDataCache: Saved boot cache 0.04s 90MB C:/Users/jordansoy/AppData/Local/UnrealEngine/4.16/DerivedDataCache/Boot.ddc.
[2017.11.25-13.40.31:640][  0]LogInit: Texture streaming: Enabled
[2017.11.25-13.40.31:776][  0]LogEngineSessionManager: EngineSessionManager initialized
[2017.11.25-13.40.32:206][  0]LogInit: Transaction tracking system initialized
[2017.11.25-13.40.32:556][  0]BlueprintLog: New page: Editor Load
[2017.11.25-13.40.33:811][  0]LocalizationService: Info Localization service is disabled
[2017.11.25-13.40.34:780][  0]LogConsoleResponse:Display: 
[2017.11.25-13.40.34:954][  0]LogCook:Display: Max memory allowance for cook 16384mb min free memory 0mb
[2017.11.25-13.40.34:954][  0]LogCook:Display: Mobile HDR setting 1
[2017.11.25-13.40.35:434][  0]LogFileCache: Scanning file cache for directory 'C:/Users/jordansoy/Documents/Unreal Projects/Supervivencia/Content/' took 0.03s
[2017.11.25-13.40.36:272][  0]SourceControl: Info Source control is disabled
[2017.11.25-13.40.36:359][  0]LogSlate: Took 0.000259 seconds to synchronously load lazily loaded font '../../../Engine/Content/Slate/Fonts/Roboto-Regular.ttf' (155K)
[2017.11.25-13.40.41:322][  0]LogWindowsTextInputMethodSystem:Display: IME system now deactivated.
[2017.11.25-13.40.41:341][  0]LogWindowsTextInputMethodSystem:Display: IME system now deactivated.
[2017.11.25-13.40.46:895][  0]LogWindowsTextInputMethodSystem:Display: IME system now deactivated.
[2017.11.25-13.40.47:116][  0]LogWindowsTextInputMethodSystem:Display: IME system now deactivated.
[2017.11.25-13.40.47:118][  0]Cmd: MAP LOAD FILE="../../../../../../Users/jordansoy/Documents/Unreal Projects/Supervivencia/Content/Level2.umap" TEMPLATE=0 SHOWPROGRESS=1 FEATURELEVEL=3
[2017.11.25-13.40.47:118][  0]LightingResults: New page: Lighting Build
[2017.11.25-13.40.47:200][  0]MapCheck: New page: Map Check
[2017.11.25-13.40.47:200][  0]LightingResults: New page: Lighting Build
[2017.11.25-13.40.48:270][  0]LogAIModule: Creating AISystem for world Level2
[2017.11.25-13.40.49:116][  0]LogEditorServer: Finished looking for orphan Actors (0.000 secs)
[2017.11.25-13.40.49:173][  0]Cmd: MAP CHECKDEP NOCLEARLOG
[2017.11.25-13.40.49:265][  0]MapCheck: Info Map check complete: 0 Error(s), 0 Warning(s), took 92.78ms to complete.
[2017.11.25-13.40.49:265][  0]LogFileHelpers: Loading map 'Level2' took 2.148
[2017.11.25-13.40.49:401][  0]LogStats:Warning: MetaData mismatch. Did you assign a stat to two groups? New //STATGROUP_Threads//SplashScreenThread///Thread_989a8_0///####STATCAT_Advanced#### old //STATGROUP_Threads//SplashScreenThread///Thread_9859c_0///####STATCAT_Advanced####
[2017.11.25-13.40.49:401][  0]LogCollectionManager: Loaded 0 collections in 0.001448 seconds
[2017.11.25-13.40.49:499][  0]LogFileCache: Scanning file cache for directory 'C:/Users/jordansoy/Documents/Unreal Projects/Supervivencia/Saved/Collections/' took 0.01s
[2017.11.25-13.40.49:499][  0]LogFileCache: Scanning file cache for directory 'C:/Users/jordansoy/Documents/Unreal Projects/Supervivencia/Content/Developers/jordansoy/Collections/' took 0.01s
[2017.11.25-13.40.49:499][  0]LogFileCache: Scanning file cache for directory 'C:/Users/jordansoy/Documents/Unreal Projects/Supervivencia/Content/Collections/' took 0.01s
[2017.11.25-13.40.49:499][  0]LogCollectionManager: Rebuilt the GUID cache for 0 collections in 0.000002 seconds
[2017.11.25-13.40.49:511][  0]LogContentBrowser: Native class hierarchy populated in 0.0113 seconds. Added 2329 classes and 491 folders.
[2017.11.25-13.40.49:584][  0]LogContentBrowser: Native class hierarchy updated for 'WidgetCarousel' in 0.0005 seconds. Added 0 classes and 0 folders.
[2017.11.25-13.40.50:003][  0]LogContentBrowser: Native class hierarchy updated for 'AddContentDialog' in 0.0006 seconds. Added 0 classes and 0 folders.
[2017.11.25-13.40.50:057][  0]LogContentBrowser: Native class hierarchy updated for 'SceneOutliner' in 0.0006 seconds. Added 1 classes and 2 folders.
[2017.11.25-13.40.50:249][  0]LogCrashTracker: Crashtracker disabled due to settings.
[2017.11.25-13.40.51:446][  0]LogSlate: Only BGRA pngs, bmps or icos are supported in by External Image Picker
[2017.11.25-13.40.51:471][  0]LogSlate: Took 0.000198 seconds to synchronously load lazily loaded font '../../../Engine/Content/Slate/Fonts/Roboto-Bold.ttf' (160K)
[2017.11.25-13.40.51:486][  0]LogSlate: Took 0.006789 seconds to synchronously load lazily loaded font '../../../Engine/Content/Editor/Slate/Fonts/FontAwesome.ttf' (139K)
[2017.11.25-13.40.51:680][  0]LogTemp: Executing iPhonePackager certificates Engine -bundlename com.YourCompany.Supervivencia
[2017.11.25-13.40.51:680][  0]LogTemp: CWD: C:\Program Files\Epic Games\UE_4.16\Engine\Binaries\DotNET\IOS
[2017.11.25-13.40.51:680][  0]LogTemp: Initial Dir: C:\Program Files\Epic Games\UE_4.16
[2017.11.25-13.40.51:680][  0]LogTemp: Env CWD: C:\Program Files\Epic Games\UE_4.16\Engine\Binaries\DotNET\IOS
[2017.11.25-13.40.51:680][  0]LogTemp: BranchPath = DESKTOP-0PG52OH/C/Program Files/Epic Games/UE_4.16/Engine/Binaries --- GameBranchPath = DESKTOP-0PG52OH/C/Program Files/Epic Games/UE_4.16/Engine/Binaries
[2017.11.25-13.40.51:680][  0]LogTemp: IPP ERROR: Could not find provision directory 'C:\Users\jordansoy\AppData\Local/Apple Computer/MobileDevice/Provisioning Profiles/'.
[2017.11.25-13.40.51:680][  0]LogRenderer: Reallocating scene render targets to support 784x284 NumSamples 1 (Frame:1).
[2017.11.25-13.40.52:013][  0]LogSlate: Took 0.005596 seconds to synchronously load lazily loaded font '../../../Engine/Content/Slate/Fonts/Roboto-Light.ttf' (159K)
[2017.11.25-13.40.52:096][  0]LogUObjectGlobals:Warning: Failed to find object 'Class None.'
[2017.11.25-13.40.52:172][  0]LogContentBrowser: Native class hierarchy updated for 'HierarchicalLODOutliner' in 0.0007 seconds. Added 1 classes and 2 folders.
[2017.11.25-13.40.52:172][  0]LogLoad: (Engine Initialization) Total time: 39.12 seconds
[2017.11.25-13.40.52:172][  0]LogLoad: (Engine Initialization) Total Blueprint compile time: 0.11 seconds
[2017.11.25-13.40.52:172][  0]LogExternalProfiler: Found external profiler: VSPerf
[2017.11.25-13.40.52:172][  0]LogExternalProfiler: Using external profiler: VSPerf
[2017.11.25-13.40.52:515][  0]LogOcInput: OculusInput pre-init called
[2017.11.25-13.40.52:515][  0]LogHMD: Starting GearVRController plugin
[2017.11.25-13.40.52:549][  0]LogContentStreaming: Texture pool size now 600 MB
[2017.11.25-13.40.52:846][  1]LogFileCache: Retrieving MD5 hashes for directory 'C:/Users/jordansoy/Documents/Unreal Projects/Supervivencia/Content/' took 0.32s
[2017.11.25-13.40.52:864][  1]LogAssetRegistry: Asset discovery search completed in 29.0967 seconds
[2017.11.25-13.40.52:867][  1]LogCollectionManager: Rebuilt the object cache for 0 collections in 0.000000 seconds (found 0 objects)
[2017.11.25-13.40.52:867][  1]LogCollectionManager: Fixed up redirectors for 0 collections in 0.000029 seconds (updated 0 objects)
[2017.11.25-13.40.53:520][  3]LogSlate: Took 0.000351 seconds to synchronously load lazily loaded font '../../../Engine/Content/Slate/Fonts/Roboto-Light.ttf' (159K)
[2017.11.25-13.40.58:002][114]LogTemp: Repeting last play command: Selected Viewport
[2017.11.25-13.40.58:075][114]LogPlayLevel: PlayLevel: No blueprints needed recompiling
[2017.11.25-13.40.58:077][114]PIE: New page: PIE session: Level2 (Nov 25, 2017, 3:40:58 PM)
[2017.11.25-13.40.58:077][114]LogPlayLevel: Creating play world package: /Game/UEDPIE_0_Level2
[2017.11.25-13.40.58:093][114]LogPlayLevel: PIE: StaticDuplicateObject took: (0.015513s)
[2017.11.25-13.40.58:094][114]LogAIModule: Creating AISystem for world Level2
[2017.11.25-13.40.58:094][114]LogPlayLevel: PIE: World Init took: (0.000836s)
[2017.11.25-13.40.58:094][114]LogPlayLevel: PIE: Created PIE world by copying editor world from /Game/Level2.Level2 to /Game/UEDPIE_0_Level2.Level2 (0.016631s)
[2017.11.25-13.40.58:139][114]LogInit: XAudio2 using 'Altavoces (USB headset BSF)' : 2 channels at 48 kHz using 16 bits per sample (channel mask 0x3)
[2017.11.25-13.40.58:153][114]LogInit: FAudioDevice initialized.
[2017.11.25-13.40.58:335][114]LogLoad: Game class is 'ModoSupervivencia_C'
[2017.11.25-13.40.58:340][114]LogWorld: Bringing World /Game/UEDPIE_0_Level2.Level2 up for play (max tick rate 60) at 2017.11.25-14.40.58
[2017.11.25-13.40.58:341][114]LogWorld: Bringing up level for play took: 0.003193
[2017.11.25-13.40.58:387][114]LogContentBrowser: Native class hierarchy updated for 'MovieSceneCapture' in 0.0007 seconds. Added 11 classes and 0 folders.
[2017.11.25-13.40.58:391][114]PIE: Info Play in editor start time for /Game/UEDPIE_0_Level2 -0.663
[2017.11.25-13.41.05:395][265]LogRenderer: Reallocating scene render targets to support 784x292 NumSamples 1 (Frame:110).
[2017.11.25-13.41.05:544][266]LogRenderer: Reallocating scene render targets to support 784x372 NumSamples 1 (Frame:112).
[2017.11.25-13.41.05:663][267]LogRenderer: Reallocating scene render targets to support 784x452 NumSamples 1 (Frame:114).
[2017.11.25-13.41.05:793][268]LogRenderer: Reallocating scene render targets to support 784x460 NumSamples 1 (Frame:116).
[2017.11.25-13.41.06:252][276]LogRenderer: Reallocating scene render targets to support 784x464 NumSamples 1 (Frame:125).
[2017.11.25-13.41.07:360][296]LogTemp: Repeting last play command: Selected Viewport
[2017.11.25-13.41.07:377][296]LogPlayLevel: PlayLevel: No blueprints needed recompiling
[2017.11.25-13.41.07:377][296]PIE: New page: PIE session: Level2 (Nov 25, 2017, 3:41:07 PM)
[2017.11.25-13.41.07:378][296]LogPlayLevel: Creating play world package: /Game/UEDPIE_0_Level2
[2017.11.25-13.41.07:390][296]LogPlayLevel: PIE: StaticDuplicateObject took: (0.012278s)
[2017.11.25-13.41.07:390][296]LogAIModule: Creating AISystem for world Level2
[2017.11.25-13.41.07:390][296]LogPlayLevel: PIE: World Init took: (0.000609s)
[2017.11.25-13.41.07:391][296]LogPlayLevel: PIE: Created PIE world by copying editor world from /Game/Level2.Level2 to /Game/UEDPIE_0_Level2.Level2 (0.013091s)
[2017.11.25-13.41.07:416][296]LogInit: XAudio2 using 'Altavoces (USB headset BSF)' : 2 channels at 48 kHz using 16 bits per sample (channel mask 0x3)
[2017.11.25-13.41.07:423][296]LogInit: FAudioDevice initialized.
[2017.11.25-13.41.07:460][296]LogLoad: Game class is 'ModoSupervivencia_C'
[2017.11.25-13.41.07:464][296]LogWorld: Bringing World /Game/UEDPIE_0_Level2.Level2 up for play (max tick rate 60) at 2017.11.25-14.41.07
[2017.11.25-13.41.07:464][296]LogWorld: Bringing up level for play took: 0.003123
[2017.11.25-13.41.07:465][296]PIE: Info Play in editor start time for /Game/UEDPIE_0_Level2 0.411
[2017.11.25-13.42.23:935][851]LogWindowsTextInputMethodSystem:Display: IME system now deactivated.
[2017.11.25-13.42.24:140][852]Cmd: QUIT_EDITOR
[2017.11.25-13.42.24:537][852]LogExit: Preparing to exit.
[2017.11.25-13.42.25:145][852]LogDirectoryWatcher: A directory notification for 'C:/Users/jordansoy/Documents/Unreal Projects/Supervivencia/Content/' was aborted.
[2017.11.25-13.42.25:161][852]LogExit: Editor shut down
[2017.11.25-13.42.25:163][852]LogExit: Transaction tracking system shut down
[2017.11.25-13.42.25:238][852]LogObj: Freed 0b from 0 cluster array pools.
[2017.11.25-13.42.25:238][852]LogExit: Object subsystem successfully closed.
[2017.11.25-13.42.25:260][852]LogD3D11RHI: Shutdown
[2017.11.25-13.42.25:260][852]LogD3D11RHI: CleanupD3DDevice
[2017.11.25-13.42.25:326][852]LogD3D11RHI: ~FD3D11DynamicRHI
[2017.11.25-13.42.25:343][852]LogModuleManager: Shutting down and abandoning module MovieSceneCapture (528)
[2017.11.25-13.42.25:343][852]LogModuleManager: Shutting down and abandoning module HierarchicalLODOutliner (526)
[2017.11.25-13.42.25:343][852]LogModuleManager: Shutting down and abandoning module ExternalImagePicker (524)
[2017.11.25-13.42.25:343][852]LogModuleManager: Shutting down and abandoning module CrashTracker (522)
[2017.11.25-13.42.25:343][852]LogModuleManager: Shutting down and abandoning module SceneOutliner (520)
[2017.11.25-13.42.25:343][852]LogModuleManager: Shutting down and abandoning module AddContentDialog (518)
[2017.11.25-13.42.25:346][852]LogDirectoryWatcher: A directory notification for 'C:/Program Files/Epic Games/UE_4.16/FeaturePacks/' was aborted.
[2017.11.25-13.42.25:346][852]LogModuleManager: Shutting down and abandoning module WidgetCarousel (517)
[2017.11.25-13.42.25:346][852]LogModuleManager: Shutting down and abandoning module EditorWidgets (514)
[2017.11.25-13.42.25:346][852]LogModuleManager: Shutting down and abandoning module CollectionManager (512)
[2017.11.25-13.42.25:346][852]LogDirectoryWatcher: A directory notification for 'C:/Users/jordansoy/Documents/Unreal Projects/Supervivencia/Content/Collections/' was aborted.
[2017.11.25-13.42.25:346][852]LogDirectoryWatcher: A directory notification for 'C:/Users/jordansoy/Documents/Unreal Projects/Supervivencia/Content/Developers/jordansoy/Collections/' was aborted.
[2017.11.25-13.42.25:346][852]LogDirectoryWatcher: A directory notification for 'C:/Users/jordansoy/Documents/Unreal Projects/Supervivencia/Saved/Collections/' was aborted.
[2017.11.25-13.42.25:346][852]LogModuleManager: Shutting down and abandoning module StatsViewer (510)
[2017.11.25-13.42.25:347][852]LogModuleManager: Shutting down and abandoning module FoliageEdit (508)
[2017.11.25-13.42.25:347][852]LogModuleManager: Shutting down and abandoning module LandscapeEditor (506)
[2017.11.25-13.42.25:347][852]LogModuleManager: Shutting down and abandoning module MeshPaintMode (504)
[2017.11.25-13.42.25:347][852]LogModuleManager: Shutting down and abandoning module SceneDepthPickerMode (502)
[2017.11.25-13.42.25:347][852]LogModuleManager: Shutting down and abandoning module ActorPickerMode (500)
[2017.11.25-13.42.25:347][852]LogModuleManager: Shutting down and abandoning module GeometryMode (498)
[2017.11.25-13.42.25:347][852]LogModuleManager: Shutting down and abandoning module TextureAlignMode (496)
[2017.11.25-13.42.25:347][852]LogModuleManager: Shutting down and abandoning module BspMode (494)
[2017.11.25-13.42.25:347][852]LogModuleManager: Shutting down and abandoning module HardwareSurvey (492)
[2017.11.25-13.42.25:347][852]LogModuleManager: Shutting down and abandoning module SequenceRecorderSections (490)
[2017.11.25-13.42.25:347][852]LogModuleManager: Shutting down and abandoning module AutomationWorker (488)
[2017.11.25-13.42.25:347][852]LogModuleManager: Shutting down and abandoning module MatineeToLevelSequence (486)
[2017.11.25-13.42.25:347][852]LogModuleManager: Shutting down and abandoning module LevelSequenceEditor (484)
[2017.11.25-13.42.25:347][852]LogModuleManager: Shutting down and abandoning module PlacementMode (483)
[2017.11.25-13.42.25:347][852]LogModuleManager: Shutting down and abandoning module WmfMediaFactory (480)
[2017.11.25-13.42.25:347][852]LogModuleManager: Shutting down and abandoning module WmfMediaEditor (478)
[2017.11.25-13.42.25:347][852]LogModuleManager: Shutting down and abandoning module AvfMediaFactory (476)
[2017.11.25-13.42.25:347][852]LogModuleManager: Shutting down and abandoning module AvfMediaEditor (474)
[2017.11.25-13.42.25:347][852]LogModuleManager: Shutting down and abandoning module AndroidMediaFactory (472)
[2017.11.25-13.42.25:347][852]LogModuleManager: Shutting down and abandoning module Media (471)
[2017.11.25-13.42.25:347][852]LogModuleManager: Shutting down and abandoning module AndroidMediaEditor (468)
[2017.11.25-13.42.25:347][852]LogModuleManager: Shutting down and abandoning module CharacterAI (466)
[2017.11.25-13.42.25:347][852]LogModuleManager: Shutting down and abandoning module AudioCapture (464)
[2017.11.25-13.42.25:347][852]LogModuleManager: Shutting down and abandoning module SequenceRecorder (463)
[2017.11.25-13.42.25:347][852]LogModuleManager: Shutting down and abandoning module SmartSnapping (460)
[2017.11.25-13.42.25:347][852]LogModuleManager: Shutting down and abandoning module SessionServices (458)
[2017.11.25-13.42.25:347][852]LogModuleManager: Shutting down and abandoning module ViewportSnapping (456)
[2017.11.25-13.42.25:347][852]LogModuleManager: Shutting down and abandoning module ViewportInteraction (454)
[2017.11.25-13.42.25:347][852]LogModuleManager: Shutting down and abandoning module ClothPainter (452)
[2017.11.25-13.42.25:347][852]LogModuleManager: Shutting down and abandoning module LogVisualizer (450)
[2017.11.25-13.42.25:347][852]LogModuleManager: Shutting down and abandoning module IntroTutorials (448)
[2017.11.25-13.42.25:347][852]LogModuleManager: Shutting down and abandoning module GameProjectGeneration (447)
[2017.11.25-13.42.25:347][852]LogModuleManager: Shutting down and abandoning module EditorLiveStreaming (444)
[2017.11.25-13.42.25:347][852]LogModuleManager: Shutting down and abandoning module IOSPlatformEditor (442)
[2017.11.25-13.42.25:347][852]LogModuleManager: Shutting down and abandoning module HTML5PlatformEditor (440)
[2017.11.25-13.42.25:347][852]LogModuleManager: Shutting down and abandoning module AndroidPlatformEditor (438)
[2017.11.25-13.42.25:347][852]LogModuleManager: Shutting down and abandoning module AndroidDeviceDetection (437)
[2017.11.25-13.42.25:834][852]LogModuleManager: Shutting down and abandoning module IOSRuntimeSettings (434)
[2017.11.25-13.42.25:834][852]LogModuleManager: Shutting down and abandoning module AndroidRuntimeSettings (432)
[2017.11.25-13.42.25:834][852]LogModuleManager: Shutting down and abandoning module InputBindingEditor (430)
[2017.11.25-13.42.25:834][852]LogModuleManager: Shutting down and abandoning module MergeActors (428)
[2017.11.25-13.42.25:834][852]LogModuleManager: Shutting down and abandoning module SizeMap (426)
[2017.11.25-13.42.25:834][852]LogModuleManager: Shutting down and abandoning module TreeMap (424)
[2017.11.25-13.42.25:835][852]LogModuleManager: Shutting down and abandoning module ReferenceViewer (422)
[2017.11.25-13.42.25:835][852]LogModuleManager: Shutting down and abandoning module LocalizationDashboard (420)
[2017.11.25-13.42.25:835][852]LogModuleManager: Shutting down and abandoning module LocalizationService (419)
[2017.11.25-13.42.25:836][852]LogModuleManager: Shutting down and abandoning module HardwareTargeting (416)
[2017.11.25-13.42.25:836][852]LogModuleManager: Shutting down and abandoning module DeviceProfileEditor (414)
[2017.11.25-13.42.25:836][852]LogModuleManager: Shutting down and abandoning module UndoHistory (412)
[2017.11.25-13.42.25:836][852]LogModuleManager: Shutting down and abandoning module UserFeedback (410)
[2017.11.25-13.42.25:836][852]LogModuleManager: Shutting down and abandoning module XmlParser (408)
[2017.11.25-13.42.25:836][852]LogModuleManager: Shutting down and abandoning module Blutility (406)
[2017.11.25-13.42.25:836][852]LogModuleManager: Shutting down and abandoning module ProjectSettingsViewer (404)
[2017.11.25-13.42.25:836][852]LogModuleManager: Shutting down and abandoning module ProjectTargetPlatformEditor (403)
[2017.11.25-13.42.25:836][852]LogModuleManager: Shutting down and abandoning module EditorSettingsViewer (400)
[2017.11.25-13.42.25:836][852]LogModuleManager: Shutting down and abandoning module SettingsEditor (398)
[2017.11.25-13.42.25:836][852]LogModuleManager: Shutting down and abandoning module ProjectLauncher (396)
[2017.11.25-13.42.25:836][852]LogModuleManager: Shutting down and abandoning module SessionFrontend (394)
[2017.11.25-13.42.25:836][852]LogModuleManager: Shutting down and abandoning module ProfilerClient (392)
[2017.11.25-13.42.25:836][852]LogModuleManager: Shutting down and abandoning module DeviceManager (390)
[2017.11.25-13.42.25:836][852]LogModuleManager: Shutting down and abandoning module TargetDeviceServices (389)
[2017.11.25-13.42.25:900][852]LogModuleManager: Shutting down and abandoning module AutomationController (386)
[2017.11.25-13.42.25:900][852]LogModuleManager: Shutting down and abandoning module AutomationWindow (384)
[2017.11.25-13.42.25:900][852]LogModuleManager: Shutting down and abandoning module Layers (382)
[2017.11.25-13.42.25:900][852]LogModuleManager: Shutting down and abandoning module ComponentVisualizers (380)
[2017.11.25-13.42.25:900][852]LogModuleManager: Shutting down and abandoning module DetailCustomizations (378)
[2017.11.25-13.42.25:900][852]LogModuleManager: Shutting down and abandoning module PackagesDialog (376)
[2017.11.25-13.42.25:900][852]LogModuleManager: Shutting down and abandoning module Persona (374)
[2017.11.25-13.42.25:900][852]LogModuleManager: Shutting down and abandoning module AdvancedPreviewScene (373)
[2017.11.25-13.42.25:900][852]LogModuleManager: Shutting down and abandoning module AnimGraph (371)
[2017.11.25-13.42.25:900][852]LogModuleManager: Shutting down and abandoning module Kismet (368)
[2017.11.25-13.42.25:900][852]LogModuleManager: Shutting down and abandoning module ClassViewer (366)
[2017.11.25-13.42.25:900][852]LogModuleManager: Shutting down and abandoning module Toolbox (364)
[2017.11.25-13.42.25:900][852]LogModuleManager: Shutting down and abandoning module ModuleUI (362)
[2017.11.25-13.42.25:900][852]LogModuleManager: Shutting down and abandoning module MovieSceneTools (360)
[2017.11.25-13.42.25:900][852]LogModuleManager: Shutting down and abandoning module OutputLog (358)
[2017.11.25-13.42.25:900][852]LogModuleManager: Shutting down and abandoning module GammaUI (356)
[2017.11.25-13.42.25:900][852]LogModuleManager: Shutting down and abandoning module Documentation (354)
[2017.11.25-13.42.25:900][852]LogModuleManager: Shutting down and abandoning module MovieSceneTracks (352)
[2017.11.25-13.42.25:900][852]LogModuleManager: Shutting down and abandoning module MovieScene (350)
[2017.11.25-13.42.25:901][852]LogModuleManager: Shutting down and abandoning module Niagara (348)
[2017.11.25-13.42.25:901][852]LogModuleManager: Shutting down and abandoning module NiagaraEditor (347)
[2017.11.25-13.42.25:901][852]LogModuleManager: Shutting down and abandoning module StreamingPauseRendering (344)
[2017.11.25-13.42.25:901][852]LogModuleManager: Shutting down and abandoning module AnalyticsET (342)
[2017.11.25-13.42.25:901][852]LogModuleManager: Shutting down and abandoning module PortalServices (340)
[2017.11.25-13.42.25:901][852]LogModuleManager: Shutting down and abandoning module PortalRpc (338)
[2017.11.25-13.42.25:901][852]LogModuleManager: Shutting down and abandoning module MessagingRpc (336)
[2017.11.25-13.42.25:901][852]LogModuleManager: Shutting down and abandoning module AIModule (334)
[2017.11.25-13.42.25:901][852]LogModuleManager: Shutting down and abandoning module GameplayDebugger (333)
[2017.11.25-13.42.25:901][852]LogModuleManager: Shutting down and abandoning module AITestSuite (331)
[2017.11.25-13.42.25:901][852]LogModuleManager: Shutting down and abandoning module ProfilerService (328)
[2017.11.25-13.42.25:994][852]LogModuleManager: Shutting down and abandoning module TaskGraph (326)
[2017.11.25-13.42.25:994][852]LogModuleManager: Shutting down and abandoning module SteamVRController (324)
[2017.11.25-13.42.25:994][852]LogModuleManager: Shutting down and abandoning module SteamVR (322)
[2017.11.25-13.42.25:994][852]LogModuleManager: Shutting down and abandoning module ProceduralMeshComponentEditor (320)
[2017.11.25-13.42.25:994][852]LogModuleManager: Shutting down and abandoning module ProceduralMeshComponent (318)
[2017.11.25-13.42.25:994][852]LogModuleManager: Shutting down and abandoning module OculusLibrary (316)
[2017.11.25-13.42.25:994][852]LogModuleManager: Shutting down and abandoning module OculusInput (314)
[2017.11.25-13.42.25:994][852]LogModuleManager: Shutting down and abandoning module MobilePatchingUtils (312)
[2017.11.25-13.42.25:994][852]LogModuleManager: Shutting down and abandoning module CustomMeshComponent (310)
[2017.11.25-13.42.25:994][852]LogModuleManager: Shutting down and abandoning module CableComponent (308)
[2017.11.25-13.42.25:994][852]LogModuleManager: Shutting down and abandoning module ArchVisCharacter (306)
[2017.11.25-13.42.25:994][852]LogModuleManager: Shutting down and abandoning module AndroidPermission (304)
[2017.11.25-13.42.25:994][852]LogModuleManager: Shutting down and abandoning module MediaPlayerEditor (300)
[2017.11.25-13.42.25:994][852]LogModuleManager: Shutting down and abandoning module HTML5Networking (298)
[2017.11.25-13.42.25:994][852]LogModuleManager: Shutting down and abandoning module AlembicImporter (296)
[2017.11.25-13.42.25:995][852]LogModuleManager: Shutting down and abandoning module AlembicLibrary (295)
[2017.11.25-13.42.25:995][852]LogModuleManager: Shutting down and abandoning module GeometryCache (294)
[2017.11.25-13.42.25:995][852]LogModuleManager: Shutting down and abandoning module GeometryCacheEd (293)
[2017.11.25-13.42.25:995][852]LogModuleManager: Shutting down and abandoning module SuperSearchEditor (288)
[2017.11.25-13.42.25:995][852]LogModuleManager: Shutting down and abandoning module SuperSearch (287)
[2017.11.25-13.42.25:995][852]LogModuleManager: Shutting down and abandoning module SpeedTreeImporter (284)
[2017.11.25-13.42.25:995][852]LogModuleManager: Shutting down and abandoning module PluginBrowser (282)
[2017.11.25-13.42.25:995][852]LogModuleManager: Shutting down and abandoning module MobileLauncherProfileWizard (280)
[2017.11.25-13.42.25:995][852]LogModuleManager: Shutting down and abandoning module VisualStudioSourceCodeAccess (278)
[2017.11.25-13.42.25:995][852]LogModuleManager: Shutting down and abandoning module DesktopPlatform (277)
[2017.11.25-13.42.25:995][852]LogModuleManager: Shutting down and abandoning module UObjectPlugin (274)
[2017.11.25-13.42.25:995][852]LogModuleManager: Shutting down and abandoning module SubversionSourceControl (272)
[2017.11.25-13.42.25:995][852]LogModuleManager: Shutting down and abandoning module PerforceSourceControl (270)
[2017.11.25-13.42.25:995][852]LogModuleManager: Shutting down and abandoning module GitSourceControl (268)
[2017.11.25-13.42.25:995][852]LogModuleManager: Shutting down and abandoning module SourceControl (267)
[2017.11.25-13.42.25:995][852]LogModuleManager: Shutting down and abandoning module LightPropagationVolumeEditor (264)
[2017.11.25-13.42.25:995][852]LogModuleManager: Shutting down and abandoning module PaperTiledImporter (262)
[2017.11.25-13.42.25:995][852]LogModuleManager: Shutting down and abandoning module PaperSpriteSheetImporter (260)
[2017.11.25-13.42.25:995][852]LogModuleManager: Shutting down and abandoning module Paper2DEditor (258)
[2017.11.25-13.42.25:995][852]LogModuleManager: Shutting down and abandoning module MeshPaint (257)
[2017.11.25-13.42.25:995][852]LogModuleManager: Shutting down and abandoning module LevelEditor (255)
[2017.11.25-13.42.25:996][852]LogModuleManager: Shutting down and abandoning module PixelInspectorModule (254)
[2017.11.25-13.42.25:996][852]LogModuleManager: Shutting down and abandoning module MainFrame (252)
[2017.11.25-13.42.25:996][852]LogModuleManager: Shutting down and abandoning module HotReload (251)
[2017.11.25-13.42.25:996][852]LogModuleManager: Shutting down and abandoning module PhysXVehiclesEditor (246)
[2017.11.25-13.42.25:996][852]LogModuleManager: Shutting down and abandoning module PhysXVehicles (244)
[2017.11.25-13.42.25:996][852]LogModuleManager: Shutting down and abandoning module LocationServicesBPLibrary (242)
[2017.11.25-13.42.25:996][852]LogModuleManager: Shutting down and abandoning module ImmediatePhysicsEditor (240)
[2017.11.25-13.42.25:996][852]LogModuleManager: Shutting down and abandoning module ImmediatePhysics (238)
[2017.11.25-13.42.25:996][852]LogModuleManager: Shutting down and abandoning module UdpMessaging (236)
[2017.11.25-13.42.26:097][852]LogModuleManager: Shutting down and abandoning module TcpMessaging (234)
[2017.11.25-13.42.26:197][852]LogModuleManager: Shutting down and abandoning module GameplayTagsEditor (232)
[2017.11.25-13.42.26:197][852]LogModuleManager: Shutting down and abandoning module FacialAnimationEditor (230)
[2017.11.25-13.42.26:197][852]LogModuleManager: Shutting down and abandoning module FacialAnimation (228)
[2017.11.25-13.42.26:197][852]LogModuleManager: Shutting down and abandoning module AssetManagerEditor (226)
[2017.11.25-13.42.26:197][852]LogModuleManager: Shutting down and abandoning module GraphEditor (225)
[2017.11.25-13.42.26:197][852]LogModuleManager: Shutting down and abandoning module ContentBrowser (223)
[2017.11.25-13.42.26:198][852]LogModuleManager: Shutting down and abandoning module LightPropagationVolumeRuntime (220)
[2017.11.25-13.42.26:198][852]LogModuleManager: Shutting down and abandoning module Paper2D (218)
[2017.11.25-13.42.26:198][852]LogModuleManager: Shutting down and abandoning module WindowsMoviePlayer (216)
[2017.11.25-13.42.26:198][852]LogModuleManager: Shutting down and abandoning module WmfMedia (214)
[2017.11.25-13.42.26:198][852]LogModuleManager: Shutting down and abandoning module ClothingSystemEditor (212)
[2017.11.25-13.42.26:198][852]LogModuleManager: Shutting down and abandoning module ClothingSystemRuntime (210)
[2017.11.25-13.42.26:198][852]LogModuleManager: Shutting down and abandoning module MediaAssets (208)
[2017.11.25-13.42.26:198][852]LogModuleManager: Shutting down and abandoning module GameLiveStreaming (206)
[2017.11.25-13.42.26:198][852]LogModuleManager: Shutting down and abandoning module VREditor (204)
[2017.11.25-13.42.26:198][852]LogModuleManager: Shutting down and abandoning module StringTableEditor (202)
[2017.11.25-13.42.26:198][852]LogModuleManager: Shutting down and abandoning module GameplayTasksEditor (200)
[2017.11.25-13.42.26:198][852]LogModuleManager: Shutting down and abandoning module BehaviorTreeEditor (198)
[2017.11.25-13.42.26:198][852]LogModuleManager: Shutting down and abandoning module FunctionalTesting (196)
[2017.11.25-13.42.26:198][852]LogModuleManager: Shutting down and abandoning module CollisionAnalyzer (194)
[2017.11.25-13.42.26:198][852]LogModuleManager: Shutting down and abandoning module UMG (192)
[2017.11.25-13.42.26:198][852]LogModuleManager: Shutting down and abandoning module UMGEditor (191)
[2017.11.25-13.42.26:198][852]LogModuleManager: Shutting down and abandoning module Sequencer (190)
[2017.11.25-13.42.26:198][852]LogModuleManager: Shutting down and abandoning module AssetTools (188)
[2017.11.25-13.42.26:198][852]LogModuleManager: Shutting down and abandoning module MessageLog (187)
[2017.11.25-13.42.26:198][852]LogModuleManager: Shutting down and abandoning module WorkspaceMenuStructure (186)
[2017.11.25-13.42.26:198][852]LogModuleManager: Shutting down and abandoning module SlateReflector (180)
[2017.11.25-13.42.26:198][852]LogModuleManager: Shutting down and abandoning module Slate (178)
[2017.11.25-13.42.26:198][852]LogModuleManager: Shutting down and abandoning module EditorStyle (176)
[2017.11.25-13.42.26:201][852]LogModuleManager: Shutting down and abandoning module SourceCodeAccess (174)
[2017.11.25-13.42.26:201][852]LogModuleManager: Shutting down and abandoning module HeadMountedDisplay (172)
[2017.11.25-13.42.26:201][852]LogModuleManager: Shutting down and abandoning module XAudio2 (170)
[2017.11.25-13.42.26:201][852]LogModuleManager: Shutting down and abandoning module Networking (168)
[2017.11.25-13.42.26:201][852]LogModuleManager: Shutting down and abandoning module Core (164)
[2017.11.25-13.42.26:201][852]LogModuleManager: Shutting down and abandoning module AssetRegistry (162)
[2017.11.25-13.42.26:406][852]LogDirectoryWatcher: A directory notification for '../../../Engine/Content/' was aborted.
[2017.11.25-13.42.26:407][852]LogDirectoryWatcher: A directory notification for '../../../../../../Users/jordansoy/Documents/Unreal Projects/Supervivencia/Content/' was aborted.
[2017.11.25-13.42.26:407][852]LogDirectoryWatcher: A directory notification for '../../../Engine/Plugins/2D/Paper2D/Content/' was aborted.
[2017.11.25-13.42.26:407][852]LogDirectoryWatcher: A directory notification for '../../../Engine/Plugins/Runtime/GearVR/Content/' was aborted.
[2017.11.25-13.42.26:410][852]LogModuleManager: Shutting down and abandoning module DirectoryWatcher (161)
[2017.11.25-13.42.26:411][852]LogModuleManager: Shutting down and abandoning module KismetCompiler (158)
[2017.11.25-13.42.26:411][852]LogModuleManager: Shutting down and abandoning module LevelSequence (156)
[2017.11.25-13.42.26:411][852]LogModuleManager: Shutting down and abandoning module PhysXFormats (154)
[2017.11.25-13.42.26:411][852]LogModuleManager: Shutting down and abandoning module MeshUtilities (152)
[2017.11.25-13.42.26:411][852]LogModuleManager: Shutting down and abandoning module SimplygonSwarm (151)
[2017.11.25-13.42.26:411][852]LogModuleManager: Shutting down and abandoning module SimplygonMeshReduction (149)
[2017.11.25-13.42.26:411][852]LogModuleManager: Shutting down and abandoning module QuadricMeshReduction (147)
[2017.11.25-13.42.26:411][852]LogModuleManager: Shutting down and abandoning module DerivedDataCache (144)
[2017.11.25-13.42.26:748][852]LogDerivedDataCache: Shutdown
[2017.11.25-13.42.26:748][852]LogModuleManager: Shutting down and abandoning module TargetPlatform (142)
[2017.11.25-13.42.26:748][852]LogModuleManager: Shutting down and abandoning module VulkanShaderFormat (141)
[2017.11.25-13.42.26:748][852]LogModuleManager: Shutting down and abandoning module ShaderFormatVectorVM (139)
[2017.11.25-13.42.26:748][852]LogModuleManager: Shutting down and abandoning module ShaderFormatOpenGL (137)
[2017.11.25-13.42.26:748][852]LogModuleManager: Shutting down and abandoning module ShaderFormatD3D (135)
[2017.11.25-13.42.26:748][852]LogModuleManager: Shutting down and abandoning module MetalShaderFormat (133)
[2017.11.25-13.42.26:748][852]LogModuleManager: Shutting down and abandoning module TextureFormatUncompressed (131)
[2017.11.25-13.42.26:748][852]LogModuleManager: Shutting down and abandoning module TextureFormatPVR (129)
[2017.11.25-13.42.26:748][852]LogModuleManager: Shutting down and abandoning module TextureFormatDXT (127)
[2017.11.25-13.42.26:748][852]LogModuleManager: Shutting down and abandoning module TextureFormatIntelISPCTexComp (125)
[2017.11.25-13.42.26:748][852]LogModuleManager: Shutting down and abandoning module TextureFormatASTC (123)
[2017.11.25-13.42.26:748][852]LogModuleManager: Shutting down and abandoning module ImageWrapper (122)
[2017.11.25-13.42.26:748][852]LogModuleManager: Shutting down and abandoning module TextureFormatAndroid (119)
[2017.11.25-13.42.26:748][852]LogModuleManager: Shutting down and abandoning module AudioFormatOpus (117)
[2017.11.25-13.42.26:748][852]LogModuleManager: Shutting down and abandoning module AudioFormatOgg (115)
[2017.11.25-13.42.26:748][852]LogModuleManager: Shutting down and abandoning module AudioFormatADPCM (113)
[2017.11.25-13.42.26:748][852]LogModuleManager: Shutting down and abandoning module LinuxTargetPlatform (111)
[2017.11.25-13.42.26:748][852]LogModuleManager: Shutting down and abandoning module LinuxServerTargetPlatform (109)
[2017.11.25-13.42.26:748][852]LogModuleManager: Shutting down and abandoning module LinuxNoEditorTargetPlatform (107)
[2017.11.25-13.42.26:748][852]LogModuleManager: Shutting down and abandoning module LinuxClientTargetPlatform (105)
[2017.11.25-13.42.26:748][852]LogModuleManager: Shutting down and abandoning module TVOSTargetPlatform (103)
[2017.11.25-13.42.26:748][852]LogModuleManager: Shutting down and abandoning module Messaging (101)
[2017.11.25-13.42.26:748][852]LogModuleManager: Shutting down and abandoning module IOSTargetPlatform (99)
[2017.11.25-13.42.26:748][852]LogModuleManager: Shutting down and abandoning module HTML5TargetPlatform (97)
[2017.11.25-13.42.26:748][852]LogModuleManager: Shutting down and abandoning module Android_PVRTCTargetPlatform (95)
[2017.11.25-13.42.26:748][852]LogModuleManager: Shutting down and abandoning module Android_MultiTargetPlatform (93)
[2017.11.25-13.42.26:748][852]LogModuleManager: Shutting down and abandoning module Android_ETC2TargetPlatform (91)
[2017.11.25-13.42.26:748][852]LogModuleManager: Shutting down and abandoning module Android_ETC1TargetPlatform (89)
[2017.11.25-13.42.26:748][852]LogModuleManager: Shutting down and abandoning module Android_DXTTargetPlatform (87)
[2017.11.25-13.42.26:748][852]LogModuleManager: Shutting down and abandoning module Android_ATCTargetPlatform (85)
[2017.11.25-13.42.26:748][852]LogModuleManager: Shutting down and abandoning module Android_ASTCTargetPlatform (83)
[2017.11.25-13.42.26:748][852]LogModuleManager: Shutting down and abandoning module AndroidTargetPlatform (81)
[2017.11.25-13.42.26:748][852]LogModuleManager: Shutting down and abandoning module WindowsTargetPlatform (79)
[2017.11.25-13.42.26:748][852]LogModuleManager: Shutting down and abandoning module WindowsServerTargetPlatform (77)
[2017.11.25-13.42.26:748][852]LogModuleManager: Shutting down and abandoning module WindowsNoEditorTargetPlatform (75)
[2017.11.25-13.42.26:748][852]LogModuleManager: Shutting down and abandoning module WindowsClientTargetPlatform (73)
[2017.11.25-13.42.26:748][852]LogModuleManager: Shutting down and abandoning module MacTargetPlatform (71)
[2017.11.25-13.42.26:748][852]LogModuleManager: Shutting down and abandoning module MacServerTargetPlatform (69)
[2017.11.25-13.42.26:748][852]LogModuleManager: Shutting down and abandoning module MacNoEditorTargetPlatform (67)
[2017.11.25-13.42.26:748][852]LogModuleManager: Shutting down and abandoning module MacClientTargetPlatform (65)
[2017.11.25-13.42.26:748][852]LogModuleManager: Shutting down and abandoning module AllDesktopTargetPlatform (63)
[2017.11.25-13.42.26:748][852]LogModuleManager: Shutting down and abandoning module InputCore (60)
[2017.11.25-13.42.26:748][852]LogModuleManager: Shutting down and abandoning module Settings (58)
[2017.11.25-13.42.26:748][852]LogModuleManager: Shutting down and abandoning module OculusRift (56)
[2017.11.25-13.42.26:748][852]LogModuleManager: Shutting down and abandoning module GearVRController (54)
[2017.11.25-13.42.26:748][852]LogModuleManager: Shutting down and abandoning module GearVR (52)
[2017.11.25-13.42.26:749][852]LogModuleManager: Shutting down and abandoning module ExampleDeviceProfileSelector (50)
[2017.11.25-13.42.26:749][852]LogModuleManager: Shutting down and abandoning module OnlineBlueprintSupport (48)
[2017.11.25-13.42.26:749][852]LogModuleManager: Shutting down and abandoning module OnlineSubsystem (44)
[2017.11.25-13.42.26:749][852]LogOnline:Display: Unloading online subsystem: NULL
[2017.11.25-13.42.26:749][852]LogModuleManager: Shutting down and abandoning module XMPP (43)
[2017.11.25-13.42.26:749][852]LogModuleManager: Shutting down and abandoning module HTTP (41)
[2017.11.25-13.42.26:749][852]LogHttp:Display: Http module shutting down, but needs to wait on 1 outstanding Http requests:
[2017.11.25-13.42.26:749][852]LogHttp:Display: 	verb=[POST] url=[https://datarouter.ol.epicgames.com/datarouter/api/v1/public/data?SessionID=%7BE95F97A7-48BC-FCC5-ED6F-CAB7793B79A8%7D&AppID=UEEditor.Rocket.Release&AppVersion=4.16.3-3561208%2B%2B%2BUE4%2BRelease-4.16&UserID=55d5e35549391aeed6dbefa12c62ecd4%7C54df08e254f74fdab59a7e97ca138ec8%7C724b85d6-052f-4a43-aa7d-40a7b4070990&AppEnvironment=datacollector-binary&UploadType=eteventstream] status=Processing
[2017.11.25-13.42.26:781][852]LogModuleManager: Shutting down and abandoning module SSL (40)
[2017.11.25-13.42.26:782][852]LogModuleManager: Shutting down and abandoning module HTTPChunkInstaller (36)
[2017.11.25-13.42.26:782][852]LogModuleManager: Shutting down and abandoning module AnimationModifiers (34)
[2017.11.25-13.42.26:782][852]LogModuleManager: Shutting down and abandoning module PropertyEditor (33)
[2017.11.25-13.42.26:782][852]LogModuleManager: Shutting down and abandoning module AudioEditor (30)
[2017.11.25-13.42.26:782][852]LogModuleManager: Shutting down and abandoning module TextureCompressor (28)
[2017.11.25-13.42.26:782][852]LogModuleManager: Shutting down and abandoning module ShaderCore (26)
[2017.11.25-13.42.26:782][852]LogModuleManager: Shutting down and abandoning module Landscape (24)
[2017.11.25-13.42.26:782][852]LogModuleManager: Shutting down and abandoning module SlateRHIRenderer (22)
[2017.11.25-13.42.26:783][852]LogModuleManager: Shutting down and abandoning module OpenGLDrv (20)
[2017.11.25-13.42.26:784][852]LogModuleManager: Shutting down and abandoning module D3D11RHI (18)
[2017.11.25-13.42.26:784][852]LogModuleManager: Shutting down and abandoning module AnimGraphRuntime (16)
[2017.11.25-13.42.26:784][852]LogModuleManager: Shutting down and abandoning module Renderer (14)
[2017.11.25-13.42.26:784][852]LogModuleManager: Shutting down and abandoning module Engine (12)
[2017.11.25-13.42.26:784][852]LogModuleManager: Shutting down and abandoning module CoreUObject (10)
[2017.11.25-13.42.26:784][852]LogModuleManager: Shutting down and abandoning module NetworkFile (8)
[2017.11.25-13.42.26:784][852]LogModuleManager: Shutting down and abandoning module StreamingFile (6)
[2017.11.25-13.42.26:784][852]LogModuleManager: Shutting down and abandoning module SandboxFile (4)
[2017.11.25-13.42.26:784][852]LogModuleManager: Shutting down and abandoning module PakFile (2)
[2017.11.25-13.42.26:785][852]LogExit: Exiting.
[2017.11.25-13.42.26:802][852]Log file closed, 11/25/17 14:42:26
